[1.381s] Invoking command in '/home/ssafy/robot_ws/src/jetank_move_test': PYTHONPATH=/home/ssafy/robot_ws/src/build/SCSCtrl/prefix_override:/usr/lib/python3/dist-packages/colcon_core/task/python/colcon_distutils_commands:/home/ssafy/robot_ws/src/install/SCSCtrl/lib/python3.10/site-packages:${PYTHONPATH} /usr/bin/python3 -W ignore:setup.py install is deprecated -W ignore:easy_install command is deprecated setup.py egg_info --egg-base ../build/SCSCtrl build --build-base /home/ssafy/robot_ws/src/build/SCSCtrl/build install --record /home/ssafy/robot_ws/src/build/SCSCtrl/install.log --single-version-externally-managed
[1.682s] running egg_info
[1.683s] creating ../build/SCSCtrl/SCSCtrl.egg-info
[1.683s] writing ../build/SCSCtrl/SCSCtrl.egg-info/PKG-INFO
[1.683s] writing dependency_links to ../build/SCSCtrl/SCSCtrl.egg-info/dependency_links.txt
[1.684s] writing requirements to ../build/SCSCtrl/SCSCtrl.egg-info/requires.txt
[1.684s] writing top-level names to ../build/SCSCtrl/SCSCtrl.egg-info/top_level.txt
[1.684s] writing manifest file '../build/SCSCtrl/SCSCtrl.egg-info/SOURCES.txt'
[1.687s] reading manifest file '../build/SCSCtrl/SCSCtrl.egg-info/SOURCES.txt'
[1.688s] writing manifest file '../build/SCSCtrl/SCSCtrl.egg-info/SOURCES.txt'
[1.688s] running build
[1.688s] running build_py
[1.688s] creating /home/ssafy/robot_ws/src/build/SCSCtrl/build
[1.688s] creating /home/ssafy/robot_ws/src/build/SCSCtrl/build/lib
[1.688s] creating /home/ssafy/robot_ws/src/build/SCSCtrl/build/lib/SCSCtrl
[1.689s] copying SCSCtrl/__init__.py -> /home/ssafy/robot_ws/src/build/SCSCtrl/build/lib/SCSCtrl
[1.689s] copying SCSCtrl/TTLServo.py -> /home/ssafy/robot_ws/src/build/SCSCtrl/build/lib/SCSCtrl
[1.689s] creating /home/ssafy/robot_ws/src/build/SCSCtrl/build/lib/jetbot
[1.689s] copying jetbot/__init__.py -> /home/ssafy/robot_ws/src/build/SCSCtrl/build/lib/jetbot
[1.689s] copying jetbot/image.py -> /home/ssafy/robot_ws/src/build/SCSCtrl/build/lib/jetbot
[1.689s] copying jetbot/object_detection.py -> /home/ssafy/robot_ws/src/build/SCSCtrl/build/lib/jetbot
[1.689s] copying jetbot/robot.py -> /home/ssafy/robot_ws/src/build/SCSCtrl/build/lib/jetbot
[1.690s] copying jetbot/heartbeat.py -> /home/ssafy/robot_ws/src/build/SCSCtrl/build/lib/jetbot
[1.690s] copying jetbot/local_controller.py -> /home/ssafy/robot_ws/src/build/SCSCtrl/build/lib/jetbot
[1.690s] copying jetbot/jpeg_encoder.py -> /home/ssafy/robot_ws/src/build/SCSCtrl/build/lib/jetbot
[1.690s] copying jetbot/motor.py -> /home/ssafy/robot_ws/src/build/SCSCtrl/build/lib/jetbot
[1.690s] copying jetbot/tensorrt_model.py -> /home/ssafy/robot_ws/src/build/SCSCtrl/build/lib/jetbot
[1.690s] creating /home/ssafy/robot_ws/src/build/SCSCtrl/build/lib/SCSCtrl/scservo_sdk
[1.691s] copying SCSCtrl/scservo_sdk/__init__.py -> /home/ssafy/robot_ws/src/build/SCSCtrl/build/lib/SCSCtrl/scservo_sdk
[1.691s] copying SCSCtrl/scservo_sdk/packet_handler.py -> /home/ssafy/robot_ws/src/build/SCSCtrl/build/lib/SCSCtrl/scservo_sdk
[1.691s] copying SCSCtrl/scservo_sdk/group_sync_read.py -> /home/ssafy/robot_ws/src/build/SCSCtrl/build/lib/SCSCtrl/scservo_sdk
[1.691s] copying SCSCtrl/scservo_sdk/scservo_def.py -> /home/ssafy/robot_ws/src/build/SCSCtrl/build/lib/SCSCtrl/scservo_sdk
[1.691s] copying SCSCtrl/scservo_sdk/protocol_packet_handler.py -> /home/ssafy/robot_ws/src/build/SCSCtrl/build/lib/SCSCtrl/scservo_sdk
[1.691s] copying SCSCtrl/scservo_sdk/group_sync_write.py -> /home/ssafy/robot_ws/src/build/SCSCtrl/build/lib/SCSCtrl/scservo_sdk
[1.692s] copying SCSCtrl/scservo_sdk/port_handler.py -> /home/ssafy/robot_ws/src/build/SCSCtrl/build/lib/SCSCtrl/scservo_sdk
[1.692s] creating /home/ssafy/robot_ws/src/build/SCSCtrl/build/lib/jetbot/apps
[1.692s] copying jetbot/apps/__init__.py -> /home/ssafy/robot_ws/src/build/SCSCtrl/build/lib/jetbot/apps
[1.692s] copying jetbot/apps/wander.py -> /home/ssafy/robot_ws/src/build/SCSCtrl/build/lib/jetbot/apps
[1.692s] copying jetbot/apps/stats.py -> /home/ssafy/robot_ws/src/build/SCSCtrl/build/lib/jetbot/apps
[1.692s] creating /home/ssafy/robot_ws/src/build/SCSCtrl/build/lib/jetbot/ssd_tensorrt
[1.693s] copying jetbot/ssd_tensorrt/__init__.py -> /home/ssafy/robot_ws/src/build/SCSCtrl/build/lib/jetbot/ssd_tensorrt
[1.693s] copying jetbot/ssd_tensorrt/ssd_tensorrt.py -> /home/ssafy/robot_ws/src/build/SCSCtrl/build/lib/jetbot/ssd_tensorrt
[1.693s] creating /home/ssafy/robot_ws/src/build/SCSCtrl/build/lib/jetbot/camera
[1.693s] copying jetbot/camera/__init__.py -> /home/ssafy/robot_ws/src/build/SCSCtrl/build/lib/jetbot/camera
[1.693s] copying jetbot/camera/opencv_gst_camera.py -> /home/ssafy/robot_ws/src/build/SCSCtrl/build/lib/jetbot/camera
[1.693s] copying jetbot/camera/zmq_camera.py -> /home/ssafy/robot_ws/src/build/SCSCtrl/build/lib/jetbot/camera
[1.694s] copying jetbot/camera/camera_base.py -> /home/ssafy/robot_ws/src/build/SCSCtrl/build/lib/jetbot/camera
[1.694s] creating /home/ssafy/robot_ws/src/build/SCSCtrl/build/lib/jetbot/utils
[1.694s] copying jetbot/utils/__init__.py -> /home/ssafy/robot_ws/src/build/SCSCtrl/build/lib/jetbot/utils
[1.694s] copying jetbot/utils/utils.py -> /home/ssafy/robot_ws/src/build/SCSCtrl/build/lib/jetbot/utils
[1.694s] copying jetbot/utils/create_jupyter_service.py -> /home/ssafy/robot_ws/src/build/SCSCtrl/build/lib/jetbot/utils
[1.695s] copying jetbot/utils/create_stats_service.py -> /home/ssafy/robot_ws/src/build/SCSCtrl/build/lib/jetbot/utils
[1.696s] warning: build_py: byte-compiling is disabled, skipping.
[1.696s] 
[1.696s] running install
[1.696s] running install_lib
[1.697s] creating /home/ssafy/robot_ws/src/install/SCSCtrl/lib/python3.10/site-packages/SCSCtrl
[1.697s] copying /home/ssafy/robot_ws/src/build/SCSCtrl/build/lib/SCSCtrl/__init__.py -> /home/ssafy/robot_ws/src/install/SCSCtrl/lib/python3.10/site-packages/SCSCtrl
[1.697s] creating /home/ssafy/robot_ws/src/install/SCSCtrl/lib/python3.10/site-packages/SCSCtrl/scservo_sdk
[1.697s] copying /home/ssafy/robot_ws/src/build/SCSCtrl/build/lib/SCSCtrl/scservo_sdk/__init__.py -> /home/ssafy/robot_ws/src/install/SCSCtrl/lib/python3.10/site-packages/SCSCtrl/scservo_sdk
[1.698s] copying /home/ssafy/robot_ws/src/build/SCSCtrl/build/lib/SCSCtrl/scservo_sdk/packet_handler.py -> /home/ssafy/robot_ws/src/install/SCSCtrl/lib/python3.10/site-packages/SCSCtrl/scservo_sdk
[1.698s] copying /home/ssafy/robot_ws/src/build/SCSCtrl/build/lib/SCSCtrl/scservo_sdk/group_sync_read.py -> /home/ssafy/robot_ws/src/install/SCSCtrl/lib/python3.10/site-packages/SCSCtrl/scservo_sdk
[1.698s] copying /home/ssafy/robot_ws/src/build/SCSCtrl/build/lib/SCSCtrl/scservo_sdk/scservo_def.py -> /home/ssafy/robot_ws/src/install/SCSCtrl/lib/python3.10/site-packages/SCSCtrl/scservo_sdk
[1.698s] copying /home/ssafy/robot_ws/src/build/SCSCtrl/build/lib/SCSCtrl/scservo_sdk/protocol_packet_handler.py -> /home/ssafy/robot_ws/src/install/SCSCtrl/lib/python3.10/site-packages/SCSCtrl/scservo_sdk
[1.698s] copying /home/ssafy/robot_ws/src/build/SCSCtrl/build/lib/SCSCtrl/scservo_sdk/group_sync_write.py -> /home/ssafy/robot_ws/src/install/SCSCtrl/lib/python3.10/site-packages/SCSCtrl/scservo_sdk
[1.698s] copying /home/ssafy/robot_ws/src/build/SCSCtrl/build/lib/SCSCtrl/scservo_sdk/port_handler.py -> /home/ssafy/robot_ws/src/install/SCSCtrl/lib/python3.10/site-packages/SCSCtrl/scservo_sdk
[1.698s] copying /home/ssafy/robot_ws/src/build/SCSCtrl/build/lib/SCSCtrl/TTLServo.py -> /home/ssafy/robot_ws/src/install/SCSCtrl/lib/python3.10/site-packages/SCSCtrl
[1.699s] creating /home/ssafy/robot_ws/src/install/SCSCtrl/lib/python3.10/site-packages/jetbot
[1.699s] creating /home/ssafy/robot_ws/src/install/SCSCtrl/lib/python3.10/site-packages/jetbot/apps
[1.699s] copying /home/ssafy/robot_ws/src/build/SCSCtrl/build/lib/jetbot/apps/__init__.py -> /home/ssafy/robot_ws/src/install/SCSCtrl/lib/python3.10/site-packages/jetbot/apps
[1.699s] copying /home/ssafy/robot_ws/src/build/SCSCtrl/build/lib/jetbot/apps/wander.py -> /home/ssafy/robot_ws/src/install/SCSCtrl/lib/python3.10/site-packages/jetbot/apps
[1.699s] copying /home/ssafy/robot_ws/src/build/SCSCtrl/build/lib/jetbot/apps/stats.py -> /home/ssafy/robot_ws/src/install/SCSCtrl/lib/python3.10/site-packages/jetbot/apps
[1.699s] copying /home/ssafy/robot_ws/src/build/SCSCtrl/build/lib/jetbot/__init__.py -> /home/ssafy/robot_ws/src/install/SCSCtrl/lib/python3.10/site-packages/jetbot
[1.700s] creating /home/ssafy/robot_ws/src/install/SCSCtrl/lib/python3.10/site-packages/jetbot/ssd_tensorrt
[1.700s] copying /home/ssafy/robot_ws/src/build/SCSCtrl/build/lib/jetbot/ssd_tensorrt/__init__.py -> /home/ssafy/robot_ws/src/install/SCSCtrl/lib/python3.10/site-packages/jetbot/ssd_tensorrt
[1.700s] copying /home/ssafy/robot_ws/src/build/SCSCtrl/build/lib/jetbot/ssd_tensorrt/ssd_tensorrt.py -> /home/ssafy/robot_ws/src/install/SCSCtrl/lib/python3.10/site-packages/jetbot/ssd_tensorrt
[1.700s] copying /home/ssafy/robot_ws/src/build/SCSCtrl/build/lib/jetbot/image.py -> /home/ssafy/robot_ws/src/install/SCSCtrl/lib/python3.10/site-packages/jetbot
[1.700s] copying /home/ssafy/robot_ws/src/build/SCSCtrl/build/lib/jetbot/object_detection.py -> /home/ssafy/robot_ws/src/install/SCSCtrl/lib/python3.10/site-packages/jetbot
[1.700s] copying /home/ssafy/robot_ws/src/build/SCSCtrl/build/lib/jetbot/robot.py -> /home/ssafy/robot_ws/src/install/SCSCtrl/lib/python3.10/site-packages/jetbot
[1.700s] copying /home/ssafy/robot_ws/src/build/SCSCtrl/build/lib/jetbot/heartbeat.py -> /home/ssafy/robot_ws/src/install/SCSCtrl/lib/python3.10/site-packages/jetbot
[1.701s] copying /home/ssafy/robot_ws/src/build/SCSCtrl/build/lib/jetbot/local_controller.py -> /home/ssafy/robot_ws/src/install/SCSCtrl/lib/python3.10/site-packages/jetbot
[1.701s] creating /home/ssafy/robot_ws/src/install/SCSCtrl/lib/python3.10/site-packages/jetbot/camera
[1.701s] copying /home/ssafy/robot_ws/src/build/SCSCtrl/build/lib/jetbot/camera/__init__.py -> /home/ssafy/robot_ws/src/install/SCSCtrl/lib/python3.10/site-packages/jetbot/camera
[1.701s] copying /home/ssafy/robot_ws/src/build/SCSCtrl/build/lib/jetbot/camera/opencv_gst_camera.py -> /home/ssafy/robot_ws/src/install/SCSCtrl/lib/python3.10/site-packages/jetbot/camera
[1.701s] copying /home/ssafy/robot_ws/src/build/SCSCtrl/build/lib/jetbot/camera/zmq_camera.py -> /home/ssafy/robot_ws/src/install/SCSCtrl/lib/python3.10/site-packages/jetbot/camera
[1.701s] copying /home/ssafy/robot_ws/src/build/SCSCtrl/build/lib/jetbot/camera/camera_base.py -> /home/ssafy/robot_ws/src/install/SCSCtrl/lib/python3.10/site-packages/jetbot/camera
[1.701s] creating /home/ssafy/robot_ws/src/install/SCSCtrl/lib/python3.10/site-packages/jetbot/utils
[1.701s] copying /home/ssafy/robot_ws/src/build/SCSCtrl/build/lib/jetbot/utils/__init__.py -> /home/ssafy/robot_ws/src/install/SCSCtrl/lib/python3.10/site-packages/jetbot/utils
[1.702s] copying /home/ssafy/robot_ws/src/build/SCSCtrl/build/lib/jetbot/utils/utils.py -> /home/ssafy/robot_ws/src/install/SCSCtrl/lib/python3.10/site-packages/jetbot/utils
[1.702s] copying /home/ssafy/robot_ws/src/build/SCSCtrl/build/lib/jetbot/utils/create_jupyter_service.py -> /home/ssafy/robot_ws/src/install/SCSCtrl/lib/python3.10/site-packages/jetbot/utils
[1.702s] copying /home/ssafy/robot_ws/src/build/SCSCtrl/build/lib/jetbot/utils/create_stats_service.py -> /home/ssafy/robot_ws/src/install/SCSCtrl/lib/python3.10/site-packages/jetbot/utils
[1.702s] copying /home/ssafy/robot_ws/src/build/SCSCtrl/build/lib/jetbot/jpeg_encoder.py -> /home/ssafy/robot_ws/src/install/SCSCtrl/lib/python3.10/site-packages/jetbot
[1.702s] copying /home/ssafy/robot_ws/src/build/SCSCtrl/build/lib/jetbot/motor.py -> /home/ssafy/robot_ws/src/install/SCSCtrl/lib/python3.10/site-packages/jetbot
[1.702s] copying /home/ssafy/robot_ws/src/build/SCSCtrl/build/lib/jetbot/tensorrt_model.py -> /home/ssafy/robot_ws/src/install/SCSCtrl/lib/python3.10/site-packages/jetbot
[1.702s] warning: install_lib: byte-compiling is disabled, skipping.
[1.703s] 
[1.703s] running install_egg_info
[1.705s] Copying ../build/SCSCtrl/SCSCtrl.egg-info to /home/ssafy/robot_ws/src/install/SCSCtrl/lib/python3.10/site-packages/SCSCtrl-0.0.0-py3.10.egg-info
[1.705s] running install_scripts
[1.731s] writing list of installed files to '/home/ssafy/robot_ws/src/build/SCSCtrl/install.log'
[1.760s] Invoked command in '/home/ssafy/robot_ws/src/jetank_move_test' returned '0': PYTHONPATH=/home/ssafy/robot_ws/src/build/SCSCtrl/prefix_override:/usr/lib/python3/dist-packages/colcon_core/task/python/colcon_distutils_commands:/home/ssafy/robot_ws/src/install/SCSCtrl/lib/python3.10/site-packages:${PYTHONPATH} /usr/bin/python3 -W ignore:setup.py install is deprecated -W ignore:easy_install command is deprecated setup.py egg_info --egg-base ../build/SCSCtrl build --build-base /home/ssafy/robot_ws/src/build/SCSCtrl/build install --record /home/ssafy/robot_ws/src/build/SCSCtrl/install.log --single-version-externally-managed
