[35m[1mConsolidate compiler generated dependencies of target rc_nav2_bt_nodes[0m
[100%] Built target rc_nav2_bt_nodes
-- Install configuration: ""
-- Up-to-date: /home/ssafy/robot_ws/src/install/rc_nav2_bt_nodes/lib/librc_nav2_bt_nodes.so
-- Up-to-date: /home/ssafy/robot_ws/src/install/rc_nav2_bt_nodes/include
-- Up-to-date: /home/ssafy/robot_ws/src/install/rc_nav2_bt_nodes/include/rc_nav2_bt_nodes
-- Up-to-date: /home/ssafy/robot_ws/src/install/rc_nav2_bt_nodes/include/rc_nav2_bt_nodes/compute_approach_goals.hpp
-- Up-to-date: /home/ssafy/robot_ws/src/install/rc_nav2_bt_nodes/include/rc_nav2_bt_nodes/compute_approach_goal.hpp
-- Up-to-date: /home/ssafy/robot_ws/src/install/rc_nav2_bt_nodes/include/rc_nav2_bt_nodes/near_goal_stopped_condition.hpp
-- Up-to-date: /home/ssafy/robot_ws/src/install/rc_nav2_bt_nodes/share/rc_nav2_bt_nodes/behavior_tree
-- Up-to-date: /home/ssafy/robot_ws/src/install/rc_nav2_bt_nodes/share/rc_nav2_bt_nodes/behavior_tree/near_goal_stopped_bt_node.xml
-- Up-to-date: /home/ssafy/robot_ws/src/install/rc_nav2_bt_nodes/share/ament_index/resource_index/package_run_dependencies/rc_nav2_bt_nodes
-- Up-to-date: /home/ssafy/robot_ws/src/install/rc_nav2_bt_nodes/share/ament_index/resource_index/parent_prefix_path/rc_nav2_bt_nodes
-- Up-to-date: /home/ssafy/robot_ws/src/install/rc_nav2_bt_nodes/share/rc_nav2_bt_nodes/environment/ament_prefix_path.sh
-- Up-to-date: /home/ssafy/robot_ws/src/install/rc_nav2_bt_nodes/share/rc_nav2_bt_nodes/environment/ament_prefix_path.dsv
-- Up-to-date: /home/ssafy/robot_ws/src/install/rc_nav2_bt_nodes/share/rc_nav2_bt_nodes/environment/path.sh
-- Up-to-date: /home/ssafy/robot_ws/src/install/rc_nav2_bt_nodes/share/rc_nav2_bt_nodes/environment/path.dsv
-- Up-to-date: /home/ssafy/robot_ws/src/install/rc_nav2_bt_nodes/share/rc_nav2_bt_nodes/local_setup.bash
-- Up-to-date: /home/ssafy/robot_ws/src/install/rc_nav2_bt_nodes/share/rc_nav2_bt_nodes/local_setup.sh
-- Up-to-date: /home/ssafy/robot_ws/src/install/rc_nav2_bt_nodes/share/rc_nav2_bt_nodes/local_setup.zsh
-- Up-to-date: /home/ssafy/robot_ws/src/install/rc_nav2_bt_nodes/share/rc_nav2_bt_nodes/local_setup.dsv
-- Installing: /home/ssafy/robot_ws/src/install/rc_nav2_bt_nodes/share/rc_nav2_bt_nodes/package.dsv
-- Up-to-date: /home/ssafy/robot_ws/src/install/rc_nav2_bt_nodes/share/ament_index/resource_index/packages/rc_nav2_bt_nodes
-- Up-to-date: /home/ssafy/robot_ws/src/install/rc_nav2_bt_nodes/share/rc_nav2_bt_nodes/cmake/rc_nav2_bt_nodesConfig.cmake
-- Up-to-date: /home/ssafy/robot_ws/src/install/rc_nav2_bt_nodes/share/rc_nav2_bt_nodes/cmake/rc_nav2_bt_nodesConfig-version.cmake
-- Up-to-date: /home/ssafy/robot_ws/src/install/rc_nav2_bt_nodes/share/rc_nav2_bt_nodes/package.xml
