[0.126s] DEBUG:colcon:Command line arguments: ['/usr/bin/colcon', 'build']
[0.126s] DEBUG:colcon:Parsed command line arguments: Namespace(log_base=None, log_level=None, verb_name='build', build_base='build', install_base='install', merge_install=False, symlink_install=False, test_result_base=None, continue_on_error=False, executor='parallel', parallel_workers=16, event_handlers=None, ignore_user_meta=False, metas=['./colcon.meta'], base_paths=['.'], packages_ignore=None, packages_ignore_regex=None, paths=None, packages_up_to=None, packages_up_to_regex=None, packages_above=None, packages_above_and_dependencies=None, packages_above_depth=None, packages_select_by_dep=None, packages_skip_by_dep=None, packages_skip_up_to=None, packages_select_build_failed=False, packages_skip_build_finished=False, packages_select_test_failures=False, packages_skip_test_passed=False, packages_select=None, packages_skip=None, packages_select_regex=None, packages_skip_regex=None, packages_start=None, packages_end=None, allow_overriding=[], cmake_args=None, cmake_target=None, cmake_target_skip_unavailable=False, cmake_clean_cache=False, cmake_clean_first=False, cmake_force_configure=False, ament_cmake_args=None, catkin_cmake_args=None, catkin_skip_building_tests=False, verb_parser=<colcon_defaults.argument_parser.defaults.DefaultArgumentsDecorator object at 0x7325608f81c0>, verb_extension=<colcon_core.verb.build.BuildVerb object at 0x7325608b7c70>, main=<bound method BuildVerb.main of <colcon_core.verb.build.BuildVerb object at 0x7325608b7c70>>)
[0.349s] Level 1:colcon.colcon_core.package_discovery:discover_packages(colcon_meta) check parameters
[0.350s] Level 1:colcon.colcon_core.package_discovery:discover_packages(recursive) check parameters
[0.350s] Level 1:colcon.colcon_core.package_discovery:discover_packages(ignore) check parameters
[0.350s] Level 1:colcon.colcon_core.package_discovery:discover_packages(path) check parameters
[0.350s] Level 1:colcon.colcon_core.package_discovery:discover_packages(colcon_meta) discover
[0.350s] Level 1:colcon.colcon_core.package_discovery:discover_packages(recursive) discover
[0.350s] INFO:colcon.colcon_core.package_discovery:Crawling recursively for packages in '/home/ssafy/robot_ws/src'
[0.350s] Level 1:colcon.colcon_core.package_identification:_identify(.) by extensions ['ignore', 'ignore_ament_install']
[0.359s] Level 1:colcon.colcon_core.package_identification:_identify(.) by extension 'ignore'
[0.359s] Level 1:colcon.colcon_core.package_identification:_identify(.) by extension 'ignore_ament_install'
[0.359s] Level 1:colcon.colcon_core.package_identification:_identify(.) by extensions ['colcon_pkg']
[0.359s] Level 1:colcon.colcon_core.package_identification:_identify(.) by extension 'colcon_pkg'
[0.359s] Level 1:colcon.colcon_core.package_identification:_identify(.) by extensions ['colcon_meta']
[0.359s] Level 1:colcon.colcon_core.package_identification:_identify(.) by extension 'colcon_meta'
[0.359s] Level 1:colcon.colcon_core.package_identification:_identify(.) by extensions ['ros']
[0.359s] Level 1:colcon.colcon_core.package_identification:_identify(.) by extension 'ros'
[0.372s] Level 1:colcon.colcon_core.package_identification:_identify(.) by extensions ['cmake', 'python']
[0.372s] Level 1:colcon.colcon_core.package_identification:_identify(.) by extension 'cmake'
[0.372s] Level 1:colcon.colcon_core.package_identification:_identify(.) by extension 'python'
[0.372s] Level 1:colcon.colcon_core.package_identification:_identify(.) by extensions ['python_setup_py']
[0.372s] Level 1:colcon.colcon_core.package_identification:_identify(.) by extension 'python_setup_py'
[0.372s] Level 1:colcon.colcon_core.package_identification:_identify(build) by extensions ['ignore', 'ignore_ament_install']
[0.372s] Level 1:colcon.colcon_core.package_identification:_identify(build) by extension 'ignore'
[0.372s] Level 1:colcon.colcon_core.package_identification:_identify(build) ignored
[0.373s] Level 1:colcon.colcon_core.package_identification:_identify(install) by extensions ['ignore', 'ignore_ament_install']
[0.373s] Level 1:colcon.colcon_core.package_identification:_identify(install) by extension 'ignore'
[0.373s] Level 1:colcon.colcon_core.package_identification:_identify(install) ignored
[0.373s] Level 1:colcon.colcon_core.package_identification:_identify(jetank_description) by extensions ['ignore', 'ignore_ament_install']
[0.373s] Level 1:colcon.colcon_core.package_identification:_identify(jetank_description) by extension 'ignore'
[0.373s] Level 1:colcon.colcon_core.package_identification:_identify(jetank_description) by extension 'ignore_ament_install'
[0.373s] Level 1:colcon.colcon_core.package_identification:_identify(jetank_description) by extensions ['colcon_pkg']
[0.373s] Level 1:colcon.colcon_core.package_identification:_identify(jetank_description) by extension 'colcon_pkg'
[0.373s] Level 1:colcon.colcon_core.package_identification:_identify(jetank_description) by extensions ['colcon_meta']
[0.373s] Level 1:colcon.colcon_core.package_identification:_identify(jetank_description) by extension 'colcon_meta'
[0.373s] Level 1:colcon.colcon_core.package_identification:_identify(jetank_description) by extensions ['ros']
[0.373s] Level 1:colcon.colcon_core.package_identification:_identify(jetank_description) by extension 'ros'
[0.377s] DEBUG:colcon.colcon_core.package_identification:Package 'jetank_description' with type 'ros.ament_cmake' and name 'jetank_description'
[0.377s] Level 1:colcon.colcon_core.package_identification:_identify(jetank_move_test) by extensions ['ignore', 'ignore_ament_install']
[0.377s] Level 1:colcon.colcon_core.package_identification:_identify(jetank_move_test) by extension 'ignore'
[0.377s] Level 1:colcon.colcon_core.package_identification:_identify(jetank_move_test) by extension 'ignore_ament_install'
[0.377s] Level 1:colcon.colcon_core.package_identification:_identify(jetank_move_test) by extensions ['colcon_pkg']
[0.377s] Level 1:colcon.colcon_core.package_identification:_identify(jetank_move_test) by extension 'colcon_pkg'
[0.377s] Level 1:colcon.colcon_core.package_identification:_identify(jetank_move_test) by extensions ['colcon_meta']
[0.377s] Level 1:colcon.colcon_core.package_identification:_identify(jetank_move_test) by extension 'colcon_meta'
[0.377s] Level 1:colcon.colcon_core.package_identification:_identify(jetank_move_test) by extensions ['ros']
[0.377s] Level 1:colcon.colcon_core.package_identification:_identify(jetank_move_test) by extension 'ros'
[0.377s] Level 1:colcon.colcon_core.package_identification:_identify(jetank_move_test) by extensions ['cmake', 'python']
[0.377s] Level 1:colcon.colcon_core.package_identification:_identify(jetank_move_test) by extension 'cmake'
[0.377s] Level 1:colcon.colcon_core.package_identification:_identify(jetank_move_test) by extension 'python'
[0.377s] Level 1:colcon.colcon_core.package_identification:_identify(jetank_move_test) by extensions ['python_setup_py']
[0.378s] Level 1:colcon.colcon_core.package_identification:_identify(jetank_move_test) by extension 'python_setup_py'
[0.698s] DEBUG:colcon.colcon_core.package_identification:Package 'jetank_move_test' with type 'python' and name 'SCSCtrl'
[0.698s] Level 1:colcon.colcon_core.package_identification:_identify(log) by extensions ['ignore', 'ignore_ament_install']
[0.698s] Level 1:colcon.colcon_core.package_identification:_identify(log) by extension 'ignore'
[0.698s] Level 1:colcon.colcon_core.package_identification:_identify(log) ignored
[0.698s] Level 1:colcon.colcon_core.package_identification:_identify(nav2_remote_goal) by extensions ['ignore', 'ignore_ament_install']
[0.698s] Level 1:colcon.colcon_core.package_identification:_identify(nav2_remote_goal) by extension 'ignore'
[0.698s] Level 1:colcon.colcon_core.package_identification:_identify(nav2_remote_goal) by extension 'ignore_ament_install'
[0.698s] Level 1:colcon.colcon_core.package_identification:_identify(nav2_remote_goal) by extensions ['colcon_pkg']
[0.698s] Level 1:colcon.colcon_core.package_identification:_identify(nav2_remote_goal) by extension 'colcon_pkg'
[0.698s] Level 1:colcon.colcon_core.package_identification:_identify(nav2_remote_goal) by extensions ['colcon_meta']
[0.698s] Level 1:colcon.colcon_core.package_identification:_identify(nav2_remote_goal) by extension 'colcon_meta'
[0.699s] Level 1:colcon.colcon_core.package_identification:_identify(nav2_remote_goal) by extensions ['ros']
[0.699s] Level 1:colcon.colcon_core.package_identification:_identify(nav2_remote_goal) by extension 'ros'
[0.700s] DEBUG:colcon.colcon_core.package_identification:Package 'nav2_remote_goal' with type 'ros.ament_python' and name 'nav2_remote_goal'
[0.700s] Level 1:colcon.colcon_core.package_identification:_identify(rc_ackermann_joy) by extensions ['ignore', 'ignore_ament_install']
[0.700s] Level 1:colcon.colcon_core.package_identification:_identify(rc_ackermann_joy) by extension 'ignore'
[0.700s] Level 1:colcon.colcon_core.package_identification:_identify(rc_ackermann_joy) by extension 'ignore_ament_install'
[0.700s] Level 1:colcon.colcon_core.package_identification:_identify(rc_ackermann_joy) by extensions ['colcon_pkg']
[0.700s] Level 1:colcon.colcon_core.package_identification:_identify(rc_ackermann_joy) by extension 'colcon_pkg'
[0.700s] Level 1:colcon.colcon_core.package_identification:_identify(rc_ackermann_joy) by extensions ['colcon_meta']
[0.700s] Level 1:colcon.colcon_core.package_identification:_identify(rc_ackermann_joy) by extension 'colcon_meta'
[0.700s] Level 1:colcon.colcon_core.package_identification:_identify(rc_ackermann_joy) by extensions ['ros']
[0.700s] Level 1:colcon.colcon_core.package_identification:_identify(rc_ackermann_joy) by extension 'ros'
[0.701s] DEBUG:colcon.colcon_core.package_identification:Package 'rc_ackermann_joy' with type 'ros.ament_python' and name 'rc_ackermann_joy'
[0.701s] Level 1:colcon.colcon_core.package_identification:_identify(rc_car_test_description) by extensions ['ignore', 'ignore_ament_install']
[0.701s] Level 1:colcon.colcon_core.package_identification:_identify(rc_car_test_description) by extension 'ignore'
[0.702s] Level 1:colcon.colcon_core.package_identification:_identify(rc_car_test_description) by extension 'ignore_ament_install'
[0.702s] Level 1:colcon.colcon_core.package_identification:_identify(rc_car_test_description) by extensions ['colcon_pkg']
[0.702s] Level 1:colcon.colcon_core.package_identification:_identify(rc_car_test_description) by extension 'colcon_pkg'
[0.702s] Level 1:colcon.colcon_core.package_identification:_identify(rc_car_test_description) by extensions ['colcon_meta']
[0.702s] Level 1:colcon.colcon_core.package_identification:_identify(rc_car_test_description) by extension 'colcon_meta'
[0.702s] Level 1:colcon.colcon_core.package_identification:_identify(rc_car_test_description) by extensions ['ros']
[0.702s] Level 1:colcon.colcon_core.package_identification:_identify(rc_car_test_description) by extension 'ros'
[0.703s] DEBUG:colcon.colcon_core.package_identification:Package 'rc_car_test_description' with type 'ros.ament_python' and name 'rc_car_test_description'
[0.703s] Level 1:colcon.colcon_core.package_identification:_identify(rc_nav2_bringup) by extensions ['ignore', 'ignore_ament_install']
[0.703s] Level 1:colcon.colcon_core.package_identification:_identify(rc_nav2_bringup) by extension 'ignore'
[0.703s] Level 1:colcon.colcon_core.package_identification:_identify(rc_nav2_bringup) by extension 'ignore_ament_install'
[0.703s] Level 1:colcon.colcon_core.package_identification:_identify(rc_nav2_bringup) by extensions ['colcon_pkg']
[0.703s] Level 1:colcon.colcon_core.package_identification:_identify(rc_nav2_bringup) by extension 'colcon_pkg'
[0.703s] Level 1:colcon.colcon_core.package_identification:_identify(rc_nav2_bringup) by extensions ['colcon_meta']
[0.703s] Level 1:colcon.colcon_core.package_identification:_identify(rc_nav2_bringup) by extension 'colcon_meta'
[0.703s] Level 1:colcon.colcon_core.package_identification:_identify(rc_nav2_bringup) by extensions ['ros']
[0.703s] Level 1:colcon.colcon_core.package_identification:_identify(rc_nav2_bringup) by extension 'ros'
[0.704s] DEBUG:colcon.colcon_core.package_identification:Package 'rc_nav2_bringup' with type 'ros.ament_python' and name 'rc_nav2_bringup'
[0.704s] Level 1:colcon.colcon_core.package_identification:_identify(rc_nav2_bt_nodes) by extensions ['ignore', 'ignore_ament_install']
[0.704s] Level 1:colcon.colcon_core.package_identification:_identify(rc_nav2_bt_nodes) by extension 'ignore'
[0.704s] Level 1:colcon.colcon_core.package_identification:_identify(rc_nav2_bt_nodes) by extension 'ignore_ament_install'
[0.704s] Level 1:colcon.colcon_core.package_identification:_identify(rc_nav2_bt_nodes) by extensions ['colcon_pkg']
[0.704s] Level 1:colcon.colcon_core.package_identification:_identify(rc_nav2_bt_nodes) by extension 'colcon_pkg'
[0.704s] Level 1:colcon.colcon_core.package_identification:_identify(rc_nav2_bt_nodes) by extensions ['colcon_meta']
[0.705s] Level 1:colcon.colcon_core.package_identification:_identify(rc_nav2_bt_nodes) by extension 'colcon_meta'
[0.705s] Level 1:colcon.colcon_core.package_identification:_identify(rc_nav2_bt_nodes) by extensions ['ros']
[0.705s] Level 1:colcon.colcon_core.package_identification:_identify(rc_nav2_bt_nodes) by extension 'ros'
[0.706s] DEBUG:colcon.colcon_core.package_identification:Package 'rc_nav2_bt_nodes' with type 'ros.ament_cmake' and name 'rc_nav2_bt_nodes'
[0.706s] Level 1:colcon.colcon_core.package_identification:_identify(rf2o_laser_odometry) by extensions ['ignore', 'ignore_ament_install']
[0.706s] Level 1:colcon.colcon_core.package_identification:_identify(rf2o_laser_odometry) by extension 'ignore'
[0.706s] Level 1:colcon.colcon_core.package_identification:_identify(rf2o_laser_odometry) by extension 'ignore_ament_install'
[0.706s] Level 1:colcon.colcon_core.package_identification:_identify(rf2o_laser_odometry) by extensions ['colcon_pkg']
[0.706s] Level 1:colcon.colcon_core.package_identification:_identify(rf2o_laser_odometry) by extension 'colcon_pkg'
[0.706s] Level 1:colcon.colcon_core.package_identification:_identify(rf2o_laser_odometry) by extensions ['colcon_meta']
[0.706s] Level 1:colcon.colcon_core.package_identification:_identify(rf2o_laser_odometry) by extension 'colcon_meta'
[0.706s] Level 1:colcon.colcon_core.package_identification:_identify(rf2o_laser_odometry) by extensions ['ros']
[0.706s] Level 1:colcon.colcon_core.package_identification:_identify(rf2o_laser_odometry) by extension 'ros'
[0.707s] DEBUG:colcon.colcon_core.package_identification:Package 'rf2o_laser_odometry' with type 'ros.ament_cmake' and name 'rf2o_laser_odometry'
[0.707s] Level 1:colcon.colcon_core.package_identification:_identify(scripts) by extensions ['ignore', 'ignore_ament_install']
[0.707s] Level 1:colcon.colcon_core.package_identification:_identify(scripts) by extension 'ignore'
[0.707s] Level 1:colcon.colcon_core.package_identification:_identify(scripts) by extension 'ignore_ament_install'
[0.708s] Level 1:colcon.colcon_core.package_identification:_identify(scripts) by extensions ['colcon_pkg']
[0.708s] Level 1:colcon.colcon_core.package_identification:_identify(scripts) by extension 'colcon_pkg'
[0.708s] Level 1:colcon.colcon_core.package_identification:_identify(scripts) by extensions ['colcon_meta']
[0.708s] Level 1:colcon.colcon_core.package_identification:_identify(scripts) by extension 'colcon_meta'
[0.708s] Level 1:colcon.colcon_core.package_identification:_identify(scripts) by extensions ['ros']
[0.708s] Level 1:colcon.colcon_core.package_identification:_identify(scripts) by extension 'ros'
[0.708s] Level 1:colcon.colcon_core.package_identification:_identify(scripts) by extensions ['cmake', 'python']
[0.708s] Level 1:colcon.colcon_core.package_identification:_identify(scripts) by extension 'cmake'
[0.708s] Level 1:colcon.colcon_core.package_identification:_identify(scripts) by extension 'python'
[0.708s] Level 1:colcon.colcon_core.package_identification:_identify(scripts) by extensions ['python_setup_py']
[0.708s] Level 1:colcon.colcon_core.package_identification:_identify(scripts) by extension 'python_setup_py'
[0.708s] Level 1:colcon.colcon_core.package_discovery:discover_packages(recursive) using defaults
[0.708s] Level 1:colcon.colcon_core.package_discovery:discover_packages(ignore) discover
[0.708s] Level 1:colcon.colcon_core.package_discovery:discover_packages(ignore) using defaults
[0.708s] Level 1:colcon.colcon_core.package_discovery:discover_packages(path) discover
[0.708s] Level 1:colcon.colcon_core.package_discovery:discover_packages(path) using defaults
[0.735s] Level 1:colcon.colcon_core.package_discovery:discover_packages(prefix_path) check parameters
[0.735s] Level 1:colcon.colcon_core.package_discovery:discover_packages(prefix_path) discover
[0.737s] DEBUG:colcon.colcon_installed_package_information.package_discovery:Found 8 installed packages in /home/ssafy/robot_ws/install
[0.738s] DEBUG:colcon.colcon_installed_package_information.package_discovery:Found 15 installed packages in /home/ssafy/rtabmap_ws/install
[0.738s] DEBUG:colcon.colcon_installed_package_information.package_discovery:Found 1 installed packages in /home/ssafy/nav2_ws/install
[0.741s] DEBUG:colcon.colcon_installed_package_information.package_discovery:Found 478 installed packages in /opt/ros/humble
[0.743s] Level 1:colcon.colcon_core.package_discovery:discover_packages(prefix_path) using defaults
[0.806s] Level 5:colcon.colcon_core.verb:set package 'SCSCtrl' build argument 'cmake_args' from command line to 'None'
[0.806s] Level 5:colcon.colcon_core.verb:set package 'SCSCtrl' build argument 'cmake_target' from command line to 'None'
[0.806s] Level 5:colcon.colcon_core.verb:set package 'SCSCtrl' build argument 'cmake_target_skip_unavailable' from command line to 'False'
[0.806s] Level 5:colcon.colcon_core.verb:set package 'SCSCtrl' build argument 'cmake_clean_cache' from command line to 'False'
[0.806s] Level 5:colcon.colcon_core.verb:set package 'SCSCtrl' build argument 'cmake_clean_first' from command line to 'False'
[0.807s] Level 5:colcon.colcon_core.verb:set package 'SCSCtrl' build argument 'cmake_force_configure' from command line to 'False'
[0.807s] Level 5:colcon.colcon_core.verb:set package 'SCSCtrl' build argument 'ament_cmake_args' from command line to 'None'
[0.807s] Level 5:colcon.colcon_core.verb:set package 'SCSCtrl' build argument 'catkin_cmake_args' from command line to 'None'
[0.807s] Level 5:colcon.colcon_core.verb:set package 'SCSCtrl' build argument 'catkin_skip_building_tests' from command line to 'False'
[0.807s] DEBUG:colcon.colcon_core.verb:Building package 'SCSCtrl' with the following arguments: {'ament_cmake_args': None, 'build_base': '/home/ssafy/robot_ws/src/build/SCSCtrl', 'catkin_cmake_args': None, 'catkin_skip_building_tests': False, 'cmake_args': None, 'cmake_clean_cache': False, 'cmake_clean_first': False, 'cmake_force_configure': False, 'cmake_target': None, 'cmake_target_skip_unavailable': False, 'install_base': '/home/ssafy/robot_ws/src/install/SCSCtrl', 'merge_install': False, 'path': '/home/ssafy/robot_ws/src/jetank_move_test', 'symlink_install': False, 'test_result_base': None}
[0.807s] Level 5:colcon.colcon_core.verb:set package 'jetank_description' build argument 'cmake_args' from command line to 'None'
[0.807s] Level 5:colcon.colcon_core.verb:set package 'jetank_description' build argument 'cmake_target' from command line to 'None'
[0.807s] Level 5:colcon.colcon_core.verb:set package 'jetank_description' build argument 'cmake_target_skip_unavailable' from command line to 'False'
[0.807s] Level 5:colcon.colcon_core.verb:set package 'jetank_description' build argument 'cmake_clean_cache' from command line to 'False'
[0.807s] Level 5:colcon.colcon_core.verb:set package 'jetank_description' build argument 'cmake_clean_first' from command line to 'False'
[0.807s] Level 5:colcon.colcon_core.verb:set package 'jetank_description' build argument 'cmake_force_configure' from command line to 'False'
[0.807s] Level 5:colcon.colcon_core.verb:set package 'jetank_description' build argument 'ament_cmake_args' from command line to 'None'
[0.807s] Level 5:colcon.colcon_core.verb:set package 'jetank_description' build argument 'catkin_cmake_args' from command line to 'None'
[0.807s] Level 5:colcon.colcon_core.verb:set package 'jetank_description' build argument 'catkin_skip_building_tests' from command line to 'False'
[0.807s] DEBUG:colcon.colcon_core.verb:Building package 'jetank_description' with the following arguments: {'ament_cmake_args': None, 'build_base': '/home/ssafy/robot_ws/src/build/jetank_description', 'catkin_cmake_args': None, 'catkin_skip_building_tests': False, 'cmake_args': None, 'cmake_clean_cache': False, 'cmake_clean_first': False, 'cmake_force_configure': False, 'cmake_target': None, 'cmake_target_skip_unavailable': False, 'install_base': '/home/ssafy/robot_ws/src/install/jetank_description', 'merge_install': False, 'path': '/home/ssafy/robot_ws/src/jetank_description', 'symlink_install': False, 'test_result_base': None}
[0.808s] Level 5:colcon.colcon_core.verb:set package 'nav2_remote_goal' build argument 'cmake_args' from command line to 'None'
[0.808s] Level 5:colcon.colcon_core.verb:set package 'nav2_remote_goal' build argument 'cmake_target' from command line to 'None'
[0.808s] Level 5:colcon.colcon_core.verb:set package 'nav2_remote_goal' build argument 'cmake_target_skip_unavailable' from command line to 'False'
[0.808s] Level 5:colcon.colcon_core.verb:set package 'nav2_remote_goal' build argument 'cmake_clean_cache' from command line to 'False'
[0.808s] Level 5:colcon.colcon_core.verb:set package 'nav2_remote_goal' build argument 'cmake_clean_first' from command line to 'False'
[0.808s] Level 5:colcon.colcon_core.verb:set package 'nav2_remote_goal' build argument 'cmake_force_configure' from command line to 'False'
[0.808s] Level 5:colcon.colcon_core.verb:set package 'nav2_remote_goal' build argument 'ament_cmake_args' from command line to 'None'
[0.808s] Level 5:colcon.colcon_core.verb:set package 'nav2_remote_goal' build argument 'catkin_cmake_args' from command line to 'None'
[0.808s] Level 5:colcon.colcon_core.verb:set package 'nav2_remote_goal' build argument 'catkin_skip_building_tests' from command line to 'False'
[0.808s] DEBUG:colcon.colcon_core.verb:Building package 'nav2_remote_goal' with the following arguments: {'ament_cmake_args': None, 'build_base': '/home/ssafy/robot_ws/src/build/nav2_remote_goal', 'catkin_cmake_args': None, 'catkin_skip_building_tests': False, 'cmake_args': None, 'cmake_clean_cache': False, 'cmake_clean_first': False, 'cmake_force_configure': False, 'cmake_target': None, 'cmake_target_skip_unavailable': False, 'install_base': '/home/ssafy/robot_ws/src/install/nav2_remote_goal', 'merge_install': False, 'path': '/home/ssafy/robot_ws/src/nav2_remote_goal', 'symlink_install': False, 'test_result_base': None}
[0.808s] Level 5:colcon.colcon_core.verb:set package 'rc_ackermann_joy' build argument 'cmake_args' from command line to 'None'
[0.808s] Level 5:colcon.colcon_core.verb:set package 'rc_ackermann_joy' build argument 'cmake_target' from command line to 'None'
[0.808s] Level 5:colcon.colcon_core.verb:set package 'rc_ackermann_joy' build argument 'cmake_target_skip_unavailable' from command line to 'False'
[0.808s] Level 5:colcon.colcon_core.verb:set package 'rc_ackermann_joy' build argument 'cmake_clean_cache' from command line to 'False'
[0.808s] Level 5:colcon.colcon_core.verb:set package 'rc_ackermann_joy' build argument 'cmake_clean_first' from command line to 'False'
[0.808s] Level 5:colcon.colcon_core.verb:set package 'rc_ackermann_joy' build argument 'cmake_force_configure' from command line to 'False'
[0.808s] Level 5:colcon.colcon_core.verb:set package 'rc_ackermann_joy' build argument 'ament_cmake_args' from command line to 'None'
[0.808s] Level 5:colcon.colcon_core.verb:set package 'rc_ackermann_joy' build argument 'catkin_cmake_args' from command line to 'None'
[0.808s] Level 5:colcon.colcon_core.verb:set package 'rc_ackermann_joy' build argument 'catkin_skip_building_tests' from command line to 'False'
[0.808s] DEBUG:colcon.colcon_core.verb:Building package 'rc_ackermann_joy' with the following arguments: {'ament_cmake_args': None, 'build_base': '/home/ssafy/robot_ws/src/build/rc_ackermann_joy', 'catkin_cmake_args': None, 'catkin_skip_building_tests': False, 'cmake_args': None, 'cmake_clean_cache': False, 'cmake_clean_first': False, 'cmake_force_configure': False, 'cmake_target': None, 'cmake_target_skip_unavailable': False, 'install_base': '/home/ssafy/robot_ws/src/install/rc_ackermann_joy', 'merge_install': False, 'path': '/home/ssafy/robot_ws/src/rc_ackermann_joy', 'symlink_install': False, 'test_result_base': None}
[0.809s] Level 5:colcon.colcon_core.verb:set package 'rc_car_test_description' build argument 'cmake_args' from command line to 'None'
[0.809s] Level 5:colcon.colcon_core.verb:set package 'rc_car_test_description' build argument 'cmake_target' from command line to 'None'
[0.809s] Level 5:colcon.colcon_core.verb:set package 'rc_car_test_description' build argument 'cmake_target_skip_unavailable' from command line to 'False'
[0.809s] Level 5:colcon.colcon_core.verb:set package 'rc_car_test_description' build argument 'cmake_clean_cache' from command line to 'False'
[0.809s] Level 5:colcon.colcon_core.verb:set package 'rc_car_test_description' build argument 'cmake_clean_first' from command line to 'False'
[0.809s] Level 5:colcon.colcon_core.verb:set package 'rc_car_test_description' build argument 'cmake_force_configure' from command line to 'False'
[0.809s] Level 5:colcon.colcon_core.verb:set package 'rc_car_test_description' build argument 'ament_cmake_args' from command line to 'None'
[0.809s] Level 5:colcon.colcon_core.verb:set package 'rc_car_test_description' build argument 'catkin_cmake_args' from command line to 'None'
[0.809s] Level 5:colcon.colcon_core.verb:set package 'rc_car_test_description' build argument 'catkin_skip_building_tests' from command line to 'False'
[0.809s] DEBUG:colcon.colcon_core.verb:Building package 'rc_car_test_description' with the following arguments: {'ament_cmake_args': None, 'build_base': '/home/ssafy/robot_ws/src/build/rc_car_test_description', 'catkin_cmake_args': None, 'catkin_skip_building_tests': False, 'cmake_args': None, 'cmake_clean_cache': False, 'cmake_clean_first': False, 'cmake_force_configure': False, 'cmake_target': None, 'cmake_target_skip_unavailable': False, 'install_base': '/home/ssafy/robot_ws/src/install/rc_car_test_description', 'merge_install': False, 'path': '/home/ssafy/robot_ws/src/rc_car_test_description', 'symlink_install': False, 'test_result_base': None}
[0.809s] Level 5:colcon.colcon_core.verb:set package 'rc_nav2_bt_nodes' build argument 'cmake_args' from command line to 'None'
[0.809s] Level 5:colcon.colcon_core.verb:set package 'rc_nav2_bt_nodes' build argument 'cmake_target' from command line to 'None'
[0.809s] Level 5:colcon.colcon_core.verb:set package 'rc_nav2_bt_nodes' build argument 'cmake_target_skip_unavailable' from command line to 'False'
[0.810s] Level 5:colcon.colcon_core.verb:set package 'rc_nav2_bt_nodes' build argument 'cmake_clean_cache' from command line to 'False'
[0.810s] Level 5:colcon.colcon_core.verb:set package 'rc_nav2_bt_nodes' build argument 'cmake_clean_first' from command line to 'False'
[0.810s] Level 5:colcon.colcon_core.verb:set package 'rc_nav2_bt_nodes' build argument 'cmake_force_configure' from command line to 'False'
[0.810s] Level 5:colcon.colcon_core.verb:set package 'rc_nav2_bt_nodes' build argument 'ament_cmake_args' from command line to 'None'
[0.810s] Level 5:colcon.colcon_core.verb:set package 'rc_nav2_bt_nodes' build argument 'catkin_cmake_args' from command line to 'None'
[0.810s] Level 5:colcon.colcon_core.verb:set package 'rc_nav2_bt_nodes' build argument 'catkin_skip_building_tests' from command line to 'False'
[0.810s] DEBUG:colcon.colcon_core.verb:Building package 'rc_nav2_bt_nodes' with the following arguments: {'ament_cmake_args': None, 'build_base': '/home/ssafy/robot_ws/src/build/rc_nav2_bt_nodes', 'catkin_cmake_args': None, 'catkin_skip_building_tests': False, 'cmake_args': None, 'cmake_clean_cache': False, 'cmake_clean_first': False, 'cmake_force_configure': False, 'cmake_target': None, 'cmake_target_skip_unavailable': False, 'install_base': '/home/ssafy/robot_ws/src/install/rc_nav2_bt_nodes', 'merge_install': False, 'path': '/home/ssafy/robot_ws/src/rc_nav2_bt_nodes', 'symlink_install': False, 'test_result_base': None}
[0.810s] Level 5:colcon.colcon_core.verb:set package 'rf2o_laser_odometry' build argument 'cmake_args' from command line to 'None'
[0.810s] Level 5:colcon.colcon_core.verb:set package 'rf2o_laser_odometry' build argument 'cmake_target' from command line to 'None'
[0.810s] Level 5:colcon.colcon_core.verb:set package 'rf2o_laser_odometry' build argument 'cmake_target_skip_unavailable' from command line to 'False'
[0.810s] Level 5:colcon.colcon_core.verb:set package 'rf2o_laser_odometry' build argument 'cmake_clean_cache' from command line to 'False'
[0.810s] Level 5:colcon.colcon_core.verb:set package 'rf2o_laser_odometry' build argument 'cmake_clean_first' from command line to 'False'
[0.810s] Level 5:colcon.colcon_core.verb:set package 'rf2o_laser_odometry' build argument 'cmake_force_configure' from command line to 'False'
[0.810s] Level 5:colcon.colcon_core.verb:set package 'rf2o_laser_odometry' build argument 'ament_cmake_args' from command line to 'None'
[0.810s] Level 5:colcon.colcon_core.verb:set package 'rf2o_laser_odometry' build argument 'catkin_cmake_args' from command line to 'None'
[0.810s] Level 5:colcon.colcon_core.verb:set package 'rf2o_laser_odometry' build argument 'catkin_skip_building_tests' from command line to 'False'
[0.810s] DEBUG:colcon.colcon_core.verb:Building package 'rf2o_laser_odometry' with the following arguments: {'ament_cmake_args': None, 'build_base': '/home/ssafy/robot_ws/src/build/rf2o_laser_odometry', 'catkin_cmake_args': None, 'catkin_skip_building_tests': False, 'cmake_args': None, 'cmake_clean_cache': False, 'cmake_clean_first': False, 'cmake_force_configure': False, 'cmake_target': None, 'cmake_target_skip_unavailable': False, 'install_base': '/home/ssafy/robot_ws/src/install/rf2o_laser_odometry', 'merge_install': False, 'path': '/home/ssafy/robot_ws/src/rf2o_laser_odometry', 'symlink_install': False, 'test_result_base': None}
[0.811s] Level 5:colcon.colcon_core.verb:set package 'rc_nav2_bringup' build argument 'cmake_args' from command line to 'None'
[0.811s] Level 5:colcon.colcon_core.verb:set package 'rc_nav2_bringup' build argument 'cmake_target' from command line to 'None'
[0.811s] Level 5:colcon.colcon_core.verb:set package 'rc_nav2_bringup' build argument 'cmake_target_skip_unavailable' from command line to 'False'
[0.811s] Level 5:colcon.colcon_core.verb:set package 'rc_nav2_bringup' build argument 'cmake_clean_cache' from command line to 'False'
[0.811s] Level 5:colcon.colcon_core.verb:set package 'rc_nav2_bringup' build argument 'cmake_clean_first' from command line to 'False'
[0.811s] Level 5:colcon.colcon_core.verb:set package 'rc_nav2_bringup' build argument 'cmake_force_configure' from command line to 'False'
[0.811s] Level 5:colcon.colcon_core.verb:set package 'rc_nav2_bringup' build argument 'ament_cmake_args' from command line to 'None'
[0.811s] Level 5:colcon.colcon_core.verb:set package 'rc_nav2_bringup' build argument 'catkin_cmake_args' from command line to 'None'
[0.811s] Level 5:colcon.colcon_core.verb:set package 'rc_nav2_bringup' build argument 'catkin_skip_building_tests' from command line to 'False'
[0.811s] DEBUG:colcon.colcon_core.verb:Building package 'rc_nav2_bringup' with the following arguments: {'ament_cmake_args': None, 'build_base': '/home/ssafy/robot_ws/src/build/rc_nav2_bringup', 'catkin_cmake_args': None, 'catkin_skip_building_tests': False, 'cmake_args': None, 'cmake_clean_cache': False, 'cmake_clean_first': False, 'cmake_force_configure': False, 'cmake_target': None, 'cmake_target_skip_unavailable': False, 'install_base': '/home/ssafy/robot_ws/src/install/rc_nav2_bringup', 'merge_install': False, 'path': '/home/ssafy/robot_ws/src/rc_nav2_bringup', 'symlink_install': False, 'test_result_base': None}
[0.811s] INFO:colcon.colcon_core.executor:Executing jobs using 'parallel' executor
[0.812s] DEBUG:colcon.colcon_parallel_executor.executor.parallel:run_until_complete
[0.813s] INFO:colcon.colcon_ros.task.ament_cmake.build:Building ROS package in '/home/ssafy/robot_ws/src/rf2o_laser_odometry' with build type 'ament_cmake'
[0.813s] INFO:colcon.colcon_cmake.task.cmake.build:Building CMake package in '/home/ssafy/robot_ws/src/rf2o_laser_odometry'
[0.815s] INFO:colcon.colcon_core.plugin_system:Skipping extension 'colcon_core.shell.bat': Not used on non-Windows systems
[0.816s] INFO:colcon.colcon_core.shell:Skip shell extension 'powershell' for command environment: Not usable outside of PowerShell
[0.816s] DEBUG:colcon.colcon_core.shell:Skip shell extension 'dsv' for command environment
[0.821s] INFO:colcon.colcon_core.task.python.build:Building Python package in '/home/ssafy/robot_ws/src/jetank_move_test'
[0.822s] INFO:colcon.colcon_core.shell:Skip shell extension 'powershell' for command environment: Not usable outside of PowerShell
[0.822s] DEBUG:colcon.colcon_core.shell:Skip shell extension 'dsv' for command environment
[0.827s] INFO:colcon.colcon_ros.task.ament_cmake.build:Building ROS package in '/home/ssafy/robot_ws/src/jetank_description' with build type 'ament_cmake'
[0.827s] INFO:colcon.colcon_cmake.task.cmake.build:Building CMake package in '/home/ssafy/robot_ws/src/jetank_description'
[0.828s] INFO:colcon.colcon_core.shell:Skip shell extension 'powershell' for command environment: Not usable outside of PowerShell
[0.828s] DEBUG:colcon.colcon_core.shell:Skip shell extension 'dsv' for command environment
[0.833s] INFO:colcon.colcon_ros.task.ament_python.build:Building ROS package in '/home/ssafy/robot_ws/src/nav2_remote_goal' with build type 'ament_python'
[0.833s] Level 1:colcon.colcon_core.shell:create_environment_hook('nav2_remote_goal', 'ament_prefix_path')
[0.834s] INFO:colcon.colcon_core.shell:Creating environment hook '/home/ssafy/robot_ws/src/install/nav2_remote_goal/share/nav2_remote_goal/hook/ament_prefix_path.ps1'
[0.834s] INFO:colcon.colcon_core.shell:Creating environment descriptor '/home/ssafy/robot_ws/src/install/nav2_remote_goal/share/nav2_remote_goal/hook/ament_prefix_path.dsv'
[0.835s] INFO:colcon.colcon_core.shell:Creating environment hook '/home/ssafy/robot_ws/src/install/nav2_remote_goal/share/nav2_remote_goal/hook/ament_prefix_path.sh'
[0.836s] INFO:colcon.colcon_core.shell:Skip shell extension 'powershell' for command environment: Not usable outside of PowerShell
[0.836s] DEBUG:colcon.colcon_core.shell:Skip shell extension 'dsv' for command environment
[0.841s] INFO:colcon.colcon_ros.task.ament_python.build:Building ROS package in '/home/ssafy/robot_ws/src/rc_ackermann_joy' with build type 'ament_python'
[0.841s] Level 1:colcon.colcon_core.shell:create_environment_hook('rc_ackermann_joy', 'ament_prefix_path')
[0.841s] INFO:colcon.colcon_core.shell:Creating environment hook '/home/ssafy/robot_ws/src/install/rc_ackermann_joy/share/rc_ackermann_joy/hook/ament_prefix_path.ps1'
[0.842s] INFO:colcon.colcon_core.shell:Creating environment descriptor '/home/ssafy/robot_ws/src/install/rc_ackermann_joy/share/rc_ackermann_joy/hook/ament_prefix_path.dsv'
[0.842s] INFO:colcon.colcon_core.shell:Creating environment hook '/home/ssafy/robot_ws/src/install/rc_ackermann_joy/share/rc_ackermann_joy/hook/ament_prefix_path.sh'
[0.843s] INFO:colcon.colcon_core.shell:Skip shell extension 'powershell' for command environment: Not usable outside of PowerShell
[0.843s] DEBUG:colcon.colcon_core.shell:Skip shell extension 'dsv' for command environment
[0.848s] INFO:colcon.colcon_ros.task.ament_python.build:Building ROS package in '/home/ssafy/robot_ws/src/rc_car_test_description' with build type 'ament_python'
[0.848s] Level 1:colcon.colcon_core.shell:create_environment_hook('rc_car_test_description', 'ament_prefix_path')
[0.849s] INFO:colcon.colcon_core.shell:Creating environment hook '/home/ssafy/robot_ws/src/install/rc_car_test_description/share/rc_car_test_description/hook/ament_prefix_path.ps1'
[0.849s] INFO:colcon.colcon_core.shell:Creating environment descriptor '/home/ssafy/robot_ws/src/install/rc_car_test_description/share/rc_car_test_description/hook/ament_prefix_path.dsv'
[0.850s] INFO:colcon.colcon_core.shell:Creating environment hook '/home/ssafy/robot_ws/src/install/rc_car_test_description/share/rc_car_test_description/hook/ament_prefix_path.sh'
[0.850s] INFO:colcon.colcon_core.shell:Skip shell extension 'powershell' for command environment: Not usable outside of PowerShell
[0.850s] DEBUG:colcon.colcon_core.shell:Skip shell extension 'dsv' for command environment
[0.856s] INFO:colcon.colcon_ros.task.ament_cmake.build:Building ROS package in '/home/ssafy/robot_ws/src/rc_nav2_bt_nodes' with build type 'ament_cmake'
[0.856s] INFO:colcon.colcon_cmake.task.cmake.build:Building CMake package in '/home/ssafy/robot_ws/src/rc_nav2_bt_nodes'
[0.856s] INFO:colcon.colcon_core.shell:Skip shell extension 'powershell' for command environment: Not usable outside of PowerShell
[0.856s] DEBUG:colcon.colcon_core.shell:Skip shell extension 'dsv' for command environment
[0.868s] DEBUG:colcon.colcon_core.event_handler.log_command:Invoking command in '/home/ssafy/robot_ws/src/build/rf2o_laser_odometry': CMAKE_PREFIX_PATH=${CMAKE_PREFIX_PATH}:/home/ssafy/robot_ws/install/rc_ackermann_joy:/home/ssafy/robot_ws/install/rc_nav2_bringup:/home/ssafy/robot_ws/install/rc_car_test_description:/home/ssafy/robot_ws/install/nav2_remote_goal:/home/ssafy/rtabmap_ws/install/rtabmap_python:/opt/ros/humble /usr/bin/cmake --build /home/ssafy/robot_ws/src/build/rf2o_laser_odometry -- -j16 -l16
[1.207s] DEBUG:colcon.colcon_core.event_handler.log_command:Invoking command in '/home/ssafy/robot_ws/src/build/jetank_description': CMAKE_PREFIX_PATH=${CMAKE_PREFIX_PATH}:/home/ssafy/robot_ws/install/rc_ackermann_joy:/home/ssafy/robot_ws/install/rc_nav2_bringup:/home/ssafy/robot_ws/install/rc_car_test_description:/home/ssafy/robot_ws/install/nav2_remote_goal:/home/ssafy/rtabmap_ws/install/rtabmap_python:/opt/ros/humble /usr/bin/cmake --build /home/ssafy/robot_ws/src/build/jetank_description -- -j16 -l16
[1.527s] INFO:colcon.colcon_core.task.python.build:Building Python package in '/home/ssafy/robot_ws/src/nav2_remote_goal'
[1.528s] INFO:colcon.colcon_core.shell:Skip shell extension 'powershell' for command environment: Not usable outside of PowerShell
[1.528s] DEBUG:colcon.colcon_core.shell:Skip shell extension 'dsv' for command environment
[1.863s] INFO:colcon.colcon_core.task.python.build:Building Python package in '/home/ssafy/robot_ws/src/rc_ackermann_joy'
[1.864s] INFO:colcon.colcon_core.shell:Skip shell extension 'powershell' for command environment: Not usable outside of PowerShell
[1.864s] DEBUG:colcon.colcon_core.shell:Skip shell extension 'dsv' for command environment
[2.191s] INFO:colcon.colcon_core.task.python.build:Building Python package in '/home/ssafy/robot_ws/src/rc_car_test_description'
[2.192s] INFO:colcon.colcon_core.shell:Skip shell extension 'powershell' for command environment: Not usable outside of PowerShell
[2.192s] DEBUG:colcon.colcon_core.shell:Skip shell extension 'dsv' for command environment
[2.202s] DEBUG:colcon.colcon_core.event_handler.log_command:Invoked command in '/home/ssafy/robot_ws/src/build/rf2o_laser_odometry' returned '0': CMAKE_PREFIX_PATH=${CMAKE_PREFIX_PATH}:/home/ssafy/robot_ws/install/rc_ackermann_joy:/home/ssafy/robot_ws/install/rc_nav2_bringup:/home/ssafy/robot_ws/install/rc_car_test_description:/home/ssafy/robot_ws/install/nav2_remote_goal:/home/ssafy/rtabmap_ws/install/rtabmap_python:/opt/ros/humble /usr/bin/cmake --build /home/ssafy/robot_ws/src/build/rf2o_laser_odometry -- -j16 -l16
[2.215s] DEBUG:colcon.colcon_core.event_handler.log_command:Invoking command in '/home/ssafy/robot_ws/src/build/rf2o_laser_odometry': CMAKE_PREFIX_PATH=${CMAKE_PREFIX_PATH}:/home/ssafy/robot_ws/install/rc_ackermann_joy:/home/ssafy/robot_ws/install/rc_nav2_bringup:/home/ssafy/robot_ws/install/rc_car_test_description:/home/ssafy/robot_ws/install/nav2_remote_goal:/home/ssafy/rtabmap_ws/install/rtabmap_python:/opt/ros/humble /usr/bin/cmake --install /home/ssafy/robot_ws/src/build/rf2o_laser_odometry
[2.215s] DEBUG:colcon.colcon_core.event_handler.log_command:Invoked command in '/home/ssafy/robot_ws/src/build/jetank_description' returned '0': CMAKE_PREFIX_PATH=${CMAKE_PREFIX_PATH}:/home/ssafy/robot_ws/install/rc_ackermann_joy:/home/ssafy/robot_ws/install/rc_nav2_bringup:/home/ssafy/robot_ws/install/rc_car_test_description:/home/ssafy/robot_ws/install/nav2_remote_goal:/home/ssafy/rtabmap_ws/install/rtabmap_python:/opt/ros/humble /usr/bin/cmake --build /home/ssafy/robot_ws/src/build/jetank_description -- -j16 -l16
[2.217s] DEBUG:colcon.colcon_core.event_handler.log_command:Invoking command in '/home/ssafy/robot_ws/src/build/jetank_description': CMAKE_PREFIX_PATH=${CMAKE_PREFIX_PATH}:/home/ssafy/robot_ws/install/rc_ackermann_joy:/home/ssafy/robot_ws/install/rc_nav2_bringup:/home/ssafy/robot_ws/install/rc_car_test_description:/home/ssafy/robot_ws/install/nav2_remote_goal:/home/ssafy/rtabmap_ws/install/rtabmap_python:/opt/ros/humble /usr/bin/cmake --install /home/ssafy/robot_ws/src/build/jetank_description
[2.223s] DEBUG:colcon.colcon_core.event_handler.log_command:Invoking command in '/home/ssafy/robot_ws/src/build/rc_nav2_bt_nodes': CMAKE_PREFIX_PATH=${CMAKE_PREFIX_PATH}:/home/ssafy/robot_ws/install/rc_ackermann_joy:/home/ssafy/robot_ws/install/rc_nav2_bringup:/home/ssafy/robot_ws/install/rc_car_test_description:/home/ssafy/robot_ws/install/nav2_remote_goal:/home/ssafy/rtabmap_ws/install/rtabmap_python:/opt/ros/humble /usr/bin/cmake --build /home/ssafy/robot_ws/src/build/rc_nav2_bt_nodes -- -j16 -l16
[2.225s] DEBUG:colcon.colcon_core.event_handler.log_command:Invoking command in '/home/ssafy/robot_ws/src/jetank_move_test': PYTHONPATH=/home/ssafy/robot_ws/src/build/SCSCtrl/prefix_override:/usr/lib/python3/dist-packages/colcon_core/task/python/colcon_distutils_commands:/home/ssafy/robot_ws/src/install/SCSCtrl/lib/python3.10/site-packages:${PYTHONPATH} /usr/bin/python3 -W ignore:setup.py install is deprecated -W ignore:easy_install command is deprecated setup.py egg_info --egg-base ../build/SCSCtrl build --build-base /home/ssafy/robot_ws/src/build/SCSCtrl/build install --record /home/ssafy/robot_ws/src/build/SCSCtrl/install.log --single-version-externally-managed
[2.240s] Level 1:colcon.colcon_core.environment:create_environment_scripts_only(rf2o_laser_odometry)
[2.249s] DEBUG:colcon.colcon_core.event_handler.log_command:Invoked command in '/home/ssafy/robot_ws/src/build/rf2o_laser_odometry' returned '0': CMAKE_PREFIX_PATH=${CMAKE_PREFIX_PATH}:/home/ssafy/robot_ws/install/rc_ackermann_joy:/home/ssafy/robot_ws/install/rc_nav2_bringup:/home/ssafy/robot_ws/install/rc_car_test_description:/home/ssafy/robot_ws/install/nav2_remote_goal:/home/ssafy/rtabmap_ws/install/rtabmap_python:/opt/ros/humble /usr/bin/cmake --install /home/ssafy/robot_ws/src/build/rf2o_laser_odometry
[2.250s] Level 1:colcon.colcon_core.environment:checking '/home/ssafy/robot_ws/src/install/rf2o_laser_odometry' for CMake module files
[2.251s] Level 1:colcon.colcon_core.environment:checking '/home/ssafy/robot_ws/src/install/rf2o_laser_odometry' for CMake config files
[2.251s] Level 1:colcon.colcon_core.shell:create_environment_hook('rf2o_laser_odometry', 'cmake_prefix_path')
[2.251s] INFO:colcon.colcon_core.shell:Creating environment hook '/home/ssafy/robot_ws/src/install/rf2o_laser_odometry/share/rf2o_laser_odometry/hook/cmake_prefix_path.ps1'
[2.252s] INFO:colcon.colcon_core.shell:Creating environment descriptor '/home/ssafy/robot_ws/src/install/rf2o_laser_odometry/share/rf2o_laser_odometry/hook/cmake_prefix_path.dsv'
[2.252s] INFO:colcon.colcon_core.shell:Creating environment hook '/home/ssafy/robot_ws/src/install/rf2o_laser_odometry/share/rf2o_laser_odometry/hook/cmake_prefix_path.sh'
[2.253s] Level 1:colcon.colcon_core.environment:checking '/home/ssafy/robot_ws/src/install/rf2o_laser_odometry/lib'
[2.253s] Level 1:colcon.colcon_core.environment:checking '/home/ssafy/robot_ws/src/install/rf2o_laser_odometry/bin'
[2.253s] Level 1:colcon.colcon_core.environment:checking '/home/ssafy/robot_ws/src/install/rf2o_laser_odometry/lib/pkgconfig/rf2o_laser_odometry.pc'
[2.254s] Level 1:colcon.colcon_core.environment:checking '/home/ssafy/robot_ws/src/install/rf2o_laser_odometry/lib/python3.10/site-packages'
[2.254s] Level 1:colcon.colcon_core.environment:checking '/home/ssafy/robot_ws/src/install/rf2o_laser_odometry/bin'
[2.254s] INFO:colcon.colcon_core.shell:Creating package script '/home/ssafy/robot_ws/src/install/rf2o_laser_odometry/share/rf2o_laser_odometry/package.ps1'
[2.255s] INFO:colcon.colcon_core.shell:Creating package descriptor '/home/ssafy/robot_ws/src/install/rf2o_laser_odometry/share/rf2o_laser_odometry/package.dsv'
[2.256s] INFO:colcon.colcon_core.shell:Creating package script '/home/ssafy/robot_ws/src/install/rf2o_laser_odometry/share/rf2o_laser_odometry/package.sh'
[2.256s] INFO:colcon.colcon_core.shell:Creating package script '/home/ssafy/robot_ws/src/install/rf2o_laser_odometry/share/rf2o_laser_odometry/package.bash'
[2.257s] INFO:colcon.colcon_core.shell:Creating package script '/home/ssafy/robot_ws/src/install/rf2o_laser_odometry/share/rf2o_laser_odometry/package.zsh'
[2.258s] Level 1:colcon.colcon_core.environment:create_file_with_runtime_dependencies(/home/ssafy/robot_ws/src/install/rf2o_laser_odometry/share/colcon-core/packages/rf2o_laser_odometry)
[2.259s] Level 1:colcon.colcon_core.environment:create_environment_scripts_only(rf2o_laser_odometry)
[2.259s] Level 1:colcon.colcon_core.environment:checking '/home/ssafy/robot_ws/src/install/rf2o_laser_odometry' for CMake module files
[2.259s] Level 1:colcon.colcon_core.environment:checking '/home/ssafy/robot_ws/src/install/rf2o_laser_odometry' for CMake config files
[2.259s] Level 1:colcon.colcon_core.shell:create_environment_hook('rf2o_laser_odometry', 'cmake_prefix_path')
[2.260s] INFO:colcon.colcon_core.shell:Creating environment hook '/home/ssafy/robot_ws/src/install/rf2o_laser_odometry/share/rf2o_laser_odometry/hook/cmake_prefix_path.ps1'
[2.260s] INFO:colcon.colcon_core.shell:Creating environment descriptor '/home/ssafy/robot_ws/src/install/rf2o_laser_odometry/share/rf2o_laser_odometry/hook/cmake_prefix_path.dsv'
[2.260s] INFO:colcon.colcon_core.shell:Creating environment hook '/home/ssafy/robot_ws/src/install/rf2o_laser_odometry/share/rf2o_laser_odometry/hook/cmake_prefix_path.sh'
[2.261s] Level 1:colcon.colcon_core.environment:checking '/home/ssafy/robot_ws/src/install/rf2o_laser_odometry/lib'
[2.261s] Level 1:colcon.colcon_core.environment:checking '/home/ssafy/robot_ws/src/install/rf2o_laser_odometry/bin'
[2.261s] Level 1:colcon.colcon_core.environment:checking '/home/ssafy/robot_ws/src/install/rf2o_laser_odometry/lib/pkgconfig/rf2o_laser_odometry.pc'
[2.261s] Level 1:colcon.colcon_core.environment:checking '/home/ssafy/robot_ws/src/install/rf2o_laser_odometry/lib/python3.10/site-packages'
[2.262s] Level 1:colcon.colcon_core.environment:checking '/home/ssafy/robot_ws/src/install/rf2o_laser_odometry/bin'
[2.262s] INFO:colcon.colcon_core.shell:Creating package script '/home/ssafy/robot_ws/src/install/rf2o_laser_odometry/share/rf2o_laser_odometry/package.ps1'
[2.263s] INFO:colcon.colcon_core.shell:Creating package descriptor '/home/ssafy/robot_ws/src/install/rf2o_laser_odometry/share/rf2o_laser_odometry/package.dsv'
[2.263s] INFO:colcon.colcon_core.shell:Creating package script '/home/ssafy/robot_ws/src/install/rf2o_laser_odometry/share/rf2o_laser_odometry/package.sh'
[2.263s] INFO:colcon.colcon_core.shell:Creating package script '/home/ssafy/robot_ws/src/install/rf2o_laser_odometry/share/rf2o_laser_odometry/package.bash'
[2.264s] INFO:colcon.colcon_core.shell:Creating package script '/home/ssafy/robot_ws/src/install/rf2o_laser_odometry/share/rf2o_laser_odometry/package.zsh'
[2.264s] Level 1:colcon.colcon_core.environment:create_file_with_runtime_dependencies(/home/ssafy/robot_ws/src/install/rf2o_laser_odometry/share/colcon-core/packages/rf2o_laser_odometry)
[2.265s] Level 1:colcon.colcon_core.environment:create_environment_scripts_only(jetank_description)
[2.265s] Level 1:colcon.colcon_core.environment:checking '/home/ssafy/robot_ws/src/install/jetank_description' for CMake module files
[2.266s] DEBUG:colcon.colcon_core.event_handler.log_command:Invoked command in '/home/ssafy/robot_ws/src/build/jetank_description' returned '0': CMAKE_PREFIX_PATH=${CMAKE_PREFIX_PATH}:/home/ssafy/robot_ws/install/rc_ackermann_joy:/home/ssafy/robot_ws/install/rc_nav2_bringup:/home/ssafy/robot_ws/install/rc_car_test_description:/home/ssafy/robot_ws/install/nav2_remote_goal:/home/ssafy/rtabmap_ws/install/rtabmap_python:/opt/ros/humble /usr/bin/cmake --install /home/ssafy/robot_ws/src/build/jetank_description
[2.267s] Level 1:colcon.colcon_core.environment:checking '/home/ssafy/robot_ws/src/install/jetank_description' for CMake config files
[2.267s] Level 1:colcon.colcon_core.shell:create_environment_hook('jetank_description', 'cmake_prefix_path')
[2.267s] INFO:colcon.colcon_core.shell:Creating environment hook '/home/ssafy/robot_ws/src/install/jetank_description/share/jetank_description/hook/cmake_prefix_path.ps1'
[2.268s] INFO:colcon.colcon_core.shell:Creating environment descriptor '/home/ssafy/robot_ws/src/install/jetank_description/share/jetank_description/hook/cmake_prefix_path.dsv'
[2.268s] INFO:colcon.colcon_core.shell:Creating environment hook '/home/ssafy/robot_ws/src/install/jetank_description/share/jetank_description/hook/cmake_prefix_path.sh'
[2.269s] Level 1:colcon.colcon_core.environment:checking '/home/ssafy/robot_ws/src/install/jetank_description/lib'
[2.269s] Level 1:colcon.colcon_core.shell:create_environment_hook('jetank_description', 'ld_library_path_lib')
[2.269s] INFO:colcon.colcon_core.shell:Creating environment hook '/home/ssafy/robot_ws/src/install/jetank_description/share/jetank_description/hook/ld_library_path_lib.ps1'
[2.270s] INFO:colcon.colcon_core.shell:Creating environment descriptor '/home/ssafy/robot_ws/src/install/jetank_description/share/jetank_description/hook/ld_library_path_lib.dsv'
[2.270s] INFO:colcon.colcon_core.shell:Creating environment hook '/home/ssafy/robot_ws/src/install/jetank_description/share/jetank_description/hook/ld_library_path_lib.sh'
[2.271s] Level 1:colcon.colcon_core.environment:checking '/home/ssafy/robot_ws/src/install/jetank_description/bin'
[2.271s] Level 1:colcon.colcon_core.environment:checking '/home/ssafy/robot_ws/src/install/jetank_description/lib/pkgconfig/jetank_description.pc'
[2.272s] Level 1:colcon.colcon_core.environment:checking '/home/ssafy/robot_ws/src/install/jetank_description/lib/python3.10/site-packages'
[2.272s] Level 1:colcon.colcon_core.environment:checking '/home/ssafy/robot_ws/src/install/jetank_description/bin'
[2.272s] INFO:colcon.colcon_core.shell:Creating package script '/home/ssafy/robot_ws/src/install/jetank_description/share/jetank_description/package.ps1'
[2.273s] INFO:colcon.colcon_core.shell:Creating package descriptor '/home/ssafy/robot_ws/src/install/jetank_description/share/jetank_description/package.dsv'
[2.273s] INFO:colcon.colcon_core.shell:Creating package script '/home/ssafy/robot_ws/src/install/jetank_description/share/jetank_description/package.sh'
[2.274s] INFO:colcon.colcon_core.shell:Creating package script '/home/ssafy/robot_ws/src/install/jetank_description/share/jetank_description/package.bash'
[2.274s] INFO:colcon.colcon_core.shell:Creating package script '/home/ssafy/robot_ws/src/install/jetank_description/share/jetank_description/package.zsh'
[2.274s] Level 1:colcon.colcon_core.environment:create_file_with_runtime_dependencies(/home/ssafy/robot_ws/src/install/jetank_description/share/colcon-core/packages/jetank_description)
[2.275s] Level 1:colcon.colcon_core.environment:create_environment_scripts_only(jetank_description)
[2.275s] Level 1:colcon.colcon_core.environment:checking '/home/ssafy/robot_ws/src/install/jetank_description' for CMake module files
[2.276s] Level 1:colcon.colcon_core.environment:checking '/home/ssafy/robot_ws/src/install/jetank_description' for CMake config files
[2.276s] Level 1:colcon.colcon_core.shell:create_environment_hook('jetank_description', 'cmake_prefix_path')
[2.277s] INFO:colcon.colcon_core.shell:Creating environment hook '/home/ssafy/robot_ws/src/install/jetank_description/share/jetank_description/hook/cmake_prefix_path.ps1'
[2.277s] INFO:colcon.colcon_core.shell:Creating environment descriptor '/home/ssafy/robot_ws/src/install/jetank_description/share/jetank_description/hook/cmake_prefix_path.dsv'
[2.277s] INFO:colcon.colcon_core.shell:Creating environment hook '/home/ssafy/robot_ws/src/install/jetank_description/share/jetank_description/hook/cmake_prefix_path.sh'
[2.278s] Level 1:colcon.colcon_core.environment:checking '/home/ssafy/robot_ws/src/install/jetank_description/lib'
[2.278s] Level 1:colcon.colcon_core.shell:create_environment_hook('jetank_description', 'ld_library_path_lib')
[2.278s] INFO:colcon.colcon_core.shell:Creating environment hook '/home/ssafy/robot_ws/src/install/jetank_description/share/jetank_description/hook/ld_library_path_lib.ps1'
[2.279s] INFO:colcon.colcon_core.shell:Creating environment descriptor '/home/ssafy/robot_ws/src/install/jetank_description/share/jetank_description/hook/ld_library_path_lib.dsv'
[2.279s] INFO:colcon.colcon_core.shell:Creating environment hook '/home/ssafy/robot_ws/src/install/jetank_description/share/jetank_description/hook/ld_library_path_lib.sh'
[2.279s] Level 1:colcon.colcon_core.environment:checking '/home/ssafy/robot_ws/src/install/jetank_description/bin'
[2.279s] Level 1:colcon.colcon_core.environment:checking '/home/ssafy/robot_ws/src/install/jetank_description/lib/pkgconfig/jetank_description.pc'
[2.280s] Level 1:colcon.colcon_core.environment:checking '/home/ssafy/robot_ws/src/install/jetank_description/lib/python3.10/site-packages'
[2.280s] Level 1:colcon.colcon_core.environment:checking '/home/ssafy/robot_ws/src/install/jetank_description/bin'
[2.280s] INFO:colcon.colcon_core.shell:Creating package script '/home/ssafy/robot_ws/src/install/jetank_description/share/jetank_description/package.ps1'
[2.281s] INFO:colcon.colcon_core.shell:Creating package descriptor '/home/ssafy/robot_ws/src/install/jetank_description/share/jetank_description/package.dsv'
[2.281s] INFO:colcon.colcon_core.shell:Creating package script '/home/ssafy/robot_ws/src/install/jetank_description/share/jetank_description/package.sh'
[2.282s] INFO:colcon.colcon_core.shell:Creating package script '/home/ssafy/robot_ws/src/install/jetank_description/share/jetank_description/package.bash'
[2.282s] INFO:colcon.colcon_core.shell:Creating package script '/home/ssafy/robot_ws/src/install/jetank_description/share/jetank_description/package.zsh'
[2.283s] Level 1:colcon.colcon_core.environment:create_file_with_runtime_dependencies(/home/ssafy/robot_ws/src/install/jetank_description/share/colcon-core/packages/jetank_description)
[2.283s] INFO:colcon.colcon_ros.task.ament_python.build:Building ROS package in '/home/ssafy/robot_ws/src/rc_nav2_bringup' with build type 'ament_python'
[2.283s] Level 1:colcon.colcon_core.shell:create_environment_hook('rc_nav2_bringup', 'ament_prefix_path')
[2.284s] INFO:colcon.colcon_core.shell:Creating environment hook '/home/ssafy/robot_ws/src/install/rc_nav2_bringup/share/rc_nav2_bringup/hook/ament_prefix_path.ps1'
[2.284s] INFO:colcon.colcon_core.shell:Creating environment descriptor '/home/ssafy/robot_ws/src/install/rc_nav2_bringup/share/rc_nav2_bringup/hook/ament_prefix_path.dsv'
[2.285s] INFO:colcon.colcon_core.shell:Creating environment hook '/home/ssafy/robot_ws/src/install/rc_nav2_bringup/share/rc_nav2_bringup/hook/ament_prefix_path.sh'
[2.286s] INFO:colcon.colcon_core.shell:Skip shell extension 'powershell' for command environment: Not usable outside of PowerShell
[2.286s] DEBUG:colcon.colcon_core.shell:Skip shell extension 'dsv' for command environment
[2.612s] INFO:colcon.colcon_core.task.python.build:Building Python package in '/home/ssafy/robot_ws/src/rc_nav2_bringup'
[2.612s] INFO:colcon.colcon_core.shell:Skip shell extension 'powershell' for command environment: Not usable outside of PowerShell
[2.613s] DEBUG:colcon.colcon_core.shell:Skip shell extension 'dsv' for command environment
[2.625s] DEBUG:colcon.colcon_core.event_handler.log_command:Invoked command in '/home/ssafy/robot_ws/src/build/rc_nav2_bt_nodes' returned '0': CMAKE_PREFIX_PATH=${CMAKE_PREFIX_PATH}:/home/ssafy/robot_ws/install/rc_ackermann_joy:/home/ssafy/robot_ws/install/rc_nav2_bringup:/home/ssafy/robot_ws/install/rc_car_test_description:/home/ssafy/robot_ws/install/nav2_remote_goal:/home/ssafy/rtabmap_ws/install/rtabmap_python:/opt/ros/humble /usr/bin/cmake --build /home/ssafy/robot_ws/src/build/rc_nav2_bt_nodes -- -j16 -l16
[2.627s] DEBUG:colcon.colcon_core.event_handler.log_command:Invoking command in '/home/ssafy/robot_ws/src/build/rc_nav2_bt_nodes': CMAKE_PREFIX_PATH=${CMAKE_PREFIX_PATH}:/home/ssafy/robot_ws/install/rc_ackermann_joy:/home/ssafy/robot_ws/install/rc_nav2_bringup:/home/ssafy/robot_ws/install/rc_car_test_description:/home/ssafy/robot_ws/install/nav2_remote_goal:/home/ssafy/rtabmap_ws/install/rtabmap_python:/opt/ros/humble /usr/bin/cmake --install /home/ssafy/robot_ws/src/build/rc_nav2_bt_nodes
[2.628s] Level 1:colcon.colcon_core.environment:checking '/home/ssafy/robot_ws/src/install/SCSCtrl' for CMake module files
[2.629s] DEBUG:colcon.colcon_core.event_handler.log_command:Invoked command in '/home/ssafy/robot_ws/src/jetank_move_test' returned '0': PYTHONPATH=/home/ssafy/robot_ws/src/build/SCSCtrl/prefix_override:/usr/lib/python3/dist-packages/colcon_core/task/python/colcon_distutils_commands:/home/ssafy/robot_ws/src/install/SCSCtrl/lib/python3.10/site-packages:${PYTHONPATH} /usr/bin/python3 -W ignore:setup.py install is deprecated -W ignore:easy_install command is deprecated setup.py egg_info --egg-base ../build/SCSCtrl build --build-base /home/ssafy/robot_ws/src/build/SCSCtrl/build install --record /home/ssafy/robot_ws/src/build/SCSCtrl/install.log --single-version-externally-managed
[2.629s] Level 1:colcon.colcon_core.environment:checking '/home/ssafy/robot_ws/src/install/SCSCtrl' for CMake config files
[2.630s] Level 1:colcon.colcon_core.environment:checking '/home/ssafy/robot_ws/src/install/SCSCtrl/lib'
[2.630s] Level 1:colcon.colcon_core.environment:checking '/home/ssafy/robot_ws/src/install/SCSCtrl/bin'
[2.631s] Level 1:colcon.colcon_core.environment:checking '/home/ssafy/robot_ws/src/install/SCSCtrl/lib/pkgconfig/SCSCtrl.pc'
[2.631s] Level 1:colcon.colcon_core.environment:checking '/home/ssafy/robot_ws/src/install/SCSCtrl/lib/python3.10/site-packages'
[2.631s] Level 1:colcon.colcon_core.shell:create_environment_hook('SCSCtrl', 'pythonpath')
[2.631s] INFO:colcon.colcon_core.shell:Creating environment hook '/home/ssafy/robot_ws/src/install/SCSCtrl/share/SCSCtrl/hook/pythonpath.ps1'
[2.632s] INFO:colcon.colcon_core.shell:Creating environment descriptor '/home/ssafy/robot_ws/src/install/SCSCtrl/share/SCSCtrl/hook/pythonpath.dsv'
[2.633s] INFO:colcon.colcon_core.shell:Creating environment hook '/home/ssafy/robot_ws/src/install/SCSCtrl/share/SCSCtrl/hook/pythonpath.sh'
[2.634s] Level 1:colcon.colcon_core.environment:checking '/home/ssafy/robot_ws/src/install/SCSCtrl/bin'
[2.634s] Level 1:colcon.colcon_core.environment:create_environment_scripts_only(SCSCtrl)
[2.635s] INFO:colcon.colcon_core.shell:Creating package script '/home/ssafy/robot_ws/src/install/SCSCtrl/share/SCSCtrl/package.ps1'
[2.635s] INFO:colcon.colcon_core.shell:Creating package descriptor '/home/ssafy/robot_ws/src/install/SCSCtrl/share/SCSCtrl/package.dsv'
[2.636s] INFO:colcon.colcon_core.shell:Creating package script '/home/ssafy/robot_ws/src/install/SCSCtrl/share/SCSCtrl/package.sh'
[2.637s] INFO:colcon.colcon_core.shell:Creating package script '/home/ssafy/robot_ws/src/install/SCSCtrl/share/SCSCtrl/package.bash'
[2.637s] INFO:colcon.colcon_core.shell:Creating package script '/home/ssafy/robot_ws/src/install/SCSCtrl/share/SCSCtrl/package.zsh'
[2.638s] Level 1:colcon.colcon_core.environment:create_file_with_runtime_dependencies(/home/ssafy/robot_ws/src/install/SCSCtrl/share/colcon-core/packages/SCSCtrl)
[2.644s] Level 1:colcon.colcon_core.environment:create_environment_scripts_only(rc_nav2_bt_nodes)
[2.645s] Level 1:colcon.colcon_core.environment:checking '/home/ssafy/robot_ws/src/install/rc_nav2_bt_nodes' for CMake module files
[2.647s] Level 1:colcon.colcon_core.environment:checking '/home/ssafy/robot_ws/src/install/rc_nav2_bt_nodes' for CMake config files
[2.647s] DEBUG:colcon.colcon_core.event_handler.log_command:Invoked command in '/home/ssafy/robot_ws/src/build/rc_nav2_bt_nodes' returned '0': CMAKE_PREFIX_PATH=${CMAKE_PREFIX_PATH}:/home/ssafy/robot_ws/install/rc_ackermann_joy:/home/ssafy/robot_ws/install/rc_nav2_bringup:/home/ssafy/robot_ws/install/rc_car_test_description:/home/ssafy/robot_ws/install/nav2_remote_goal:/home/ssafy/rtabmap_ws/install/rtabmap_python:/opt/ros/humble /usr/bin/cmake --install /home/ssafy/robot_ws/src/build/rc_nav2_bt_nodes
[2.648s] Level 1:colcon.colcon_core.shell:create_environment_hook('rc_nav2_bt_nodes', 'cmake_prefix_path')
[2.648s] INFO:colcon.colcon_core.shell:Creating environment hook '/home/ssafy/robot_ws/src/install/rc_nav2_bt_nodes/share/rc_nav2_bt_nodes/hook/cmake_prefix_path.ps1'
[2.649s] INFO:colcon.colcon_core.shell:Creating environment descriptor '/home/ssafy/robot_ws/src/install/rc_nav2_bt_nodes/share/rc_nav2_bt_nodes/hook/cmake_prefix_path.dsv'
[2.649s] INFO:colcon.colcon_core.shell:Creating environment hook '/home/ssafy/robot_ws/src/install/rc_nav2_bt_nodes/share/rc_nav2_bt_nodes/hook/cmake_prefix_path.sh'
[2.650s] Level 1:colcon.colcon_core.environment:checking '/home/ssafy/robot_ws/src/install/rc_nav2_bt_nodes/lib'
[2.650s] Level 1:colcon.colcon_core.shell:create_environment_hook('rc_nav2_bt_nodes', 'ld_library_path_lib')
[2.650s] INFO:colcon.colcon_core.shell:Creating environment hook '/home/ssafy/robot_ws/src/install/rc_nav2_bt_nodes/share/rc_nav2_bt_nodes/hook/ld_library_path_lib.ps1'
[2.650s] INFO:colcon.colcon_core.shell:Creating environment descriptor '/home/ssafy/robot_ws/src/install/rc_nav2_bt_nodes/share/rc_nav2_bt_nodes/hook/ld_library_path_lib.dsv'
[2.651s] INFO:colcon.colcon_core.shell:Creating environment hook '/home/ssafy/robot_ws/src/install/rc_nav2_bt_nodes/share/rc_nav2_bt_nodes/hook/ld_library_path_lib.sh'
[2.651s] Level 1:colcon.colcon_core.environment:checking '/home/ssafy/robot_ws/src/install/rc_nav2_bt_nodes/bin'
[2.651s] Level 1:colcon.colcon_core.environment:checking '/home/ssafy/robot_ws/src/install/rc_nav2_bt_nodes/lib/pkgconfig/rc_nav2_bt_nodes.pc'
[2.651s] Level 1:colcon.colcon_core.environment:checking '/home/ssafy/robot_ws/src/install/rc_nav2_bt_nodes/lib/python3.10/site-packages'
[2.652s] Level 1:colcon.colcon_core.environment:checking '/home/ssafy/robot_ws/src/install/rc_nav2_bt_nodes/bin'
[2.652s] INFO:colcon.colcon_core.shell:Creating package script '/home/ssafy/robot_ws/src/install/rc_nav2_bt_nodes/share/rc_nav2_bt_nodes/package.ps1'
[2.653s] INFO:colcon.colcon_core.shell:Creating package descriptor '/home/ssafy/robot_ws/src/install/rc_nav2_bt_nodes/share/rc_nav2_bt_nodes/package.dsv'
[2.653s] INFO:colcon.colcon_core.shell:Creating package script '/home/ssafy/robot_ws/src/install/rc_nav2_bt_nodes/share/rc_nav2_bt_nodes/package.sh'
[2.654s] INFO:colcon.colcon_core.shell:Creating package script '/home/ssafy/robot_ws/src/install/rc_nav2_bt_nodes/share/rc_nav2_bt_nodes/package.bash'
[2.654s] INFO:colcon.colcon_core.shell:Creating package script '/home/ssafy/robot_ws/src/install/rc_nav2_bt_nodes/share/rc_nav2_bt_nodes/package.zsh'
[2.654s] Level 1:colcon.colcon_core.environment:create_file_with_runtime_dependencies(/home/ssafy/robot_ws/src/install/rc_nav2_bt_nodes/share/colcon-core/packages/rc_nav2_bt_nodes)
[2.655s] Level 1:colcon.colcon_core.environment:create_environment_scripts_only(rc_nav2_bt_nodes)
[2.655s] Level 1:colcon.colcon_core.environment:checking '/home/ssafy/robot_ws/src/install/rc_nav2_bt_nodes' for CMake module files
[2.656s] Level 1:colcon.colcon_core.environment:checking '/home/ssafy/robot_ws/src/install/rc_nav2_bt_nodes' for CMake config files
[2.656s] Level 1:colcon.colcon_core.shell:create_environment_hook('rc_nav2_bt_nodes', 'cmake_prefix_path')
[2.656s] INFO:colcon.colcon_core.shell:Creating environment hook '/home/ssafy/robot_ws/src/install/rc_nav2_bt_nodes/share/rc_nav2_bt_nodes/hook/cmake_prefix_path.ps1'
[2.657s] INFO:colcon.colcon_core.shell:Creating environment descriptor '/home/ssafy/robot_ws/src/install/rc_nav2_bt_nodes/share/rc_nav2_bt_nodes/hook/cmake_prefix_path.dsv'
[2.657s] INFO:colcon.colcon_core.shell:Creating environment hook '/home/ssafy/robot_ws/src/install/rc_nav2_bt_nodes/share/rc_nav2_bt_nodes/hook/cmake_prefix_path.sh'
[2.658s] Level 1:colcon.colcon_core.environment:checking '/home/ssafy/robot_ws/src/install/rc_nav2_bt_nodes/lib'
[2.658s] Level 1:colcon.colcon_core.shell:create_environment_hook('rc_nav2_bt_nodes', 'ld_library_path_lib')
[2.658s] INFO:colcon.colcon_core.shell:Creating environment hook '/home/ssafy/robot_ws/src/install/rc_nav2_bt_nodes/share/rc_nav2_bt_nodes/hook/ld_library_path_lib.ps1'
[2.658s] INFO:colcon.colcon_core.shell:Creating environment descriptor '/home/ssafy/robot_ws/src/install/rc_nav2_bt_nodes/share/rc_nav2_bt_nodes/hook/ld_library_path_lib.dsv'
[2.659s] INFO:colcon.colcon_core.shell:Creating environment hook '/home/ssafy/robot_ws/src/install/rc_nav2_bt_nodes/share/rc_nav2_bt_nodes/hook/ld_library_path_lib.sh'
[2.659s] Level 1:colcon.colcon_core.environment:checking '/home/ssafy/robot_ws/src/install/rc_nav2_bt_nodes/bin'
[2.659s] Level 1:colcon.colcon_core.environment:checking '/home/ssafy/robot_ws/src/install/rc_nav2_bt_nodes/lib/pkgconfig/rc_nav2_bt_nodes.pc'
[2.659s] Level 1:colcon.colcon_core.environment:checking '/home/ssafy/robot_ws/src/install/rc_nav2_bt_nodes/lib/python3.10/site-packages'
[2.660s] Level 1:colcon.colcon_core.environment:checking '/home/ssafy/robot_ws/src/install/rc_nav2_bt_nodes/bin'
[2.660s] INFO:colcon.colcon_core.shell:Creating package script '/home/ssafy/robot_ws/src/install/rc_nav2_bt_nodes/share/rc_nav2_bt_nodes/package.ps1'
[2.661s] INFO:colcon.colcon_core.shell:Creating package descriptor '/home/ssafy/robot_ws/src/install/rc_nav2_bt_nodes/share/rc_nav2_bt_nodes/package.dsv'
[2.661s] INFO:colcon.colcon_core.shell:Creating package script '/home/ssafy/robot_ws/src/install/rc_nav2_bt_nodes/share/rc_nav2_bt_nodes/package.sh'
[2.662s] INFO:colcon.colcon_core.shell:Creating package script '/home/ssafy/robot_ws/src/install/rc_nav2_bt_nodes/share/rc_nav2_bt_nodes/package.bash'
[2.662s] INFO:colcon.colcon_core.shell:Creating package script '/home/ssafy/robot_ws/src/install/rc_nav2_bt_nodes/share/rc_nav2_bt_nodes/package.zsh'
[2.663s] Level 1:colcon.colcon_core.environment:create_file_with_runtime_dependencies(/home/ssafy/robot_ws/src/install/rc_nav2_bt_nodes/share/colcon-core/packages/rc_nav2_bt_nodes)
[2.668s] DEBUG:colcon.colcon_core.event_handler.log_command:Invoking command in '/home/ssafy/robot_ws/src/nav2_remote_goal': PYTHONPATH=/home/ssafy/robot_ws/src/build/nav2_remote_goal/prefix_override:/usr/lib/python3/dist-packages/colcon_core/task/python/colcon_distutils_commands:/home/ssafy/robot_ws/src/install/nav2_remote_goal/lib/python3.10/site-packages:${PYTHONPATH} /usr/bin/python3 -W ignore:setup.py install is deprecated -W ignore:easy_install command is deprecated setup.py egg_info --egg-base ../build/nav2_remote_goal build --build-base /home/ssafy/robot_ws/src/build/nav2_remote_goal/build install --record /home/ssafy/robot_ws/src/build/nav2_remote_goal/install.log --single-version-externally-managed install_data
[2.671s] DEBUG:colcon.colcon_core.event_handler.log_command:Invoking command in '/home/ssafy/robot_ws/src/rc_ackermann_joy': PYTHONPATH=/home/ssafy/robot_ws/src/build/rc_ackermann_joy/prefix_override:/usr/lib/python3/dist-packages/colcon_core/task/python/colcon_distutils_commands:/home/ssafy/robot_ws/src/install/rc_ackermann_joy/lib/python3.10/site-packages:${PYTHONPATH} /usr/bin/python3 -W ignore:setup.py install is deprecated -W ignore:easy_install command is deprecated setup.py egg_info --egg-base ../build/rc_ackermann_joy build --build-base /home/ssafy/robot_ws/src/build/rc_ackermann_joy/build install --record /home/ssafy/robot_ws/src/build/rc_ackermann_joy/install.log --single-version-externally-managed install_data
[2.671s] DEBUG:colcon.colcon_core.event_handler.log_command:Invoking command in '/home/ssafy/robot_ws/src/rc_car_test_description': PYTHONPATH=/home/ssafy/robot_ws/src/build/rc_car_test_description/prefix_override:/usr/lib/python3/dist-packages/colcon_core/task/python/colcon_distutils_commands:/home/ssafy/robot_ws/src/install/rc_car_test_description/lib/python3.10/site-packages:${PYTHONPATH} /usr/bin/python3 -W ignore:setup.py install is deprecated -W ignore:easy_install command is deprecated setup.py egg_info --egg-base ../build/rc_car_test_description build --build-base /home/ssafy/robot_ws/src/build/rc_car_test_description/build install --record /home/ssafy/robot_ws/src/build/rc_car_test_description/install.log --single-version-externally-managed install_data
[3.022s] Level 1:colcon.colcon_core.environment:checking '/home/ssafy/robot_ws/src/install/rc_ackermann_joy' for CMake module files
[3.023s] DEBUG:colcon.colcon_core.event_handler.log_command:Invoked command in '/home/ssafy/robot_ws/src/rc_ackermann_joy' returned '0': PYTHONPATH=/home/ssafy/robot_ws/src/build/rc_ackermann_joy/prefix_override:/usr/lib/python3/dist-packages/colcon_core/task/python/colcon_distutils_commands:/home/ssafy/robot_ws/src/install/rc_ackermann_joy/lib/python3.10/site-packages:${PYTHONPATH} /usr/bin/python3 -W ignore:setup.py install is deprecated -W ignore:easy_install command is deprecated setup.py egg_info --egg-base ../build/rc_ackermann_joy build --build-base /home/ssafy/robot_ws/src/build/rc_ackermann_joy/build install --record /home/ssafy/robot_ws/src/build/rc_ackermann_joy/install.log --single-version-externally-managed install_data
[3.023s] Level 1:colcon.colcon_core.environment:checking '/home/ssafy/robot_ws/src/install/rc_ackermann_joy' for CMake config files
[3.024s] Level 1:colcon.colcon_core.environment:checking '/home/ssafy/robot_ws/src/install/rc_ackermann_joy/lib'
[3.024s] Level 1:colcon.colcon_core.environment:checking '/home/ssafy/robot_ws/src/install/rc_ackermann_joy/bin'
[3.024s] Level 1:colcon.colcon_core.environment:checking '/home/ssafy/robot_ws/src/install/rc_ackermann_joy/lib/pkgconfig/rc_ackermann_joy.pc'
[3.024s] Level 1:colcon.colcon_core.environment:checking '/home/ssafy/robot_ws/src/install/rc_ackermann_joy/lib/python3.10/site-packages'
[3.024s] Level 1:colcon.colcon_core.shell:create_environment_hook('rc_ackermann_joy', 'pythonpath')
[3.024s] INFO:colcon.colcon_core.shell:Creating environment hook '/home/ssafy/robot_ws/src/install/rc_ackermann_joy/share/rc_ackermann_joy/hook/pythonpath.ps1'
[3.025s] INFO:colcon.colcon_core.shell:Creating environment descriptor '/home/ssafy/robot_ws/src/install/rc_ackermann_joy/share/rc_ackermann_joy/hook/pythonpath.dsv'
[3.025s] INFO:colcon.colcon_core.shell:Creating environment hook '/home/ssafy/robot_ws/src/install/rc_ackermann_joy/share/rc_ackermann_joy/hook/pythonpath.sh'
[3.026s] Level 1:colcon.colcon_core.environment:checking '/home/ssafy/robot_ws/src/install/rc_ackermann_joy/bin'
[3.026s] Level 1:colcon.colcon_core.environment:create_environment_scripts_only(rc_ackermann_joy)
[3.027s] INFO:colcon.colcon_core.shell:Creating package script '/home/ssafy/robot_ws/src/install/rc_ackermann_joy/share/rc_ackermann_joy/package.ps1'
[3.027s] INFO:colcon.colcon_core.shell:Creating package descriptor '/home/ssafy/robot_ws/src/install/rc_ackermann_joy/share/rc_ackermann_joy/package.dsv'
[3.028s] INFO:colcon.colcon_core.shell:Creating package script '/home/ssafy/robot_ws/src/install/rc_ackermann_joy/share/rc_ackermann_joy/package.sh'
[3.028s] INFO:colcon.colcon_core.shell:Creating package script '/home/ssafy/robot_ws/src/install/rc_ackermann_joy/share/rc_ackermann_joy/package.bash'
[3.029s] INFO:colcon.colcon_core.shell:Creating package script '/home/ssafy/robot_ws/src/install/rc_ackermann_joy/share/rc_ackermann_joy/package.zsh'
[3.029s] Level 1:colcon.colcon_core.environment:create_file_with_runtime_dependencies(/home/ssafy/robot_ws/src/install/rc_ackermann_joy/share/colcon-core/packages/rc_ackermann_joy)
[3.033s] Level 1:colcon.colcon_core.environment:checking '/home/ssafy/robot_ws/src/install/nav2_remote_goal' for CMake module files
[3.034s] DEBUG:colcon.colcon_core.event_handler.log_command:Invoked command in '/home/ssafy/robot_ws/src/nav2_remote_goal' returned '0': PYTHONPATH=/home/ssafy/robot_ws/src/build/nav2_remote_goal/prefix_override:/usr/lib/python3/dist-packages/colcon_core/task/python/colcon_distutils_commands:/home/ssafy/robot_ws/src/install/nav2_remote_goal/lib/python3.10/site-packages:${PYTHONPATH} /usr/bin/python3 -W ignore:setup.py install is deprecated -W ignore:easy_install command is deprecated setup.py egg_info --egg-base ../build/nav2_remote_goal build --build-base /home/ssafy/robot_ws/src/build/nav2_remote_goal/build install --record /home/ssafy/robot_ws/src/build/nav2_remote_goal/install.log --single-version-externally-managed install_data
[3.034s] Level 1:colcon.colcon_core.environment:checking '/home/ssafy/robot_ws/src/install/nav2_remote_goal' for CMake config files
[3.035s] Level 1:colcon.colcon_core.environment:checking '/home/ssafy/robot_ws/src/install/nav2_remote_goal/lib'
[3.035s] Level 1:colcon.colcon_core.environment:checking '/home/ssafy/robot_ws/src/install/nav2_remote_goal/bin'
[3.035s] Level 1:colcon.colcon_core.environment:checking '/home/ssafy/robot_ws/src/install/nav2_remote_goal/lib/pkgconfig/nav2_remote_goal.pc'
[3.035s] Level 1:colcon.colcon_core.environment:checking '/home/ssafy/robot_ws/src/install/nav2_remote_goal/lib/python3.10/site-packages'
[3.035s] Level 1:colcon.colcon_core.shell:create_environment_hook('nav2_remote_goal', 'pythonpath')
[3.036s] INFO:colcon.colcon_core.shell:Creating environment hook '/home/ssafy/robot_ws/src/install/nav2_remote_goal/share/nav2_remote_goal/hook/pythonpath.ps1'
[3.036s] INFO:colcon.colcon_core.shell:Creating environment descriptor '/home/ssafy/robot_ws/src/install/nav2_remote_goal/share/nav2_remote_goal/hook/pythonpath.dsv'
[3.037s] INFO:colcon.colcon_core.shell:Creating environment hook '/home/ssafy/robot_ws/src/install/nav2_remote_goal/share/nav2_remote_goal/hook/pythonpath.sh'
[3.037s] Level 1:colcon.colcon_core.environment:checking '/home/ssafy/robot_ws/src/install/nav2_remote_goal/bin'
[3.038s] Level 1:colcon.colcon_core.environment:create_environment_scripts_only(nav2_remote_goal)
[3.038s] INFO:colcon.colcon_core.shell:Creating package script '/home/ssafy/robot_ws/src/install/nav2_remote_goal/share/nav2_remote_goal/package.ps1'
[3.039s] INFO:colcon.colcon_core.shell:Creating package descriptor '/home/ssafy/robot_ws/src/install/nav2_remote_goal/share/nav2_remote_goal/package.dsv'
[3.039s] INFO:colcon.colcon_core.shell:Creating package script '/home/ssafy/robot_ws/src/install/nav2_remote_goal/share/nav2_remote_goal/package.sh'
[3.040s] INFO:colcon.colcon_core.shell:Creating package script '/home/ssafy/robot_ws/src/install/nav2_remote_goal/share/nav2_remote_goal/package.bash'
[3.040s] INFO:colcon.colcon_core.shell:Creating package script '/home/ssafy/robot_ws/src/install/nav2_remote_goal/share/nav2_remote_goal/package.zsh'
[3.040s] Level 1:colcon.colcon_core.environment:create_file_with_runtime_dependencies(/home/ssafy/robot_ws/src/install/nav2_remote_goal/share/colcon-core/packages/nav2_remote_goal)
[3.046s] Level 1:colcon.colcon_core.environment:checking '/home/ssafy/robot_ws/src/install/rc_car_test_description' for CMake module files
[3.047s] DEBUG:colcon.colcon_core.event_handler.log_command:Invoked command in '/home/ssafy/robot_ws/src/rc_car_test_description' returned '0': PYTHONPATH=/home/ssafy/robot_ws/src/build/rc_car_test_description/prefix_override:/usr/lib/python3/dist-packages/colcon_core/task/python/colcon_distutils_commands:/home/ssafy/robot_ws/src/install/rc_car_test_description/lib/python3.10/site-packages:${PYTHONPATH} /usr/bin/python3 -W ignore:setup.py install is deprecated -W ignore:easy_install command is deprecated setup.py egg_info --egg-base ../build/rc_car_test_description build --build-base /home/ssafy/robot_ws/src/build/rc_car_test_description/build install --record /home/ssafy/robot_ws/src/build/rc_car_test_description/install.log --single-version-externally-managed install_data
[3.047s] Level 1:colcon.colcon_core.environment:checking '/home/ssafy/robot_ws/src/install/rc_car_test_description' for CMake config files
[3.048s] Level 1:colcon.colcon_core.environment:checking '/home/ssafy/robot_ws/src/install/rc_car_test_description/lib'
[3.048s] Level 1:colcon.colcon_core.environment:checking '/home/ssafy/robot_ws/src/install/rc_car_test_description/bin'
[3.048s] Level 1:colcon.colcon_core.environment:checking '/home/ssafy/robot_ws/src/install/rc_car_test_description/lib/pkgconfig/rc_car_test_description.pc'
[3.048s] Level 1:colcon.colcon_core.environment:checking '/home/ssafy/robot_ws/src/install/rc_car_test_description/lib/python3.10/site-packages'
[3.048s] Level 1:colcon.colcon_core.shell:create_environment_hook('rc_car_test_description', 'pythonpath')
[3.049s] INFO:colcon.colcon_core.shell:Creating environment hook '/home/ssafy/robot_ws/src/install/rc_car_test_description/share/rc_car_test_description/hook/pythonpath.ps1'
[3.049s] INFO:colcon.colcon_core.shell:Creating environment descriptor '/home/ssafy/robot_ws/src/install/rc_car_test_description/share/rc_car_test_description/hook/pythonpath.dsv'
[3.049s] INFO:colcon.colcon_core.shell:Creating environment hook '/home/ssafy/robot_ws/src/install/rc_car_test_description/share/rc_car_test_description/hook/pythonpath.sh'
[3.050s] Level 1:colcon.colcon_core.environment:checking '/home/ssafy/robot_ws/src/install/rc_car_test_description/bin'
[3.050s] Level 1:colcon.colcon_core.environment:create_environment_scripts_only(rc_car_test_description)
[3.051s] INFO:colcon.colcon_core.shell:Creating package script '/home/ssafy/robot_ws/src/install/rc_car_test_description/share/rc_car_test_description/package.ps1'
[3.051s] INFO:colcon.colcon_core.shell:Creating package descriptor '/home/ssafy/robot_ws/src/install/rc_car_test_description/share/rc_car_test_description/package.dsv'
[3.052s] INFO:colcon.colcon_core.shell:Creating package script '/home/ssafy/robot_ws/src/install/rc_car_test_description/share/rc_car_test_description/package.sh'
[3.052s] INFO:colcon.colcon_core.shell:Creating package script '/home/ssafy/robot_ws/src/install/rc_car_test_description/share/rc_car_test_description/package.bash'
[3.052s] INFO:colcon.colcon_core.shell:Creating package script '/home/ssafy/robot_ws/src/install/rc_car_test_description/share/rc_car_test_description/package.zsh'
[3.053s] Level 1:colcon.colcon_core.environment:create_file_with_runtime_dependencies(/home/ssafy/robot_ws/src/install/rc_car_test_description/share/colcon-core/packages/rc_car_test_description)
[3.067s] DEBUG:colcon.colcon_core.event_handler.log_command:Invoking command in '/home/ssafy/robot_ws/src/rc_nav2_bringup': AMENT_PREFIX_PATH=/home/ssafy/robot_ws/src/install/rf2o_laser_odometry:${AMENT_PREFIX_PATH} CMAKE_PREFIX_PATH=/home/ssafy/robot_ws/src/install/rf2o_laser_odometry:${CMAKE_PREFIX_PATH} PYTHONPATH=/home/ssafy/robot_ws/src/build/rc_nav2_bringup/prefix_override:/usr/lib/python3/dist-packages/colcon_core/task/python/colcon_distutils_commands:/home/ssafy/robot_ws/src/install/rc_nav2_bringup/lib/python3.10/site-packages:${PYTHONPATH} /usr/bin/python3 -W ignore:setup.py install is deprecated -W ignore:easy_install command is deprecated setup.py egg_info --egg-base ../build/rc_nav2_bringup build --build-base /home/ssafy/robot_ws/src/build/rc_nav2_bringup/build install --record /home/ssafy/robot_ws/src/build/rc_nav2_bringup/install.log --single-version-externally-managed install_data
[3.428s] Level 1:colcon.colcon_core.environment:checking '/home/ssafy/robot_ws/src/install/rc_nav2_bringup' for CMake module files
[3.429s] DEBUG:colcon.colcon_core.event_handler.log_command:Invoked command in '/home/ssafy/robot_ws/src/rc_nav2_bringup' returned '0': AMENT_PREFIX_PATH=/home/ssafy/robot_ws/src/install/rf2o_laser_odometry:${AMENT_PREFIX_PATH} CMAKE_PREFIX_PATH=/home/ssafy/robot_ws/src/install/rf2o_laser_odometry:${CMAKE_PREFIX_PATH} PYTHONPATH=/home/ssafy/robot_ws/src/build/rc_nav2_bringup/prefix_override:/usr/lib/python3/dist-packages/colcon_core/task/python/colcon_distutils_commands:/home/ssafy/robot_ws/src/install/rc_nav2_bringup/lib/python3.10/site-packages:${PYTHONPATH} /usr/bin/python3 -W ignore:setup.py install is deprecated -W ignore:easy_install command is deprecated setup.py egg_info --egg-base ../build/rc_nav2_bringup build --build-base /home/ssafy/robot_ws/src/build/rc_nav2_bringup/build install --record /home/ssafy/robot_ws/src/build/rc_nav2_bringup/install.log --single-version-externally-managed install_data
[3.429s] Level 1:colcon.colcon_core.environment:checking '/home/ssafy/robot_ws/src/install/rc_nav2_bringup' for CMake config files
[3.430s] Level 1:colcon.colcon_core.environment:checking '/home/ssafy/robot_ws/src/install/rc_nav2_bringup/lib'
[3.430s] Level 1:colcon.colcon_core.environment:checking '/home/ssafy/robot_ws/src/install/rc_nav2_bringup/bin'
[3.430s] Level 1:colcon.colcon_core.environment:checking '/home/ssafy/robot_ws/src/install/rc_nav2_bringup/lib/pkgconfig/rc_nav2_bringup.pc'
[3.430s] Level 1:colcon.colcon_core.environment:checking '/home/ssafy/robot_ws/src/install/rc_nav2_bringup/lib/python3.10/site-packages'
[3.430s] Level 1:colcon.colcon_core.shell:create_environment_hook('rc_nav2_bringup', 'pythonpath')
[3.430s] INFO:colcon.colcon_core.shell:Creating environment hook '/home/ssafy/robot_ws/src/install/rc_nav2_bringup/share/rc_nav2_bringup/hook/pythonpath.ps1'
[3.431s] INFO:colcon.colcon_core.shell:Creating environment descriptor '/home/ssafy/robot_ws/src/install/rc_nav2_bringup/share/rc_nav2_bringup/hook/pythonpath.dsv'
[3.431s] INFO:colcon.colcon_core.shell:Creating environment hook '/home/ssafy/robot_ws/src/install/rc_nav2_bringup/share/rc_nav2_bringup/hook/pythonpath.sh'
[3.432s] Level 1:colcon.colcon_core.environment:checking '/home/ssafy/robot_ws/src/install/rc_nav2_bringup/bin'
[3.432s] Level 1:colcon.colcon_core.environment:create_environment_scripts_only(rc_nav2_bringup)
[3.433s] INFO:colcon.colcon_core.shell:Creating package script '/home/ssafy/robot_ws/src/install/rc_nav2_bringup/share/rc_nav2_bringup/package.ps1'
[3.433s] INFO:colcon.colcon_core.shell:Creating package descriptor '/home/ssafy/robot_ws/src/install/rc_nav2_bringup/share/rc_nav2_bringup/package.dsv'
[3.434s] INFO:colcon.colcon_core.shell:Creating package script '/home/ssafy/robot_ws/src/install/rc_nav2_bringup/share/rc_nav2_bringup/package.sh'
[3.434s] INFO:colcon.colcon_core.shell:Creating package script '/home/ssafy/robot_ws/src/install/rc_nav2_bringup/share/rc_nav2_bringup/package.bash'
[3.435s] INFO:colcon.colcon_core.shell:Creating package script '/home/ssafy/robot_ws/src/install/rc_nav2_bringup/share/rc_nav2_bringup/package.zsh'
[3.435s] Level 1:colcon.colcon_core.environment:create_file_with_runtime_dependencies(/home/ssafy/robot_ws/src/install/rc_nav2_bringup/share/colcon-core/packages/rc_nav2_bringup)
[3.435s] DEBUG:colcon.colcon_parallel_executor.executor.parallel:closing loop
[3.436s] DEBUG:colcon.colcon_parallel_executor.executor.parallel:loop closed
[3.436s] DEBUG:colcon.colcon_parallel_executor.executor.parallel:run_until_complete finished with '0'
[3.436s] DEBUG:colcon.colcon_core.event_reactor:joining thread
[3.442s] INFO:colcon.colcon_core.plugin_system:Skipping extension 'colcon_notification.desktop_notification.terminal_notifier': Not used on non-Darwin systems
[3.443s] INFO:colcon.colcon_core.plugin_system:Skipping extension 'colcon_notification.desktop_notification.win32': Not used on non-Windows systems
[3.443s] INFO:colcon.colcon_notification.desktop_notification:Sending desktop notification using 'notify2'
[3.456s] DEBUG:colcon.colcon_core.event_reactor:joined thread
[3.456s] INFO:colcon.colcon_core.shell:Creating prefix script '/home/ssafy/robot_ws/src/install/local_setup.ps1'
[3.458s] INFO:colcon.colcon_core.shell:Creating prefix util module '/home/ssafy/robot_ws/src/install/_local_setup_util_ps1.py'
[3.459s] INFO:colcon.colcon_core.shell:Creating prefix chain script '/home/ssafy/robot_ws/src/install/setup.ps1'
[3.461s] INFO:colcon.colcon_core.shell:Creating prefix script '/home/ssafy/robot_ws/src/install/local_setup.sh'
[3.461s] INFO:colcon.colcon_core.shell:Creating prefix util module '/home/ssafy/robot_ws/src/install/_local_setup_util_sh.py'
[3.462s] INFO:colcon.colcon_core.shell:Creating prefix chain script '/home/ssafy/robot_ws/src/install/setup.sh'
[3.464s] INFO:colcon.colcon_core.shell:Creating prefix script '/home/ssafy/robot_ws/src/install/local_setup.bash'
[3.464s] INFO:colcon.colcon_core.shell:Creating prefix chain script '/home/ssafy/robot_ws/src/install/setup.bash'
[3.466s] INFO:colcon.colcon_core.shell:Creating prefix script '/home/ssafy/robot_ws/src/install/local_setup.zsh'
[3.467s] INFO:colcon.colcon_core.shell:Creating prefix chain script '/home/ssafy/robot_ws/src/install/setup.zsh'
