-- The C compiler identification is GNU 11.4.0
-- The CXX compiler identification is GNU 11.4.0
-- Detecting C compiler ABI info
-- Detecting C compiler ABI info - done
-- Check for working C compiler: /usr/bin/cc - skipped
-- Detecting C compile features
-- Detecting C compile features - done
-- Detecting CXX compiler ABI info
-- Detecting CXX compiler ABI info - done
-- Check for working CXX compiler: /usr/bin/c++ - skipped
-- Detecting CXX compile features
-- Detecting CXX compile features - done
-- Found ament_cmake: 1.3.12 (/opt/ros/humble/share/ament_cmake/cmake)
-- Found Python3: /usr/bin/python3 (found version "3.10.12") found components: Interpreter 
-- Found rclcpp: 16.0.16 (/opt/ros/humble/share/rclcpp/cmake)
-- Found rosidl_generator_c: 3.1.7 (/opt/ros/humble/share/rosidl_generator_c/cmake)
-- Found rosidl_adapter: 3.1.7 (/opt/ros/humble/share/rosidl_adapter/cmake)
-- Found rosidl_generator_cpp: 3.1.7 (/opt/ros/humble/share/rosidl_generator_cpp/cmake)
-- Using all available rosidl_typesupport_c: rosidl_typesupport_fastrtps_c;rosidl_typesupport_introspection_c
-- Using all available rosidl_typesupport_cpp: rosidl_typesupport_fastrtps_cpp;rosidl_typesupport_introspection_cpp
-- Found rmw_implementation_cmake: 6.1.2 (/opt/ros/humble/share/rmw_implementation_cmake/cmake)
-- Found rmw_cyclonedds_cpp: 1.3.4 (/opt/ros/humble/share/rmw_cyclonedds_cpp/cmake)
-- Using RMW implementation 'rmw_cyclonedds_cpp' as default
-- Looking for pthread.h
-- Looking for pthread.h - found
-- Performing Test CMAKE_HAVE_LIBC_PTHREAD
-- Performing Test CMAKE_HAVE_LIBC_PTHREAD - Success
-- Found Threads: TRUE  
-- Found tf2: 0.25.17 (/opt/ros/humble/share/tf2/cmake)
-- Found tf2_ros: 0.25.17 (/opt/ros/humble/share/tf2_ros/cmake)
-- Found tf2_geometry_msgs: 0.25.17 (/opt/ros/humble/share/tf2_geometry_msgs/cmake)
-- Found eigen3_cmake_module: 0.1.1 (/opt/ros/humble/share/eigen3_cmake_module/cmake)
-- Found Eigen3: TRUE (found version "3.4.0") 
-- Ensuring Eigen3 include directory is part of orocos-kdl CMake target
-- Found nav2_behavior_tree: 1.1.20 (/home/ssafy/nav2_ws/install/nav2_behavior_tree/share/nav2_behavior_tree/cmake)
-- Configuring done
-- Generating done
-- Build files have been written to: /home/ssafy/robot_ws/src/build/rc_nav2_bt_nodes
[ 25%] [32mBuilding CXX object CMakeFiles/rc_nav2_bt_nodes.dir/src/compute_approach_goal.cpp.o[0m
[ 50%] [32mBuilding CXX object CMakeFiles/rc_nav2_bt_nodes.dir/src/compute_approach_goals.cpp.o[0m
[ 75%] [32mBuilding CXX object CMakeFiles/rc_nav2_bt_nodes.dir/src/near_goal_stopped_condition.cpp.o[0m
[100%] [32m[1mLinking CXX shared library librc_nav2_bt_nodes.so[0m
[100%] Built target rc_nav2_bt_nodes
-- Install configuration: ""
-- Installing: /home/ssafy/robot_ws/src/install/rc_nav2_bt_nodes/lib/librc_nav2_bt_nodes.so
-- Set runtime path of "/home/ssafy/robot_ws/src/install/rc_nav2_bt_nodes/lib/librc_nav2_bt_nodes.so" to ""
-- Installing: /home/ssafy/robot_ws/src/install/rc_nav2_bt_nodes/include
-- Installing: /home/ssafy/robot_ws/src/install/rc_nav2_bt_nodes/include/rc_nav2_bt_nodes
-- Installing: /home/ssafy/robot_ws/src/install/rc_nav2_bt_nodes/include/rc_nav2_bt_nodes/compute_approach_goals.hpp
-- Installing: /home/ssafy/robot_ws/src/install/rc_nav2_bt_nodes/include/rc_nav2_bt_nodes/compute_approach_goal.hpp
-- Installing: /home/ssafy/robot_ws/src/install/rc_nav2_bt_nodes/include/rc_nav2_bt_nodes/near_goal_stopped_condition.hpp
-- Installing: /home/ssafy/robot_ws/src/install/rc_nav2_bt_nodes/share/rc_nav2_bt_nodes/behavior_tree
-- Installing: /home/ssafy/robot_ws/src/install/rc_nav2_bt_nodes/share/rc_nav2_bt_nodes/behavior_tree/near_goal_stopped_bt_node.xml
-- Installing: /home/ssafy/robot_ws/src/install/rc_nav2_bt_nodes/share/ament_index/resource_index/package_run_dependencies/rc_nav2_bt_nodes
-- Installing: /home/ssafy/robot_ws/src/install/rc_nav2_bt_nodes/share/ament_index/resource_index/parent_prefix_path/rc_nav2_bt_nodes
-- Installing: /home/ssafy/robot_ws/src/install/rc_nav2_bt_nodes/share/rc_nav2_bt_nodes/environment/ament_prefix_path.sh
-- Installing: /home/ssafy/robot_ws/src/install/rc_nav2_bt_nodes/share/rc_nav2_bt_nodes/environment/ament_prefix_path.dsv
-- Installing: /home/ssafy/robot_ws/src/install/rc_nav2_bt_nodes/share/rc_nav2_bt_nodes/environment/path.sh
-- Installing: /home/ssafy/robot_ws/src/install/rc_nav2_bt_nodes/share/rc_nav2_bt_nodes/environment/path.dsv
-- Installing: /home/ssafy/robot_ws/src/install/rc_nav2_bt_nodes/share/rc_nav2_bt_nodes/local_setup.bash
-- Installing: /home/ssafy/robot_ws/src/install/rc_nav2_bt_nodes/share/rc_nav2_bt_nodes/local_setup.sh
-- Installing: /home/ssafy/robot_ws/src/install/rc_nav2_bt_nodes/share/rc_nav2_bt_nodes/local_setup.zsh
-- Installing: /home/ssafy/robot_ws/src/install/rc_nav2_bt_nodes/share/rc_nav2_bt_nodes/local_setup.dsv
-- Installing: /home/ssafy/robot_ws/src/install/rc_nav2_bt_nodes/share/rc_nav2_bt_nodes/package.dsv
-- Installing: /home/ssafy/robot_ws/src/install/rc_nav2_bt_nodes/share/ament_index/resource_index/packages/rc_nav2_bt_nodes
-- Installing: /home/ssafy/robot_ws/src/install/rc_nav2_bt_nodes/share/rc_nav2_bt_nodes/cmake/rc_nav2_bt_nodesConfig.cmake
-- Installing: /home/ssafy/robot_ws/src/install/rc_nav2_bt_nodes/share/rc_nav2_bt_nodes/cmake/rc_nav2_bt_nodesConfig-version.cmake
-- Installing: /home/ssafy/robot_ws/src/install/rc_nav2_bt_nodes/share/rc_nav2_bt_nodes/package.xml
