-- The C compiler identification is GNU 11.4.0
-- The CXX compiler identification is GNU 11.4.0
-- Detecting C compiler ABI info
-- Detecting C compiler ABI info - done
-- Check for working C compiler: /usr/bin/cc - skipped
-- Detecting C compile features
-- Detecting C compile features - done
-- Detecting CXX compiler ABI info
-- Detecting CXX compiler ABI info - done
-- Check for working CXX compiler: /usr/bin/c++ - skipped
-- Detecting CXX compile features
-- Detecting CXX compile features - done
-- Found ament_cmake: 1.3.12 (/opt/ros/humble/share/ament_cmake/cmake)
-- Found Python3: /usr/bin/python3 (found version "3.10.12") found components: Interpreter 
-- Looking for ignition-gazebo6 -- found version 6.17.0
-- Searching for dependencies of ignition-gazebo6
-- Looking for sdformat12 -- found version 12.8.0
-- Searching for dependencies of sdformat12
-- Checking for module 'tinyxml2'
--   Found tinyxml2, version 9.0.0
-- Looking for ignition-math6 -- found version 6.15.1
-- Searching for dependencies of ignition-math6
-- Looking for ignition-utils1 -- found version 1.5.1
-- Searching for dependencies of ignition-utils1
-- Looking for ignition-plugin1 -- found version 1.4.0
-- Searching for dependencies of ignition-plugin1
-- Searching for <ignition-plugin1> component [loader]
-- Looking for ignition-plugin1-loader -- found version 1.4.0
-- Searching for dependencies of ignition-plugin1-loader
-- Searching for <ignition-plugin1> component [register]
-- Looking for ignition-plugin1-register -- found version 1.4.0
-- Searching for dependencies of ignition-plugin1-register
-- Looking for ignition-transport11 -- found version 11.4.1
-- Searching for dependencies of ignition-transport11
-- Found Protobuf: /usr/lib/x86_64-linux-gnu/libprotobuf.so (found version "3.12.4") 
-- Config-file not installed for ZeroMQ -- checking for pkg-config
-- Checking for module 'libzmq >= 4'
--   Found libzmq , version 4.3.4
-- Found ZeroMQ: TRUE (Required is at least version "4") 
-- Checking for module 'uuid'
--   Found uuid, version 2.37.2
-- Found UUID: TRUE  
-- Looking for ignition-utils1 -- found version 1.5.1
-- Searching for dependencies of ignition-utils1
-- Searching for <ignition-utils1> component [cli]
-- Looking for ignition-utils1-cli -- found version 1.5.1
-- Searching for dependencies of ignition-utils1-cli
-- Looking for ignition-msgs8 -- found version 8.7.0
-- Searching for dependencies of ignition-msgs8
-- Found Protobuf: /usr/lib/x86_64-linux-gnu/libprotobuf.so (found suitable version "3.12.4", minimum required is "3") 
-- Looking for ignition-math6 -- found version 6.15.1
-- Searching for <ignition-transport11> component [log]
-- Looking for ignition-transport11-log -- found version 11.4.1
-- Searching for dependencies of ignition-transport11-log
-- Searching for <ignition-transport11> component [parameters]
-- Looking for ignition-transport11-parameters -- found version 11.4.1
-- Searching for dependencies of ignition-transport11-parameters
-- Looking for ignition-msgs8 -- found version 8.7.0
-- Looking for ignition-common4 -- found version 4.7.0
-- Searching for dependencies of ignition-common4
-- Looking for dlfcn.h - found
-- Looking for libdl - found
-- Found DL: TRUE  
-- Searching for <ignition-common4> component [profiler]
-- Looking for ignition-common4-profiler -- found version 4.7.0
-- Searching for dependencies of ignition-common4-profiler
-- Searching for <ignition-common4> component [events]
-- Looking for ignition-common4-events -- found version 4.7.0
-- Searching for dependencies of ignition-common4-events
-- Looking for ignition-math6 -- found version 6.15.1
-- Searching for <ignition-common4> component [av]
-- Looking for ignition-common4-av -- found version 4.7.0
-- Searching for dependencies of ignition-common4-av
-- Checking for module 'libswscale'
--   Found libswscale, version 5.9.100
-- Found SWSCALE: TRUE  
-- Checking for module 'libavdevice >= 56.4.100'
--   Found libavdevice , version 58.13.100
-- Found AVDEVICE: TRUE (Required is at least version "56.4.100") 
-- Checking for module 'libavformat'
--   Found libavformat, version 58.76.100
-- Found AVFORMAT: TRUE  
-- Checking for module 'libavcodec'
--   Found libavcodec, version 58.134.100
-- Found AVCODEC: TRUE  
-- Checking for module 'libavutil'
--   Found libavutil, version 56.70.100
-- Found AVUTIL: TRUE  
-- Looking for ignition-fuel_tools7 -- found version 7.3.1
-- Searching for dependencies of ignition-fuel_tools7
-- Found CURL: /usr/lib/x86_64-linux-gnu/libcurl.so (found version "7.81.0")  
-- Checking for module 'jsoncpp'
--   Found jsoncpp, version 1.9.5
-- Found JSONCPP: TRUE  
-- Checking for module 'libzip'
--   Found libzip, version 1.7.3
-- Found ZIP: TRUE  
-- Looking for ignition-common4 -- found version 4.7.0
-- Looking for ignition-math6 -- found version 6.15.1
-- Looking for ignition-msgs8 -- found version 8.7.0
-- Looking for ignition-gui6 -- found version 6.8.0
-- Searching for dependencies of ignition-gui6
-- Looking for ignition-math6 -- found version 6.15.1
-- Looking for ignition-common4 -- found version 4.7.0
-- Looking for ignition-plugin1 -- found version 1.4.0
-- Looking for ignition-transport11 -- found version 11.4.1
-- Looking for ignition-rendering6 -- found version 6.6.3
-- Searching for dependencies of ignition-rendering6
-- Looking for ignition-math6 -- found version 6.15.1
-- Searching for dependencies of ignition-math6
-- Searching for <ignition-math6> component [eigen3]
-- Looking for ignition-math6-eigen3 -- found version 6.15.1
-- Searching for dependencies of ignition-math6-eigen3
-- Looking for ignition-common4 -- found version 4.7.0
-- Searching for dependencies of ignition-common4
-- Looking for dlfcn.h - found
-- Looking for libdl - found
-- Searching for <ignition-common4> component [graphics]
-- Looking for ignition-common4-graphics -- found version 4.7.0
-- Searching for dependencies of ignition-common4-graphics
-- Looking for ignition-math6 -- found version 6.15.1
-- Looking for ignition-utils1 -- found version 1.5.1
-- Searching for <ignition-common4> component [events]
-- Looking for ignition-plugin1 -- found version 1.4.0
-- Searching for dependencies of ignition-plugin1
-- Searching for <ignition-plugin1> component [all]
-- Looking for all libraries of ignition-plugin1 -- found version 1.4.0
-- Looking for ignition-plugin1 -- found version 1.4.0
-- Looking for ignition-msgs8 -- found version 8.7.0
-- Looking for ignition-physics5 -- found version 5.3.2
-- Searching for dependencies of ignition-physics5
-- Looking for ignition-math6 -- found version 6.15.1
-- Looking for ignition-plugin1 -- found version 1.4.0
-- Looking for ignition-utils1 -- found version 1.5.1
-- Searching for <ignition-physics5> component [heightmap]
-- Looking for ignition-physics5-heightmap -- found version 5.3.2
-- Searching for dependencies of ignition-physics5-heightmap
-- Looking for ignition-common4 -- found version 4.7.0
-- Searching for <ignition-physics5> component [mesh]
-- Looking for ignition-physics5-mesh -- found version 5.3.2
-- Searching for dependencies of ignition-physics5-mesh
-- Looking for ignition-common4 -- found version 4.7.0
-- Searching for <ignition-physics5> component [sdf]
-- Looking for ignition-physics5-sdf -- found version 5.3.2
-- Searching for dependencies of ignition-physics5-sdf
-- Looking for sdformat12 -- found version 12.8.0
-- Looking for ignition-sensors6 -- found version 6.8.1
-- Searching for dependencies of ignition-sensors6
-- Found Protobuf: /usr/lib/x86_64-linux-gnu/libprotobuf.so (found version "3.12.4") 
-- Looking for ignition-math6 -- found version 6.15.1
-- Looking for ignition-common4 -- found version 4.7.0
-- Looking for ignition-transport11 -- found version 11.4.1
-- Looking for ignition-rendering6 -- found version 6.6.3
-- Looking for ignition-msgs8 -- found version 8.7.0
-- Looking for sdformat12 -- found version 12.8.0
-- Searching for <ignition-sensors6> component [air_pressure]
-- Looking for ignition-sensors6-air_pressure -- found version 6.8.1
-- Searching for dependencies of ignition-sensors6-air_pressure
-- Searching for <ignition-sensors6> component [altimeter]
-- Looking for ignition-sensors6-altimeter -- found version 6.8.1
-- Searching for dependencies of ignition-sensors6-altimeter
-- Searching for <ignition-sensors6> component [imu]
-- Looking for ignition-sensors6-imu -- found version 6.8.1
-- Searching for dependencies of ignition-sensors6-imu
-- Searching for <ignition-sensors6> component [force_torque]
-- Looking for ignition-sensors6-force_torque -- found version 6.8.1
-- Searching for dependencies of ignition-sensors6-force_torque
-- Searching for <ignition-sensors6> component [logical_camera]
-- Looking for ignition-sensors6-logical_camera -- found version 6.8.1
-- Searching for dependencies of ignition-sensors6-logical_camera
-- Searching for <ignition-sensors6> component [magnetometer]
-- Looking for ignition-sensors6-magnetometer -- found version 6.8.1
-- Searching for dependencies of ignition-sensors6-magnetometer
-- Searching for <ignition-sensors6> component [navsat]
-- Looking for ignition-sensors6-navsat -- found version 6.8.1
-- Searching for dependencies of ignition-sensors6-navsat
-- Searching for <ignition-sensors6> component [rendering]
-- Looking for ignition-sensors6-rendering -- found version 6.8.1
-- Searching for dependencies of ignition-sensors6-rendering
-- Searching for <ignition-sensors6> component [lidar]
-- Looking for ignition-sensors6-lidar -- found version 6.8.1
-- Searching for dependencies of ignition-sensors6-lidar
-- Looking for ignition-sensors6 -- found version 6.8.1
-- Searching for <ignition-sensors6> component [gpu_lidar]
-- Looking for ignition-sensors6-gpu_lidar -- found version 6.8.1
-- Searching for dependencies of ignition-sensors6-gpu_lidar
-- Looking for ignition-sensors6 -- found version 6.8.1
-- Searching for <ignition-sensors6> component [camera]
-- Looking for ignition-sensors6-camera -- found version 6.8.1
-- Searching for dependencies of ignition-sensors6-camera
-- Looking for ignition-sensors6 -- found version 6.8.1
-- Searching for <ignition-sensors6> component [boundingbox_camera]
-- Looking for ignition-sensors6-boundingbox_camera -- found version 6.8.1
-- Searching for dependencies of ignition-sensors6-boundingbox_camera
-- Searching for <ignition-sensors6> component [segmentation_camera]
-- Looking for ignition-sensors6-segmentation_camera -- found version 6.8.1
-- Searching for dependencies of ignition-sensors6-segmentation_camera
-- Searching for <ignition-sensors6> component [depth_camera]
-- Looking for ignition-sensors6-depth_camera -- found version 6.8.1
-- Searching for dependencies of ignition-sensors6-depth_camera
-- Looking for ignition-sensors6 -- found version 6.8.1
-- Searching for <ignition-sensors6> component [rgbd_camera]
-- Looking for ignition-sensors6-rgbd_camera -- found version 6.8.1
-- Searching for dependencies of ignition-sensors6-rgbd_camera
-- Looking for ignition-sensors6 -- found version 6.8.1
-- Searching for <ignition-sensors6> component [thermal_camera]
-- Looking for ignition-sensors6-thermal_camera -- found version 6.8.1
-- Searching for dependencies of ignition-sensors6-thermal_camera
-- Looking for ignition-sensors6 -- found version 6.8.1
-- Looking for ignition-rendering6 -- found version 6.6.3
-- Looking for ignition-math6 -- found version 6.15.1
-- Looking for ignition-utils1 -- found version 1.5.1
-- Found rclcpp: 16.0.16 (/opt/ros/humble/share/rclcpp/cmake)
-- Found rosidl_generator_c: 3.1.7 (/opt/ros/humble/share/rosidl_generator_c/cmake)
-- Found rosidl_adapter: 3.1.7 (/opt/ros/humble/share/rosidl_adapter/cmake)
-- Found rosidl_generator_cpp: 3.1.7 (/opt/ros/humble/share/rosidl_generator_cpp/cmake)
-- Using all available rosidl_typesupport_c: rosidl_typesupport_fastrtps_c;rosidl_typesupport_introspection_c
-- Using all available rosidl_typesupport_cpp: rosidl_typesupport_fastrtps_cpp;rosidl_typesupport_introspection_cpp
-- Found rmw_implementation_cmake: 6.1.2 (/opt/ros/humble/share/rmw_implementation_cmake/cmake)
-- Found rmw_cyclonedds_cpp: 1.3.4 (/opt/ros/humble/share/rmw_cyclonedds_cpp/cmake)
-- Using RMW implementation 'rmw_cyclonedds_cpp' as default
-- Found Threads: TRUE  
-- Found std_srvs: 4.9.0 (/opt/ros/humble/share/std_srvs/cmake)
-- Looking for ignition-gazebo6 -- found version 6.17.0
-- Looking for ignition-math6 -- found version 6.15.1
-- Looking for ignition-transport11 -- found version 11.4.1
-- Found ament_lint_auto: 0.12.14 (/opt/ros/humble/share/ament_lint_auto/cmake)
-- Added test 'cppcheck' to perform static code analysis on C / C++ code
-- Configured cppcheck include dirs: 
-- Configured cppcheck exclude dirs and/or files: 
-- Added test 'flake8' to check Python code syntax and style conventions
-- Added test 'lint_cmake' to check CMake code style
-- Added test 'pep257' to check Python code against some of the docstring style conventions in PEP 257
-- Added test 'uncrustify' to check C / C++ code style
-- Configured uncrustify additional arguments: 
-- Added test 'xmllint' to check XML markup files
-- Configuring done
-- Generating done
-- Build files have been written to: /home/ssafy/robot_ws/src/build/jetank_description
[ 50%] [32mBuilding CXX object plugins/CMakeFiles/conveyor_plugin.dir/conveyor_plugin.cpp.o[0m
[100%] [32m[1mLinking CXX shared library libconveyor_plugin.so[0m
[100%] Built target conveyor_plugin
-- Install configuration: ""
-- Installing: /home/ssafy/robot_ws/src/install/jetank_description/share/jetank_description/launch
-- Installing: /home/ssafy/robot_ws/src/install/jetank_description/share/jetank_description/launch/gazebo1.launch.py
-- Installing: /home/ssafy/robot_ws/src/install/jetank_description/share/jetank_description/launch/gazebo.launch.py
-- Installing: /home/ssafy/robot_ws/src/install/jetank_description/share/jetank_description/launch/jetank_controllers.launch.py
-- Installing: /home/ssafy/robot_ws/src/install/jetank_description/share/jetank_description/launch/gazebo.launch_backup.py
-- Installing: /home/ssafy/robot_ws/src/install/jetank_description/share/jetank_description/launch/jetank_description.launch.py
-- Installing: /home/ssafy/robot_ws/src/install/jetank_description/share/jetank_description/urdf
-- Installing: /home/ssafy/robot_ws/src/install/jetank_description/share/jetank_description/urdf/jetank_materials.xacro
-- Installing: /home/ssafy/robot_ws/src/install/jetank_description/share/jetank_description/urdf/jetank_main.xacro
-- Installing: /home/ssafy/robot_ws/src/install/jetank_description/share/jetank_description/urdf/jetank_controllers.xacro
-- Installing: /home/ssafy/robot_ws/src/install/jetank_description/share/jetank_description/urdf/base.urdf
-- Installing: /home/ssafy/robot_ws/src/install/jetank_description/share/jetank_description/urdf/jetank_main.gazebo
-- Installing: /home/ssafy/robot_ws/src/install/jetank_description/share/jetank_description/urdf/jetank_sensors.xacro
-- Installing: /home/ssafy/robot_ws/src/install/jetank_description/share/jetank_description/urdf/jenga.urdf
-- Installing: /home/ssafy/robot_ws/src/install/jetank_description/share/jetank_description/worlds
-- Installing: /home/ssafy/robot_ws/src/install/jetank_description/share/jetank_description/worlds/detachablee_join.sdf
-- Installing: /home/ssafy/robot_ws/src/install/jetank_description/share/jetank_description/worlds/empty_world.sdf
-- Installing: /home/ssafy/robot_ws/src/install/jetank_description/share/jetank_description/models
-- Installing: /home/ssafy/robot_ws/src/install/jetank_description/share/jetank_description/models/conveyor_belt
-- Installing: /home/ssafy/robot_ws/src/install/jetank_description/share/jetank_description/models/conveyor_belt/model.config
-- Installing: /home/ssafy/robot_ws/src/install/jetank_description/share/jetank_description/models/conveyor_belt/meshes
-- Installing: /home/ssafy/robot_ws/src/install/jetank_description/share/jetank_description/models/conveyor_belt/meshes/conveyor_belt.dae
-- Installing: /home/ssafy/robot_ws/src/install/jetank_description/share/jetank_description/models/conveyor_belt/meshes/conveyor_belt1.dae
-- Installing: /home/ssafy/robot_ws/src/install/jetank_description/share/jetank_description/models/conveyor_belt/meshes/conveyor_belt.blend
-- Installing: /home/ssafy/robot_ws/src/install/jetank_description/share/jetank_description/models/conveyor_belt/meshes/conveyor_belt.stl
-- Installing: /home/ssafy/robot_ws/src/install/jetank_description/share/jetank_description/models/conveyor_belt/model.sdf
-- Installing: /home/ssafy/robot_ws/src/install/jetank_description/share/jetank_description/models/jenga_magnetic
-- Installing: /home/ssafy/robot_ws/src/install/jetank_description/share/jetank_description/models/jenga_magnetic/model.config
-- Installing: /home/ssafy/robot_ws/src/install/jetank_description/share/jetank_description/models/jenga_magnetic/model.sdf
-- Installing: /home/ssafy/robot_ws/src/install/jetank_description/share/jetank_description/meshes
-- Installing: /home/ssafy/robot_ws/src/install/jetank_description/share/jetank_description/meshes/visual
-- Installing: /home/ssafy/robot_ws/src/install/jetank_description/share/jetank_description/meshes/visual/BEARING_1.stl
-- Installing: /home/ssafy/robot_ws/src/install/jetank_description/share/jetank_description/meshes/visual/base_link.stl
-- Installing: /home/ssafy/robot_ws/src/install/jetank_description/share/jetank_description/meshes/visual/ARM_LOWER_1.stl
-- Installing: /home/ssafy/robot_ws/src/install/jetank_description/share/jetank_description/meshes/visual/MAGNETIC_BAR_1.stl
-- Installing: /home/ssafy/robot_ws/src/install/jetank_description/share/jetank_description/meshes/visual/SERVO_END_1.stl
-- Installing: /home/ssafy/robot_ws/src/install/jetank_description/share/jetank_description/meshes/visual/FREE_WHEEL_L_1.stl
-- Installing: /home/ssafy/robot_ws/src/install/jetank_description/share/jetank_description/meshes/visual/CAM_HOLDER.stl
-- Installing: /home/ssafy/robot_ws/src/install/jetank_description/share/jetank_description/meshes/visual/SERVO_TOP_1.stl
-- Installing: /home/ssafy/robot_ws/src/install/jetank_description/share/jetank_description/meshes/visual/SERVO_LOWER_1.stl
-- Installing: /home/ssafy/robot_ws/src/install/jetank_description/share/jetank_description/meshes/visual/ARM_LOW_2.stl
-- Installing: /home/ssafy/robot_ws/src/install/jetank_description/share/jetank_description/meshes/visual/FREE_WHEEL_R_1.stl
-- Installing: /home/ssafy/robot_ws/src/install/jetank_description/share/jetank_description/meshes/visual/MAGNETIC_1.stl
-- Installing: /home/ssafy/robot_ws/src/install/jetank_description/share/jetank_description/meshes/visual/ANTENNA_L_1.stl
-- Installing: /home/ssafy/robot_ws/src/install/jetank_description/share/jetank_description/meshes/visual/DRIVER_WHEEL_L_1.stl
-- Installing: /home/ssafy/robot_ws/src/install/jetank_description/share/jetank_description/meshes/visual/CAMERA.stl
-- Installing: /home/ssafy/robot_ws/src/install/jetank_description/share/jetank_description/meshes/visual/ARM_MIDDLE_1.stl
-- Installing: /home/ssafy/robot_ws/src/install/jetank_description/share/jetank_description/meshes/visual/ANTENNA_R_2.stl
-- Installing: /home/ssafy/robot_ws/src/install/jetank_description/share/jetank_description/meshes/visual/SERVO_UPPER_1.stl
-- Installing: /home/ssafy/robot_ws/src/install/jetank_description/share/jetank_description/meshes/visual/DRIVER_WHEEL_R_2.stl
-- Installing: /home/ssafy/robot_ws/src/install/jetank_description/share/jetank_description/meshes/visual/MAGNETIC_HOLDER_1.stl
-- Installing: /home/ssafy/robot_ws/src/install/jetank_description/share/jetank_description/meshes/collision_boxes
-- Installing: /home/ssafy/robot_ws/src/install/jetank_description/share/jetank_description/meshes/collision_boxes/SERVO_UPPER_1_box.stl
-- Installing: /home/ssafy/robot_ws/src/install/jetank_description/share/jetank_description/meshes/collision_boxes/FREE_WHEEL_R_1_box.stl
-- Installing: /home/ssafy/robot_ws/src/install/jetank_description/share/jetank_description/meshes/collision_boxes/MAGNETIC_HOLDER_1_box.stl
-- Installing: /home/ssafy/robot_ws/src/install/jetank_description/share/jetank_description/meshes/collision_boxes/ANTENNA_L_1_box.stl
-- Installing: /home/ssafy/robot_ws/src/install/jetank_description/share/jetank_description/meshes/collision_boxes/ARM_MIDDLE_1_box.stl
-- Installing: /home/ssafy/robot_ws/src/install/jetank_description/share/jetank_description/meshes/collision_boxes/CAMERA_box.stl
-- Installing: /home/ssafy/robot_ws/src/install/jetank_description/share/jetank_description/meshes/collision_boxes/ARM_LOW_2_box.stl
-- Installing: /home/ssafy/robot_ws/src/install/jetank_description/share/jetank_description/meshes/collision_boxes/SERVO_LOWER_1_box.stl
-- Installing: /home/ssafy/robot_ws/src/install/jetank_description/share/jetank_description/meshes/collision_boxes/base_link_box.stl
-- Installing: /home/ssafy/robot_ws/src/install/jetank_description/share/jetank_description/meshes/collision_boxes/MAGNETIC_1_box.stl
-- Installing: /home/ssafy/robot_ws/src/install/jetank_description/share/jetank_description/meshes/collision_boxes/CAM_HOLDER_box.stl
-- Installing: /home/ssafy/robot_ws/src/install/jetank_description/share/jetank_description/meshes/collision_boxes/ARM_LOWER_1_box.stl
-- Installing: /home/ssafy/robot_ws/src/install/jetank_description/share/jetank_description/meshes/collision_boxes/DRIVER_WHEEL_R_2_box.stl
-- Installing: /home/ssafy/robot_ws/src/install/jetank_description/share/jetank_description/meshes/collision_boxes/MAGNETIC_BAR_1_box.stl
-- Installing: /home/ssafy/robot_ws/src/install/jetank_description/share/jetank_description/meshes/collision_boxes/DRIVER_WHEEL_L_1_box.stl
-- Installing: /home/ssafy/robot_ws/src/install/jetank_description/share/jetank_description/meshes/collision_boxes/BEARING_1_box.stl
-- Installing: /home/ssafy/robot_ws/src/install/jetank_description/share/jetank_description/meshes/collision_boxes/ANTENNA_R_2_box.stl
-- Installing: /home/ssafy/robot_ws/src/install/jetank_description/share/jetank_description/meshes/collision_boxes/SERVO_TOP_1_box.stl
-- Installing: /home/ssafy/robot_ws/src/install/jetank_description/share/jetank_description/meshes/collision_boxes/FREE_WHEEL_L_1_box.stl
-- Installing: /home/ssafy/robot_ws/src/install/jetank_description/share/jetank_description/meshes/collision_boxes/SERVO_END_1_box.stl
-- Installing: /home/ssafy/robot_ws/src/install/jetank_description/share/jetank_description/meshes/collision
-- Installing: /home/ssafy/robot_ws/src/install/jetank_description/share/jetank_description/meshes/collision/BEARING_1.stl
-- Installing: /home/ssafy/robot_ws/src/install/jetank_description/share/jetank_description/meshes/collision/base_link.stl
-- Installing: /home/ssafy/robot_ws/src/install/jetank_description/share/jetank_description/meshes/collision/ARM_LOWER_1.stl
-- Installing: /home/ssafy/robot_ws/src/install/jetank_description/share/jetank_description/meshes/collision/MAGNETIC_BAR_1.stl
-- Installing: /home/ssafy/robot_ws/src/install/jetank_description/share/jetank_description/meshes/collision/SERVO_END_1.stl
-- Installing: /home/ssafy/robot_ws/src/install/jetank_description/share/jetank_description/meshes/collision/FREE_WHEEL_L_1.stl
-- Installing: /home/ssafy/robot_ws/src/install/jetank_description/share/jetank_description/meshes/collision/CAM_HOLDER.stl
-- Installing: /home/ssafy/robot_ws/src/install/jetank_description/share/jetank_description/meshes/collision/SERVO_TOP_1.stl
-- Installing: /home/ssafy/robot_ws/src/install/jetank_description/share/jetank_description/meshes/collision/SERVO_LOWER_1.stl
-- Installing: /home/ssafy/robot_ws/src/install/jetank_description/share/jetank_description/meshes/collision/ARM_LOW_2.stl
-- Installing: /home/ssafy/robot_ws/src/install/jetank_description/share/jetank_description/meshes/collision/FREE_WHEEL_R_1.stl
-- Installing: /home/ssafy/robot_ws/src/install/jetank_description/share/jetank_description/meshes/collision/MAGNETIC_1.stl
-- Installing: /home/ssafy/robot_ws/src/install/jetank_description/share/jetank_description/meshes/collision/ANTENNA_L_1.stl
-- Installing: /home/ssafy/robot_ws/src/install/jetank_description/share/jetank_description/meshes/collision/DRIVER_WHEEL_L_1.stl
-- Installing: /home/ssafy/robot_ws/src/install/jetank_description/share/jetank_description/meshes/collision/CAMERA.stl
-- Installing: /home/ssafy/robot_ws/src/install/jetank_description/share/jetank_description/meshes/collision/ARM_MIDDLE_1.stl
-- Installing: /home/ssafy/robot_ws/src/install/jetank_description/share/jetank_description/meshes/collision/ANTENNA_R_2.stl
-- Installing: /home/ssafy/robot_ws/src/install/jetank_description/share/jetank_description/meshes/collision/SERVO_UPPER_1.stl
-- Installing: /home/ssafy/robot_ws/src/install/jetank_description/share/jetank_description/meshes/collision/DRIVER_WHEEL_R_2.stl
-- Installing: /home/ssafy/robot_ws/src/install/jetank_description/share/jetank_description/meshes/collision/MAGNETIC_HOLDER_1.stl
-- Installing: /home/ssafy/robot_ws/src/install/jetank_description/share/jetank_description/config
-- Installing: /home/ssafy/robot_ws/src/install/jetank_description/share/jetank_description/config/gz_bridge.yaml
-- Installing: /home/ssafy/robot_ws/src/install/jetank_description/share/jetank_description/config/rc_car_controllers.yaml
-- Installing: /home/ssafy/robot_ws/src/install/jetank_description/share/jetank_description/config/jetank_nav2.yaml
-- Installing: /home/ssafy/robot_ws/src/install/jetank_description/share/jetank_description/config/jetank_controllers.yaml
-- Installing: /home/ssafy/robot_ws/src/install/jetank_description/share/jetank_description/config/gazebo.rviz
-- Installing: /home/ssafy/robot_ws/src/install/jetank_description/share/jetank_description/config/display.rviz
-- Installing: /home/ssafy/robot_ws/src/install/jetank_description/share/jetank_description/scripts
-- Installing: /home/ssafy/robot_ws/src/install/jetank_description/share/jetank_description/scripts/generate_collision_boxes.py
-- Installing: /home/ssafy/robot_ws/src/install/jetank_description/share/jetank_description/scripts/rc_car_pose_tf.py
-- Installing: /home/ssafy/robot_ws/src/install/jetank_description/share/jetank_description/scripts/detach.py
-- Installing: /home/ssafy/robot_ws/src/install/jetank_description/lib/jetank_description/rc_car_pose_tf.py
-- Installing: /home/ssafy/robot_ws/src/install/jetank_description/share/ament_index/resource_index/package_run_dependencies/jetank_description
-- Installing: /home/ssafy/robot_ws/src/install/jetank_description/share/ament_index/resource_index/parent_prefix_path/jetank_description
-- Installing: /home/ssafy/robot_ws/src/install/jetank_description/share/jetank_description/environment/ament_prefix_path.sh
-- Installing: /home/ssafy/robot_ws/src/install/jetank_description/share/jetank_description/environment/ament_prefix_path.dsv
-- Installing: /home/ssafy/robot_ws/src/install/jetank_description/share/jetank_description/environment/path.sh
-- Installing: /home/ssafy/robot_ws/src/install/jetank_description/share/jetank_description/environment/path.dsv
-- Installing: /home/ssafy/robot_ws/src/install/jetank_description/share/jetank_description/local_setup.bash
-- Installing: /home/ssafy/robot_ws/src/install/jetank_description/share/jetank_description/local_setup.sh
-- Installing: /home/ssafy/robot_ws/src/install/jetank_description/share/jetank_description/local_setup.zsh
-- Installing: /home/ssafy/robot_ws/src/install/jetank_description/share/jetank_description/local_setup.dsv
-- Installing: /home/ssafy/robot_ws/src/install/jetank_description/share/jetank_description/package.dsv
-- Installing: /home/ssafy/robot_ws/src/install/jetank_description/share/ament_index/resource_index/packages/jetank_description
-- Installing: /home/ssafy/robot_ws/src/install/jetank_description/share/jetank_description/cmake/jetank_descriptionConfig.cmake
-- Installing: /home/ssafy/robot_ws/src/install/jetank_description/share/jetank_description/cmake/jetank_descriptionConfig-version.cmake
-- Installing: /home/ssafy/robot_ws/src/install/jetank_description/share/jetank_description/package.xml
-- Installing: /home/ssafy/robot_ws/src/install/jetank_description/lib/libconveyor_plugin.so
-- Set runtime path of "/home/ssafy/robot_ws/src/install/jetank_description/lib/libconveyor_plugin.so" to ""
