[1.829s] Invoking command in '/home/ssafy/robot_ws/src/rc_ackermann_joy': PYTHONPATH=/home/ssafy/robot_ws/src/build/rc_ackermann_joy/prefix_override:/usr/lib/python3/dist-packages/colcon_core/task/python/colcon_distutils_commands:/home/ssafy/robot_ws/src/install/rc_ackermann_joy/lib/python3.10/site-packages:${PYTHONPATH} /usr/bin/python3 -W ignore:setup.py install is deprecated -W ignore:easy_install command is deprecated setup.py egg_info --egg-base ../build/rc_ackermann_joy build --build-base /home/ssafy/robot_ws/src/build/rc_ackermann_joy/build install --record /home/ssafy/robot_ws/src/build/rc_ackermann_joy/install.log --single-version-externally-managed install_data
[2.121s] running egg_info
[2.122s] writing ../build/rc_ackermann_joy/rc_ackermann_joy.egg-info/PKG-INFO
[2.122s] writing dependency_links to ../build/rc_ackermann_joy/rc_ackermann_joy.egg-info/dependency_links.txt
[2.122s] writing entry points to ../build/rc_ackermann_joy/rc_ackermann_joy.egg-info/entry_points.txt
[2.122s] writing requirements to ../build/rc_ackermann_joy/rc_ackermann_joy.egg-info/requires.txt
[2.122s] writing top-level names to ../build/rc_ackermann_joy/rc_ackermann_joy.egg-info/top_level.txt
[2.124s] reading manifest file '../build/rc_ackermann_joy/rc_ackermann_joy.egg-info/SOURCES.txt'
[2.125s] writing manifest file '../build/rc_ackermann_joy/rc_ackermann_joy.egg-info/SOURCES.txt'
[2.125s] running build
[2.125s] running build_py
[2.125s] running install
[2.126s] warning: build_py: byte-compiling is disabled, skipping.
[2.126s] 
[2.126s] running install_lib
[2.127s] warning: install_lib: byte-compiling is disabled, skipping.
[2.127s] 
[2.127s] running install_data
[2.127s] running install_egg_info
[2.129s] removing '/home/ssafy/robot_ws/src/install/rc_ackermann_joy/lib/python3.10/site-packages/rc_ackermann_joy-0.0.0-py3.10.egg-info' (and everything under it)
[2.129s] Copying ../build/rc_ackermann_joy/rc_ackermann_joy.egg-info to /home/ssafy/robot_ws/src/install/rc_ackermann_joy/lib/python3.10/site-packages/rc_ackermann_joy-0.0.0-py3.10.egg-info
[2.130s] running install_scripts
[2.154s] Installing joy_to_ackermann script to /home/ssafy/robot_ws/src/install/rc_ackermann_joy/lib/rc_ackermann_joy
[2.155s] writing list of installed files to '/home/ssafy/robot_ws/src/build/rc_ackermann_joy/install.log'
[2.181s] Invoked command in '/home/ssafy/robot_ws/src/rc_ackermann_joy' returned '0': PYTHONPATH=/home/ssafy/robot_ws/src/build/rc_ackermann_joy/prefix_override:/usr/lib/python3/dist-packages/colcon_core/task/python/colcon_distutils_commands:/home/ssafy/robot_ws/src/install/rc_ackermann_joy/lib/python3.10/site-packages:${PYTHONPATH} /usr/bin/python3 -W ignore:setup.py install is deprecated -W ignore:easy_install command is deprecated setup.py egg_info --egg-base ../build/rc_ackermann_joy build --build-base /home/ssafy/robot_ws/src/build/rc_ackermann_joy/build install --record /home/ssafy/robot_ws/src/build/rc_ackermann_joy/install.log --single-version-externally-managed install_data
