[35m[1mConsolidate compiler generated dependencies of target conveyor_plugin[0m
[100%] Built target conveyor_plugin
-- Install configuration: ""
-- Up-to-date: /home/ssafy/robot_ws/src/install/jetank_description/share/jetank_description/launch
-- Up-to-date: /home/ssafy/robot_ws/src/install/jetank_description/share/jetank_description/launch/gazebo1.launch.py
-- Up-to-date: /home/ssafy/robot_ws/src/install/jetank_description/share/jetank_description/launch/gazebo.launch.py
-- Up-to-date: /home/ssafy/robot_ws/src/install/jetank_description/share/jetank_description/launch/jetank_controllers.launch.py
-- Up-to-date: /home/ssafy/robot_ws/src/install/jetank_description/share/jetank_description/launch/gazebo.launch_backup.py
-- Up-to-date: /home/ssafy/robot_ws/src/install/jetank_description/share/jetank_description/launch/jetank_description.launch.py
-- Up-to-date: /home/ssafy/robot_ws/src/install/jetank_description/share/jetank_description/urdf
-- Up-to-date: /home/ssafy/robot_ws/src/install/jetank_description/share/jetank_description/urdf/jetank_materials.xacro
-- Up-to-date: /home/ssafy/robot_ws/src/install/jetank_description/share/jetank_description/urdf/jetank_main.xacro
-- Up-to-date: /home/ssafy/robot_ws/src/install/jetank_description/share/jetank_description/urdf/jetank_controllers.xacro
-- Up-to-date: /home/ssafy/robot_ws/src/install/jetank_description/share/jetank_description/urdf/base.urdf
-- Up-to-date: /home/ssafy/robot_ws/src/install/jetank_description/share/jetank_description/urdf/jetank_main.gazebo
-- Up-to-date: /home/ssafy/robot_ws/src/install/jetank_description/share/jetank_description/urdf/jetank_sensors.xacro
-- Up-to-date: /home/ssafy/robot_ws/src/install/jetank_description/share/jetank_description/urdf/jenga.urdf
-- Up-to-date: /home/ssafy/robot_ws/src/install/jetank_description/share/jetank_description/worlds
-- Up-to-date: /home/ssafy/robot_ws/src/install/jetank_description/share/jetank_description/worlds/detachablee_join.sdf
-- Up-to-date: /home/ssafy/robot_ws/src/install/jetank_description/share/jetank_description/worlds/empty_world.sdf
-- Up-to-date: /home/ssafy/robot_ws/src/install/jetank_description/share/jetank_description/models
-- Up-to-date: /home/ssafy/robot_ws/src/install/jetank_description/share/jetank_description/models/conveyor_belt
-- Up-to-date: /home/ssafy/robot_ws/src/install/jetank_description/share/jetank_description/models/conveyor_belt/model.config
-- Up-to-date: /home/ssafy/robot_ws/src/install/jetank_description/share/jetank_description/models/conveyor_belt/meshes
-- Up-to-date: /home/ssafy/robot_ws/src/install/jetank_description/share/jetank_description/models/conveyor_belt/meshes/conveyor_belt.dae
-- Up-to-date: /home/ssafy/robot_ws/src/install/jetank_description/share/jetank_description/models/conveyor_belt/meshes/conveyor_belt1.dae
-- Up-to-date: /home/ssafy/robot_ws/src/install/jetank_description/share/jetank_description/models/conveyor_belt/meshes/conveyor_belt.blend
-- Up-to-date: /home/ssafy/robot_ws/src/install/jetank_description/share/jetank_description/models/conveyor_belt/meshes/conveyor_belt.stl
-- Up-to-date: /home/ssafy/robot_ws/src/install/jetank_description/share/jetank_description/models/conveyor_belt/model.sdf
-- Up-to-date: /home/ssafy/robot_ws/src/install/jetank_description/share/jetank_description/models/jenga_magnetic
-- Up-to-date: /home/ssafy/robot_ws/src/install/jetank_description/share/jetank_description/models/jenga_magnetic/model.config
-- Up-to-date: /home/ssafy/robot_ws/src/install/jetank_description/share/jetank_description/models/jenga_magnetic/model.sdf
-- Up-to-date: /home/ssafy/robot_ws/src/install/jetank_description/share/jetank_description/meshes
-- Up-to-date: /home/ssafy/robot_ws/src/install/jetank_description/share/jetank_description/meshes/visual
-- Up-to-date: /home/ssafy/robot_ws/src/install/jetank_description/share/jetank_description/meshes/visual/BEARING_1.stl
-- Up-to-date: /home/ssafy/robot_ws/src/install/jetank_description/share/jetank_description/meshes/visual/base_link.stl
-- Up-to-date: /home/ssafy/robot_ws/src/install/jetank_description/share/jetank_description/meshes/visual/ARM_LOWER_1.stl
-- Up-to-date: /home/ssafy/robot_ws/src/install/jetank_description/share/jetank_description/meshes/visual/MAGNETIC_BAR_1.stl
-- Up-to-date: /home/ssafy/robot_ws/src/install/jetank_description/share/jetank_description/meshes/visual/SERVO_END_1.stl
-- Up-to-date: /home/ssafy/robot_ws/src/install/jetank_description/share/jetank_description/meshes/visual/FREE_WHEEL_L_1.stl
-- Up-to-date: /home/ssafy/robot_ws/src/install/jetank_description/share/jetank_description/meshes/visual/CAM_HOLDER.stl
-- Up-to-date: /home/ssafy/robot_ws/src/install/jetank_description/share/jetank_description/meshes/visual/SERVO_TOP_1.stl
-- Up-to-date: /home/ssafy/robot_ws/src/install/jetank_description/share/jetank_description/meshes/visual/SERVO_LOWER_1.stl
-- Up-to-date: /home/ssafy/robot_ws/src/install/jetank_description/share/jetank_description/meshes/visual/ARM_LOW_2.stl
-- Up-to-date: /home/ssafy/robot_ws/src/install/jetank_description/share/jetank_description/meshes/visual/FREE_WHEEL_R_1.stl
-- Up-to-date: /home/ssafy/robot_ws/src/install/jetank_description/share/jetank_description/meshes/visual/MAGNETIC_1.stl
-- Up-to-date: /home/ssafy/robot_ws/src/install/jetank_description/share/jetank_description/meshes/visual/ANTENNA_L_1.stl
-- Up-to-date: /home/ssafy/robot_ws/src/install/jetank_description/share/jetank_description/meshes/visual/DRIVER_WHEEL_L_1.stl
-- Up-to-date: /home/ssafy/robot_ws/src/install/jetank_description/share/jetank_description/meshes/visual/CAMERA.stl
-- Up-to-date: /home/ssafy/robot_ws/src/install/jetank_description/share/jetank_description/meshes/visual/ARM_MIDDLE_1.stl
-- Up-to-date: /home/ssafy/robot_ws/src/install/jetank_description/share/jetank_description/meshes/visual/ANTENNA_R_2.stl
-- Up-to-date: /home/ssafy/robot_ws/src/install/jetank_description/share/jetank_description/meshes/visual/SERVO_UPPER_1.stl
-- Up-to-date: /home/ssafy/robot_ws/src/install/jetank_description/share/jetank_description/meshes/visual/DRIVER_WHEEL_R_2.stl
-- Up-to-date: /home/ssafy/robot_ws/src/install/jetank_description/share/jetank_description/meshes/visual/MAGNETIC_HOLDER_1.stl
-- Up-to-date: /home/ssafy/robot_ws/src/install/jetank_description/share/jetank_description/meshes/collision_boxes
-- Up-to-date: /home/ssafy/robot_ws/src/install/jetank_description/share/jetank_description/meshes/collision_boxes/SERVO_UPPER_1_box.stl
-- Up-to-date: /home/ssafy/robot_ws/src/install/jetank_description/share/jetank_description/meshes/collision_boxes/FREE_WHEEL_R_1_box.stl
-- Up-to-date: /home/ssafy/robot_ws/src/install/jetank_description/share/jetank_description/meshes/collision_boxes/MAGNETIC_HOLDER_1_box.stl
-- Up-to-date: /home/ssafy/robot_ws/src/install/jetank_description/share/jetank_description/meshes/collision_boxes/ANTENNA_L_1_box.stl
-- Up-to-date: /home/ssafy/robot_ws/src/install/jetank_description/share/jetank_description/meshes/collision_boxes/ARM_MIDDLE_1_box.stl
-- Up-to-date: /home/ssafy/robot_ws/src/install/jetank_description/share/jetank_description/meshes/collision_boxes/CAMERA_box.stl
-- Up-to-date: /home/ssafy/robot_ws/src/install/jetank_description/share/jetank_description/meshes/collision_boxes/ARM_LOW_2_box.stl
-- Up-to-date: /home/ssafy/robot_ws/src/install/jetank_description/share/jetank_description/meshes/collision_boxes/SERVO_LOWER_1_box.stl
-- Up-to-date: /home/ssafy/robot_ws/src/install/jetank_description/share/jetank_description/meshes/collision_boxes/base_link_box.stl
-- Up-to-date: /home/ssafy/robot_ws/src/install/jetank_description/share/jetank_description/meshes/collision_boxes/MAGNETIC_1_box.stl
-- Up-to-date: /home/ssafy/robot_ws/src/install/jetank_description/share/jetank_description/meshes/collision_boxes/CAM_HOLDER_box.stl
-- Up-to-date: /home/ssafy/robot_ws/src/install/jetank_description/share/jetank_description/meshes/collision_boxes/ARM_LOWER_1_box.stl
-- Up-to-date: /home/ssafy/robot_ws/src/install/jetank_description/share/jetank_description/meshes/collision_boxes/DRIVER_WHEEL_R_2_box.stl
-- Up-to-date: /home/ssafy/robot_ws/src/install/jetank_description/share/jetank_description/meshes/collision_boxes/MAGNETIC_BAR_1_box.stl
-- Up-to-date: /home/ssafy/robot_ws/src/install/jetank_description/share/jetank_description/meshes/collision_boxes/DRIVER_WHEEL_L_1_box.stl
-- Up-to-date: /home/ssafy/robot_ws/src/install/jetank_description/share/jetank_description/meshes/collision_boxes/BEARING_1_box.stl
-- Up-to-date: /home/ssafy/robot_ws/src/install/jetank_description/share/jetank_description/meshes/collision_boxes/ANTENNA_R_2_box.stl
-- Up-to-date: /home/ssafy/robot_ws/src/install/jetank_description/share/jetank_description/meshes/collision_boxes/SERVO_TOP_1_box.stl
-- Up-to-date: /home/ssafy/robot_ws/src/install/jetank_description/share/jetank_description/meshes/collision_boxes/FREE_WHEEL_L_1_box.stl
-- Up-to-date: /home/ssafy/robot_ws/src/install/jetank_description/share/jetank_description/meshes/collision_boxes/SERVO_END_1_box.stl
-- Up-to-date: /home/ssafy/robot_ws/src/install/jetank_description/share/jetank_description/meshes/collision
-- Up-to-date: /home/ssafy/robot_ws/src/install/jetank_description/share/jetank_description/meshes/collision/BEARING_1.stl
-- Up-to-date: /home/ssafy/robot_ws/src/install/jetank_description/share/jetank_description/meshes/collision/base_link.stl
-- Up-to-date: /home/ssafy/robot_ws/src/install/jetank_description/share/jetank_description/meshes/collision/ARM_LOWER_1.stl
-- Up-to-date: /home/ssafy/robot_ws/src/install/jetank_description/share/jetank_description/meshes/collision/MAGNETIC_BAR_1.stl
-- Up-to-date: /home/ssafy/robot_ws/src/install/jetank_description/share/jetank_description/meshes/collision/SERVO_END_1.stl
-- Up-to-date: /home/ssafy/robot_ws/src/install/jetank_description/share/jetank_description/meshes/collision/FREE_WHEEL_L_1.stl
-- Up-to-date: /home/ssafy/robot_ws/src/install/jetank_description/share/jetank_description/meshes/collision/CAM_HOLDER.stl
-- Up-to-date: /home/ssafy/robot_ws/src/install/jetank_description/share/jetank_description/meshes/collision/SERVO_TOP_1.stl
-- Up-to-date: /home/ssafy/robot_ws/src/install/jetank_description/share/jetank_description/meshes/collision/SERVO_LOWER_1.stl
-- Up-to-date: /home/ssafy/robot_ws/src/install/jetank_description/share/jetank_description/meshes/collision/ARM_LOW_2.stl
-- Up-to-date: /home/ssafy/robot_ws/src/install/jetank_description/share/jetank_description/meshes/collision/FREE_WHEEL_R_1.stl
-- Up-to-date: /home/ssafy/robot_ws/src/install/jetank_description/share/jetank_description/meshes/collision/MAGNETIC_1.stl
-- Up-to-date: /home/ssafy/robot_ws/src/install/jetank_description/share/jetank_description/meshes/collision/ANTENNA_L_1.stl
-- Up-to-date: /home/ssafy/robot_ws/src/install/jetank_description/share/jetank_description/meshes/collision/DRIVER_WHEEL_L_1.stl
-- Up-to-date: /home/ssafy/robot_ws/src/install/jetank_description/share/jetank_description/meshes/collision/CAMERA.stl
-- Up-to-date: /home/ssafy/robot_ws/src/install/jetank_description/share/jetank_description/meshes/collision/ARM_MIDDLE_1.stl
-- Up-to-date: /home/ssafy/robot_ws/src/install/jetank_description/share/jetank_description/meshes/collision/ANTENNA_R_2.stl
-- Up-to-date: /home/ssafy/robot_ws/src/install/jetank_description/share/jetank_description/meshes/collision/SERVO_UPPER_1.stl
-- Up-to-date: /home/ssafy/robot_ws/src/install/jetank_description/share/jetank_description/meshes/collision/DRIVER_WHEEL_R_2.stl
-- Up-to-date: /home/ssafy/robot_ws/src/install/jetank_description/share/jetank_description/meshes/collision/MAGNETIC_HOLDER_1.stl
-- Up-to-date: /home/ssafy/robot_ws/src/install/jetank_description/share/jetank_description/config
-- Up-to-date: /home/ssafy/robot_ws/src/install/jetank_description/share/jetank_description/config/gz_bridge.yaml
-- Up-to-date: /home/ssafy/robot_ws/src/install/jetank_description/share/jetank_description/config/rc_car_controllers.yaml
-- Up-to-date: /home/ssafy/robot_ws/src/install/jetank_description/share/jetank_description/config/jetank_nav2.yaml
-- Up-to-date: /home/ssafy/robot_ws/src/install/jetank_description/share/jetank_description/config/jetank_controllers.yaml
-- Up-to-date: /home/ssafy/robot_ws/src/install/jetank_description/share/jetank_description/config/gazebo.rviz
-- Up-to-date: /home/ssafy/robot_ws/src/install/jetank_description/share/jetank_description/config/display.rviz
-- Up-to-date: /home/ssafy/robot_ws/src/install/jetank_description/share/jetank_description/scripts
-- Up-to-date: /home/ssafy/robot_ws/src/install/jetank_description/share/jetank_description/scripts/generate_collision_boxes.py
-- Up-to-date: /home/ssafy/robot_ws/src/install/jetank_description/share/jetank_description/scripts/rc_car_pose_tf.py
-- Up-to-date: /home/ssafy/robot_ws/src/install/jetank_description/share/jetank_description/scripts/detach.py
-- Up-to-date: /home/ssafy/robot_ws/src/install/jetank_description/lib/jetank_description/rc_car_pose_tf.py
-- Up-to-date: /home/ssafy/robot_ws/src/install/jetank_description/share/ament_index/resource_index/package_run_dependencies/jetank_description
-- Up-to-date: /home/ssafy/robot_ws/src/install/jetank_description/share/ament_index/resource_index/parent_prefix_path/jetank_description
-- Up-to-date: /home/ssafy/robot_ws/src/install/jetank_description/share/jetank_description/environment/ament_prefix_path.sh
-- Up-to-date: /home/ssafy/robot_ws/src/install/jetank_description/share/jetank_description/environment/ament_prefix_path.dsv
-- Up-to-date: /home/ssafy/robot_ws/src/install/jetank_description/share/jetank_description/environment/path.sh
-- Up-to-date: /home/ssafy/robot_ws/src/install/jetank_description/share/jetank_description/environment/path.dsv
-- Up-to-date: /home/ssafy/robot_ws/src/install/jetank_description/share/jetank_description/local_setup.bash
-- Up-to-date: /home/ssafy/robot_ws/src/install/jetank_description/share/jetank_description/local_setup.sh
-- Up-to-date: /home/ssafy/robot_ws/src/install/jetank_description/share/jetank_description/local_setup.zsh
-- Up-to-date: /home/ssafy/robot_ws/src/install/jetank_description/share/jetank_description/local_setup.dsv
-- Installing: /home/ssafy/robot_ws/src/install/jetank_description/share/jetank_description/package.dsv
-- Up-to-date: /home/ssafy/robot_ws/src/install/jetank_description/share/ament_index/resource_index/packages/jetank_description
-- Up-to-date: /home/ssafy/robot_ws/src/install/jetank_description/share/jetank_description/cmake/jetank_descriptionConfig.cmake
-- Up-to-date: /home/ssafy/robot_ws/src/install/jetank_description/share/jetank_description/cmake/jetank_descriptionConfig-version.cmake
-- Up-to-date: /home/ssafy/robot_ws/src/install/jetank_description/share/jetank_description/package.xml
-- Up-to-date: /home/ssafy/robot_ws/src/install/jetank_description/lib/libconveyor_plugin.so
