[0.379s] Invoking command in '/home/ssafy/robot_ws/src/build/jetank_description': CMAKE_PREFIX_PATH=${CMAKE_PREFIX_PATH}:/home/ssafy/robot_ws/install/rc_ackermann_joy:/home/ssafy/robot_ws/install/rc_nav2_bringup:/home/ssafy/robot_ws/install/rc_car_test_description:/home/ssafy/robot_ws/install/nav2_remote_goal:/home/ssafy/rtabmap_ws/install/rtabmap_python:/opt/ros/humble /usr/bin/cmake --build /home/ssafy/robot_ws/src/build/jetank_description -- -j16 -l16
[1.372s] [35m[1mConsolidate compiler generated dependencies of target conveyor_plugin[0m
[1.372s] [100%] Built target conveyor_plugin
[1.387s] Invoked command in '/home/ssafy/robot_ws/src/build/jetank_description' returned '0': CMAKE_PREFIX_PATH=${CMAKE_PREFIX_PATH}:/home/ssafy/robot_ws/install/rc_ackermann_joy:/home/ssafy/robot_ws/install/rc_nav2_bringup:/home/ssafy/robot_ws/install/rc_car_test_description:/home/ssafy/robot_ws/install/nav2_remote_goal:/home/ssafy/rtabmap_ws/install/rtabmap_python:/opt/ros/humble /usr/bin/cmake --build /home/ssafy/robot_ws/src/build/jetank_description -- -j16 -l16
[1.389s] Invoking command in '/home/ssafy/robot_ws/src/build/jetank_description': CMAKE_PREFIX_PATH=${CMAKE_PREFIX_PATH}:/home/ssafy/robot_ws/install/rc_ackermann_joy:/home/ssafy/robot_ws/install/rc_nav2_bringup:/home/ssafy/robot_ws/install/rc_car_test_description:/home/ssafy/robot_ws/install/nav2_remote_goal:/home/ssafy/rtabmap_ws/install/rtabmap_python:/opt/ros/humble /usr/bin/cmake --install /home/ssafy/robot_ws/src/build/jetank_description
[1.402s] -- Install configuration: ""
[1.402s] -- Up-to-date: /home/ssafy/robot_ws/src/install/jetank_description/share/jetank_description/launch
[1.402s] -- Up-to-date: /home/ssafy/robot_ws/src/install/jetank_description/share/jetank_description/launch/gazebo1.launch.py
[1.402s] -- Up-to-date: /home/ssafy/robot_ws/src/install/jetank_description/share/jetank_description/launch/gazebo.launch.py
[1.402s] -- Up-to-date: /home/ssafy/robot_ws/src/install/jetank_description/share/jetank_description/launch/jetank_controllers.launch.py
[1.402s] -- Up-to-date: /home/ssafy/robot_ws/src/install/jetank_description/share/jetank_description/launch/gazebo.launch_backup.py
[1.402s] -- Up-to-date: /home/ssafy/robot_ws/src/install/jetank_description/share/jetank_description/launch/jetank_description.launch.py
[1.402s] -- Up-to-date: /home/ssafy/robot_ws/src/install/jetank_description/share/jetank_description/urdf
[1.403s] -- Up-to-date: /home/ssafy/robot_ws/src/install/jetank_description/share/jetank_description/urdf/jetank_materials.xacro
[1.403s] -- Up-to-date: /home/ssafy/robot_ws/src/install/jetank_description/share/jetank_description/urdf/jetank_main.xacro
[1.403s] -- Up-to-date: /home/ssafy/robot_ws/src/install/jetank_description/share/jetank_description/urdf/jetank_controllers.xacro
[1.404s] -- Up-to-date: /home/ssafy/robot_ws/src/install/jetank_description/share/jetank_description/urdf/base.urdf
[1.404s] -- Up-to-date: /home/ssafy/robot_ws/src/install/jetank_description/share/jetank_description/urdf/jetank_main.gazebo
[1.405s] -- Up-to-date: /home/ssafy/robot_ws/src/install/jetank_description/share/jetank_description/urdf/jetank_sensors.xacro
[1.406s] -- Up-to-date: /home/ssafy/robot_ws/src/install/jetank_description/share/jetank_description/urdf/jenga.urdf
[1.406s] -- Up-to-date: /home/ssafy/robot_ws/src/install/jetank_description/share/jetank_description/worlds
[1.406s] -- Up-to-date: /home/ssafy/robot_ws/src/install/jetank_description/share/jetank_description/worlds/detachablee_join.sdf
[1.406s] -- Up-to-date: /home/ssafy/robot_ws/src/install/jetank_description/share/jetank_description/worlds/empty_world.sdf
[1.406s] -- Up-to-date: /home/ssafy/robot_ws/src/install/jetank_description/share/jetank_description/models
[1.406s] -- Up-to-date: /home/ssafy/robot_ws/src/install/jetank_description/share/jetank_description/models/conveyor_belt
[1.406s] -- Up-to-date: /home/ssafy/robot_ws/src/install/jetank_description/share/jetank_description/models/conveyor_belt/model.config
[1.406s] -- Up-to-date: /home/ssafy/robot_ws/src/install/jetank_description/share/jetank_description/models/conveyor_belt/meshes
[1.406s] -- Up-to-date: /home/ssafy/robot_ws/src/install/jetank_description/share/jetank_description/models/conveyor_belt/meshes/conveyor_belt.dae
[1.407s] -- Up-to-date: /home/ssafy/robot_ws/src/install/jetank_description/share/jetank_description/models/conveyor_belt/meshes/conveyor_belt1.dae
[1.407s] -- Up-to-date: /home/ssafy/robot_ws/src/install/jetank_description/share/jetank_description/models/conveyor_belt/meshes/conveyor_belt.blend
[1.407s] -- Up-to-date: /home/ssafy/robot_ws/src/install/jetank_description/share/jetank_description/models/conveyor_belt/meshes/conveyor_belt.stl
[1.407s] -- Up-to-date: /home/ssafy/robot_ws/src/install/jetank_description/share/jetank_description/models/conveyor_belt/model.sdf
[1.407s] -- Up-to-date: /home/ssafy/robot_ws/src/install/jetank_description/share/jetank_description/models/jenga_magnetic
[1.407s] -- Up-to-date: /home/ssafy/robot_ws/src/install/jetank_description/share/jetank_description/models/jenga_magnetic/model.config
[1.407s] -- Up-to-date: /home/ssafy/robot_ws/src/install/jetank_description/share/jetank_description/models/jenga_magnetic/model.sdf
[1.407s] -- Up-to-date: /home/ssafy/robot_ws/src/install/jetank_description/share/jetank_description/meshes
[1.407s] -- Up-to-date: /home/ssafy/robot_ws/src/install/jetank_description/share/jetank_description/meshes/visual
[1.407s] -- Up-to-date: /home/ssafy/robot_ws/src/install/jetank_description/share/jetank_description/meshes/visual/BEARING_1.stl
[1.407s] -- Up-to-date: /home/ssafy/robot_ws/src/install/jetank_description/share/jetank_description/meshes/visual/base_link.stl
[1.408s] -- Up-to-date: /home/ssafy/robot_ws/src/install/jetank_description/share/jetank_description/meshes/visual/ARM_LOWER_1.stl
[1.408s] -- Up-to-date: /home/ssafy/robot_ws/src/install/jetank_description/share/jetank_description/meshes/visual/MAGNETIC_BAR_1.stl
[1.408s] -- Up-to-date: /home/ssafy/robot_ws/src/install/jetank_description/share/jetank_description/meshes/visual/SERVO_END_1.stl
[1.408s] -- Up-to-date: /home/ssafy/robot_ws/src/install/jetank_description/share/jetank_description/meshes/visual/FREE_WHEEL_L_1.stl
[1.408s] -- Up-to-date: /home/ssafy/robot_ws/src/install/jetank_description/share/jetank_description/meshes/visual/CAM_HOLDER.stl
[1.408s] -- Up-to-date: /home/ssafy/robot_ws/src/install/jetank_description/share/jetank_description/meshes/visual/SERVO_TOP_1.stl
[1.408s] -- Up-to-date: /home/ssafy/robot_ws/src/install/jetank_description/share/jetank_description/meshes/visual/SERVO_LOWER_1.stl
[1.408s] -- Up-to-date: /home/ssafy/robot_ws/src/install/jetank_description/share/jetank_description/meshes/visual/ARM_LOW_2.stl
[1.409s] -- Up-to-date: /home/ssafy/robot_ws/src/install/jetank_description/share/jetank_description/meshes/visual/FREE_WHEEL_R_1.stl
[1.409s] -- Up-to-date: /home/ssafy/robot_ws/src/install/jetank_description/share/jetank_description/meshes/visual/MAGNETIC_1.stl
[1.409s] -- Up-to-date: /home/ssafy/robot_ws/src/install/jetank_description/share/jetank_description/meshes/visual/ANTENNA_L_1.stl
[1.409s] -- Up-to-date: /home/ssafy/robot_ws/src/install/jetank_description/share/jetank_description/meshes/visual/DRIVER_WHEEL_L_1.stl
[1.409s] -- Up-to-date: /home/ssafy/robot_ws/src/install/jetank_description/share/jetank_description/meshes/visual/CAMERA.stl
[1.410s] -- Up-to-date: /home/ssafy/robot_ws/src/install/jetank_description/share/jetank_description/meshes/visual/ARM_MIDDLE_1.stl
[1.410s] -- Up-to-date: /home/ssafy/robot_ws/src/install/jetank_description/share/jetank_description/meshes/visual/ANTENNA_R_2.stl
[1.410s] -- Up-to-date: /home/ssafy/robot_ws/src/install/jetank_description/share/jetank_description/meshes/visual/SERVO_UPPER_1.stl
[1.410s] -- Up-to-date: /home/ssafy/robot_ws/src/install/jetank_description/share/jetank_description/meshes/visual/DRIVER_WHEEL_R_2.stl
[1.410s] -- Up-to-date: /home/ssafy/robot_ws/src/install/jetank_description/share/jetank_description/meshes/visual/MAGNETIC_HOLDER_1.stl
[1.410s] -- Up-to-date: /home/ssafy/robot_ws/src/install/jetank_description/share/jetank_description/meshes/collision_boxes
[1.410s] -- Up-to-date: /home/ssafy/robot_ws/src/install/jetank_description/share/jetank_description/meshes/collision_boxes/SERVO_UPPER_1_box.stl
[1.410s] -- Up-to-date: /home/ssafy/robot_ws/src/install/jetank_description/share/jetank_description/meshes/collision_boxes/FREE_WHEEL_R_1_box.stl
[1.410s] -- Up-to-date: /home/ssafy/robot_ws/src/install/jetank_description/share/jetank_description/meshes/collision_boxes/MAGNETIC_HOLDER_1_box.stl
[1.410s] -- Up-to-date: /home/ssafy/robot_ws/src/install/jetank_description/share/jetank_description/meshes/collision_boxes/ANTENNA_L_1_box.stl
[1.410s] -- Up-to-date: /home/ssafy/robot_ws/src/install/jetank_description/share/jetank_description/meshes/collision_boxes/ARM_MIDDLE_1_box.stl
[1.410s] -- Up-to-date: /home/ssafy/robot_ws/src/install/jetank_description/share/jetank_description/meshes/collision_boxes/CAMERA_box.stl
[1.411s] -- Up-to-date: /home/ssafy/robot_ws/src/install/jetank_description/share/jetank_description/meshes/collision_boxes/ARM_LOW_2_box.stl
[1.411s] -- Up-to-date: /home/ssafy/robot_ws/src/install/jetank_description/share/jetank_description/meshes/collision_boxes/SERVO_LOWER_1_box.stl
[1.411s] -- Up-to-date: /home/ssafy/robot_ws/src/install/jetank_description/share/jetank_description/meshes/collision_boxes/base_link_box.stl
[1.411s] -- Up-to-date: /home/ssafy/robot_ws/src/install/jetank_description/share/jetank_description/meshes/collision_boxes/MAGNETIC_1_box.stl
[1.411s] -- Up-to-date: /home/ssafy/robot_ws/src/install/jetank_description/share/jetank_description/meshes/collision_boxes/CAM_HOLDER_box.stl
[1.411s] -- Up-to-date: /home/ssafy/robot_ws/src/install/jetank_description/share/jetank_description/meshes/collision_boxes/ARM_LOWER_1_box.stl
[1.411s] -- Up-to-date: /home/ssafy/robot_ws/src/install/jetank_description/share/jetank_description/meshes/collision_boxes/DRIVER_WHEEL_R_2_box.stl
[1.411s] -- Up-to-date: /home/ssafy/robot_ws/src/install/jetank_description/share/jetank_description/meshes/collision_boxes/MAGNETIC_BAR_1_box.stl
[1.412s] -- Up-to-date: /home/ssafy/robot_ws/src/install/jetank_description/share/jetank_description/meshes/collision_boxes/DRIVER_WHEEL_L_1_box.stl
[1.413s] -- Up-to-date: /home/ssafy/robot_ws/src/install/jetank_description/share/jetank_description/meshes/collision_boxes/BEARING_1_box.stl
[1.413s] -- Up-to-date: /home/ssafy/robot_ws/src/install/jetank_description/share/jetank_description/meshes/collision_boxes/ANTENNA_R_2_box.stl
[1.413s] -- Up-to-date: /home/ssafy/robot_ws/src/install/jetank_description/share/jetank_description/meshes/collision_boxes/SERVO_TOP_1_box.stl
[1.413s] -- Up-to-date: /home/ssafy/robot_ws/src/install/jetank_description/share/jetank_description/meshes/collision_boxes/FREE_WHEEL_L_1_box.stl
[1.413s] -- Up-to-date: /home/ssafy/robot_ws/src/install/jetank_description/share/jetank_description/meshes/collision_boxes/SERVO_END_1_box.stl
[1.413s] -- Up-to-date: /home/ssafy/robot_ws/src/install/jetank_description/share/jetank_description/meshes/collision
[1.413s] -- Up-to-date: /home/ssafy/robot_ws/src/install/jetank_description/share/jetank_description/meshes/collision/BEARING_1.stl
[1.414s] -- Up-to-date: /home/ssafy/robot_ws/src/install/jetank_description/share/jetank_description/meshes/collision/base_link.stl
[1.414s] -- Up-to-date: /home/ssafy/robot_ws/src/install/jetank_description/share/jetank_description/meshes/collision/ARM_LOWER_1.stl
[1.414s] -- Up-to-date: /home/ssafy/robot_ws/src/install/jetank_description/share/jetank_description/meshes/collision/MAGNETIC_BAR_1.stl
[1.414s] -- Up-to-date: /home/ssafy/robot_ws/src/install/jetank_description/share/jetank_description/meshes/collision/SERVO_END_1.stl
[1.414s] -- Up-to-date: /home/ssafy/robot_ws/src/install/jetank_description/share/jetank_description/meshes/collision/FREE_WHEEL_L_1.stl
[1.414s] -- Up-to-date: /home/ssafy/robot_ws/src/install/jetank_description/share/jetank_description/meshes/collision/CAM_HOLDER.stl
[1.415s] -- Up-to-date: /home/ssafy/robot_ws/src/install/jetank_description/share/jetank_description/meshes/collision/SERVO_TOP_1.stl
[1.415s] -- Up-to-date: /home/ssafy/robot_ws/src/install/jetank_description/share/jetank_description/meshes/collision/SERVO_LOWER_1.stl
[1.415s] -- Up-to-date: /home/ssafy/robot_ws/src/install/jetank_description/share/jetank_description/meshes/collision/ARM_LOW_2.stl
[1.415s] -- Up-to-date: /home/ssafy/robot_ws/src/install/jetank_description/share/jetank_description/meshes/collision/FREE_WHEEL_R_1.stl
[1.415s] -- Up-to-date: /home/ssafy/robot_ws/src/install/jetank_description/share/jetank_description/meshes/collision/MAGNETIC_1.stl
[1.416s] -- Up-to-date: /home/ssafy/robot_ws/src/install/jetank_description/share/jetank_description/meshes/collision/ANTENNA_L_1.stl
[1.416s] -- Up-to-date: /home/ssafy/robot_ws/src/install/jetank_description/share/jetank_description/meshes/collision/DRIVER_WHEEL_L_1.stl
[1.416s] -- Up-to-date: /home/ssafy/robot_ws/src/install/jetank_description/share/jetank_description/meshes/collision/CAMERA.stl
[1.416s] -- Up-to-date: /home/ssafy/robot_ws/src/install/jetank_description/share/jetank_description/meshes/collision/ARM_MIDDLE_1.stl
[1.416s] -- Up-to-date: /home/ssafy/robot_ws/src/install/jetank_description/share/jetank_description/meshes/collision/ANTENNA_R_2.stl
[1.416s] -- Up-to-date: /home/ssafy/robot_ws/src/install/jetank_description/share/jetank_description/meshes/collision/SERVO_UPPER_1.stl
[1.416s] -- Up-to-date: /home/ssafy/robot_ws/src/install/jetank_description/share/jetank_description/meshes/collision/DRIVER_WHEEL_R_2.stl
[1.416s] -- Up-to-date: /home/ssafy/robot_ws/src/install/jetank_description/share/jetank_description/meshes/collision/MAGNETIC_HOLDER_1.stl
[1.417s] -- Up-to-date: /home/ssafy/robot_ws/src/install/jetank_description/share/jetank_description/config
[1.417s] -- Up-to-date: /home/ssafy/robot_ws/src/install/jetank_description/share/jetank_description/config/gz_bridge.yaml
[1.417s] -- Up-to-date: /home/ssafy/robot_ws/src/install/jetank_description/share/jetank_description/config/rc_car_controllers.yaml
[1.417s] -- Up-to-date: /home/ssafy/robot_ws/src/install/jetank_description/share/jetank_description/config/jetank_nav2.yaml
[1.417s] -- Up-to-date: /home/ssafy/robot_ws/src/install/jetank_description/share/jetank_description/config/jetank_controllers.yaml
[1.418s] -- Up-to-date: /home/ssafy/robot_ws/src/install/jetank_description/share/jetank_description/config/gazebo.rviz
[1.418s] -- Up-to-date: /home/ssafy/robot_ws/src/install/jetank_description/share/jetank_description/config/display.rviz
[1.418s] -- Up-to-date: /home/ssafy/robot_ws/src/install/jetank_description/share/jetank_description/scripts
[1.418s] -- Up-to-date: /home/ssafy/robot_ws/src/install/jetank_description/share/jetank_description/scripts/generate_collision_boxes.py
[1.418s] -- Up-to-date: /home/ssafy/robot_ws/src/install/jetank_description/share/jetank_description/scripts/rc_car_pose_tf.py
[1.418s] -- Up-to-date: /home/ssafy/robot_ws/src/install/jetank_description/share/jetank_description/scripts/detach.py
[1.419s] -- Up-to-date: /home/ssafy/robot_ws/src/install/jetank_description/lib/jetank_description/rc_car_pose_tf.py
[1.419s] -- Up-to-date: /home/ssafy/robot_ws/src/install/jetank_description/share/ament_index/resource_index/package_run_dependencies/jetank_description
[1.419s] -- Up-to-date: /home/ssafy/robot_ws/src/install/jetank_description/share/ament_index/resource_index/parent_prefix_path/jetank_description
[1.419s] -- Up-to-date: /home/ssafy/robot_ws/src/install/jetank_description/share/jetank_description/environment/ament_prefix_path.sh
[1.419s] -- Up-to-date: /home/ssafy/robot_ws/src/install/jetank_description/share/jetank_description/environment/ament_prefix_path.dsv
[1.419s] -- Up-to-date: /home/ssafy/robot_ws/src/install/jetank_description/share/jetank_description/environment/path.sh
[1.420s] -- Up-to-date: /home/ssafy/robot_ws/src/install/jetank_description/share/jetank_description/environment/path.dsv
[1.420s] -- Up-to-date: /home/ssafy/robot_ws/src/install/jetank_description/share/jetank_description/local_setup.bash
[1.420s] -- Up-to-date: /home/ssafy/robot_ws/src/install/jetank_description/share/jetank_description/local_setup.sh
[1.420s] -- Up-to-date: /home/ssafy/robot_ws/src/install/jetank_description/share/jetank_description/local_setup.zsh
[1.420s] -- Up-to-date: /home/ssafy/robot_ws/src/install/jetank_description/share/jetank_description/local_setup.dsv
[1.420s] -- Installing: /home/ssafy/robot_ws/src/install/jetank_description/share/jetank_description/package.dsv
[1.420s] -- Up-to-date: /home/ssafy/robot_ws/src/install/jetank_description/share/ament_index/resource_index/packages/jetank_description
[1.420s] -- Up-to-date: /home/ssafy/robot_ws/src/install/jetank_description/share/jetank_description/cmake/jetank_descriptionConfig.cmake
[1.421s] -- Up-to-date: /home/ssafy/robot_ws/src/install/jetank_description/share/jetank_description/cmake/jetank_descriptionConfig-version.cmake
[1.421s] -- Up-to-date: /home/ssafy/robot_ws/src/install/jetank_description/share/jetank_description/package.xml
[1.421s] -- Up-to-date: /home/ssafy/robot_ws/src/install/jetank_description/lib/libconveyor_plugin.so
[1.438s] Invoked command in '/home/ssafy/robot_ws/src/build/jetank_description' returned '0': CMAKE_PREFIX_PATH=${CMAKE_PREFIX_PATH}:/home/ssafy/robot_ws/install/rc_ackermann_joy:/home/ssafy/robot_ws/install/rc_nav2_bringup:/home/ssafy/robot_ws/install/rc_car_test_description:/home/ssafy/robot_ws/install/nav2_remote_goal:/home/ssafy/rtabmap_ws/install/rtabmap_python:/opt/ros/humble /usr/bin/cmake --install /home/ssafy/robot_ws/src/build/jetank_description
