/home/ssafy/robot_ws/src/install/SCSCtrl/lib/python3.10/site-packages/SCSCtrl/__init__.py
/home/ssafy/robot_ws/src/install/SCSCtrl/lib/python3.10/site-packages/SCSCtrl/TTLServo.py
/home/ssafy/robot_ws/src/install/SCSCtrl/lib/python3.10/site-packages/jetbot/__init__.py
/home/ssafy/robot_ws/src/install/SCSCtrl/lib/python3.10/site-packages/jetbot/image.py
/home/ssafy/robot_ws/src/install/SCSCtrl/lib/python3.10/site-packages/jetbot/object_detection.py
/home/ssafy/robot_ws/src/install/SCSCtrl/lib/python3.10/site-packages/jetbot/robot.py
/home/ssafy/robot_ws/src/install/SCSCtrl/lib/python3.10/site-packages/jetbot/heartbeat.py
/home/ssafy/robot_ws/src/install/SCSCtrl/lib/python3.10/site-packages/jetbot/local_controller.py
/home/ssafy/robot_ws/src/install/SCSCtrl/lib/python3.10/site-packages/jetbot/jpeg_encoder.py
/home/ssafy/robot_ws/src/install/SCSCtrl/lib/python3.10/site-packages/jetbot/motor.py
/home/ssafy/robot_ws/src/install/SCSCtrl/lib/python3.10/site-packages/jetbot/tensorrt_model.py
/home/ssafy/robot_ws/src/install/SCSCtrl/lib/python3.10/site-packages/SCSCtrl/scservo_sdk/__init__.py
/home/ssafy/robot_ws/src/install/SCSCtrl/lib/python3.10/site-packages/SCSCtrl/scservo_sdk/packet_handler.py
/home/ssafy/robot_ws/src/install/SCSCtrl/lib/python3.10/site-packages/SCSCtrl/scservo_sdk/group_sync_read.py
/home/ssafy/robot_ws/src/install/SCSCtrl/lib/python3.10/site-packages/SCSCtrl/scservo_sdk/scservo_def.py
/home/ssafy/robot_ws/src/install/SCSCtrl/lib/python3.10/site-packages/SCSCtrl/scservo_sdk/protocol_packet_handler.py
/home/ssafy/robot_ws/src/install/SCSCtrl/lib/python3.10/site-packages/SCSCtrl/scservo_sdk/group_sync_write.py
/home/ssafy/robot_ws/src/install/SCSCtrl/lib/python3.10/site-packages/SCSCtrl/scservo_sdk/port_handler.py
/home/ssafy/robot_ws/src/install/SCSCtrl/lib/python3.10/site-packages/jetbot/apps/__init__.py
/home/ssafy/robot_ws/src/install/SCSCtrl/lib/python3.10/site-packages/jetbot/apps/wander.py
/home/ssafy/robot_ws/src/install/SCSCtrl/lib/python3.10/site-packages/jetbot/apps/stats.py
/home/ssafy/robot_ws/src/install/SCSCtrl/lib/python3.10/site-packages/jetbot/ssd_tensorrt/__init__.py
/home/ssafy/robot_ws/src/install/SCSCtrl/lib/python3.10/site-packages/jetbot/ssd_tensorrt/ssd_tensorrt.py
/home/ssafy/robot_ws/src/install/SCSCtrl/lib/python3.10/site-packages/jetbot/camera/__init__.py
/home/ssafy/robot_ws/src/install/SCSCtrl/lib/python3.10/site-packages/jetbot/camera/opencv_gst_camera.py
/home/ssafy/robot_ws/src/install/SCSCtrl/lib/python3.10/site-packages/jetbot/camera/zmq_camera.py
/home/ssafy/robot_ws/src/install/SCSCtrl/lib/python3.10/site-packages/jetbot/camera/camera_base.py
/home/ssafy/robot_ws/src/install/SCSCtrl/lib/python3.10/site-packages/jetbot/utils/__init__.py
/home/ssafy/robot_ws/src/install/SCSCtrl/lib/python3.10/site-packages/jetbot/utils/utils.py
/home/ssafy/robot_ws/src/install/SCSCtrl/lib/python3.10/site-packages/jetbot/utils/create_jupyter_service.py
/home/ssafy/robot_ws/src/install/SCSCtrl/lib/python3.10/site-packages/jetbot/utils/create_stats_service.py
/home/ssafy/robot_ws/src/install/SCSCtrl/lib/python3.10/site-packages/SCSCtrl/__pycache__/__init__.cpython-310.pyc
/home/ssafy/robot_ws/src/install/SCSCtrl/lib/python3.10/site-packages/SCSCtrl/__pycache__/TTLServo.cpython-310.pyc
/home/ssafy/robot_ws/src/install/SCSCtrl/lib/python3.10/site-packages/jetbot/__pycache__/__init__.cpython-310.pyc
/home/ssafy/robot_ws/src/install/SCSCtrl/lib/python3.10/site-packages/jetbot/__pycache__/image.cpython-310.pyc
/home/ssafy/robot_ws/src/install/SCSCtrl/lib/python3.10/site-packages/jetbot/__pycache__/object_detection.cpython-310.pyc
/home/ssafy/robot_ws/src/install/SCSCtrl/lib/python3.10/site-packages/jetbot/__pycache__/robot.cpython-310.pyc
/home/ssafy/robot_ws/src/install/SCSCtrl/lib/python3.10/site-packages/jetbot/__pycache__/heartbeat.cpython-310.pyc
/home/ssafy/robot_ws/src/install/SCSCtrl/lib/python3.10/site-packages/jetbot/__pycache__/local_controller.cpython-310.pyc
/home/ssafy/robot_ws/src/install/SCSCtrl/lib/python3.10/site-packages/jetbot/__pycache__/jpeg_encoder.cpython-310.pyc
/home/ssafy/robot_ws/src/install/SCSCtrl/lib/python3.10/site-packages/jetbot/__pycache__/motor.cpython-310.pyc
/home/ssafy/robot_ws/src/install/SCSCtrl/lib/python3.10/site-packages/jetbot/__pycache__/tensorrt_model.cpython-310.pyc
/home/ssafy/robot_ws/src/install/SCSCtrl/lib/python3.10/site-packages/SCSCtrl/scservo_sdk/__pycache__/__init__.cpython-310.pyc
/home/ssafy/robot_ws/src/install/SCSCtrl/lib/python3.10/site-packages/SCSCtrl/scservo_sdk/__pycache__/packet_handler.cpython-310.pyc
/home/ssafy/robot_ws/src/install/SCSCtrl/lib/python3.10/site-packages/SCSCtrl/scservo_sdk/__pycache__/group_sync_read.cpython-310.pyc
/home/ssafy/robot_ws/src/install/SCSCtrl/lib/python3.10/site-packages/SCSCtrl/scservo_sdk/__pycache__/scservo_def.cpython-310.pyc
/home/ssafy/robot_ws/src/install/SCSCtrl/lib/python3.10/site-packages/SCSCtrl/scservo_sdk/__pycache__/protocol_packet_handler.cpython-310.pyc
/home/ssafy/robot_ws/src/install/SCSCtrl/lib/python3.10/site-packages/SCSCtrl/scservo_sdk/__pycache__/group_sync_write.cpython-310.pyc
/home/ssafy/robot_ws/src/install/SCSCtrl/lib/python3.10/site-packages/SCSCtrl/scservo_sdk/__pycache__/port_handler.cpython-310.pyc
/home/ssafy/robot_ws/src/install/SCSCtrl/lib/python3.10/site-packages/jetbot/apps/__pycache__/__init__.cpython-310.pyc
/home/ssafy/robot_ws/src/install/SCSCtrl/lib/python3.10/site-packages/jetbot/apps/__pycache__/wander.cpython-310.pyc
/home/ssafy/robot_ws/src/install/SCSCtrl/lib/python3.10/site-packages/jetbot/apps/__pycache__/stats.cpython-310.pyc
/home/ssafy/robot_ws/src/install/SCSCtrl/lib/python3.10/site-packages/jetbot/ssd_tensorrt/__pycache__/__init__.cpython-310.pyc
/home/ssafy/robot_ws/src/install/SCSCtrl/lib/python3.10/site-packages/jetbot/ssd_tensorrt/__pycache__/ssd_tensorrt.cpython-310.pyc
/home/ssafy/robot_ws/src/install/SCSCtrl/lib/python3.10/site-packages/jetbot/camera/__pycache__/__init__.cpython-310.pyc
/home/ssafy/robot_ws/src/install/SCSCtrl/lib/python3.10/site-packages/jetbot/camera/__pycache__/opencv_gst_camera.cpython-310.pyc
/home/ssafy/robot_ws/src/install/SCSCtrl/lib/python3.10/site-packages/jetbot/camera/__pycache__/zmq_camera.cpython-310.pyc
/home/ssafy/robot_ws/src/install/SCSCtrl/lib/python3.10/site-packages/jetbot/camera/__pycache__/camera_base.cpython-310.pyc
/home/ssafy/robot_ws/src/install/SCSCtrl/lib/python3.10/site-packages/jetbot/utils/__pycache__/__init__.cpython-310.pyc
/home/ssafy/robot_ws/src/install/SCSCtrl/lib/python3.10/site-packages/jetbot/utils/__pycache__/utils.cpython-310.pyc
/home/ssafy/robot_ws/src/install/SCSCtrl/lib/python3.10/site-packages/jetbot/utils/__pycache__/create_jupyter_service.cpython-310.pyc
/home/ssafy/robot_ws/src/install/SCSCtrl/lib/python3.10/site-packages/jetbot/utils/__pycache__/create_stats_service.cpython-310.pyc
/home/ssafy/robot_ws/src/install/SCSCtrl/lib/python3.10/site-packages/SCSCtrl-0.0.0-py3.10.egg-info/SOURCES.txt
/home/ssafy/robot_ws/src/install/SCSCtrl/lib/python3.10/site-packages/SCSCtrl-0.0.0-py3.10.egg-info/PKG-INFO
/home/ssafy/robot_ws/src/install/SCSCtrl/lib/python3.10/site-packages/SCSCtrl-0.0.0-py3.10.egg-info/requires.txt
/home/ssafy/robot_ws/src/install/SCSCtrl/lib/python3.10/site-packages/SCSCtrl-0.0.0-py3.10.egg-info/dependency_links.txt
/home/ssafy/robot_ws/src/install/SCSCtrl/lib/python3.10/site-packages/SCSCtrl-0.0.0-py3.10.egg-info/top_level.txt
