/home/ssafy/robot_ws/src/install/rc_nav2_bringup/lib/python3.10/site-packages/rc_nav2_bringup/__init__.py
/home/ssafy/robot_ws/src/install/rc_nav2_bringup/lib/python3.10/site-packages/rc_nav2_bringup/cmd_vel_bridge.py
/home/ssafy/robot_ws/src/install/rc_nav2_bringup/lib/python3.10/site-packages/rc_nav2_bringup/__pycache__/__init__.cpython-310.pyc
/home/ssafy/robot_ws/src/install/rc_nav2_bringup/lib/python3.10/site-packages/rc_nav2_bringup/__pycache__/cmd_vel_bridge.cpython-310.pyc
/home/ssafy/robot_ws/src/install/rc_nav2_bringup/share/ament_index/resource_index/packages/rc_nav2_bringup
/home/ssafy/robot_ws/src/install/rc_nav2_bringup/share/rc_nav2_bringup/package.xml
/home/ssafy/robot_ws/src/install/rc_nav2_bringup/share/rc_nav2_bringup/launch/bringup_all.launch.py
/home/ssafy/robot_ws/src/install/rc_nav2_bringup/share/rc_nav2_bringup/launch/navigation.launch.py
/home/ssafy/robot_ws/src/install/rc_nav2_bringup/share/rc_nav2_bringup/launch/bringup_cartographer.launch.py
/home/ssafy/robot_ws/src/install/rc_nav2_bringup/share/rc_nav2_bringup/launch/bringup_slam_only.launch.py
/home/ssafy/robot_ws/src/install/rc_nav2_bringup/share/rc_nav2_bringup/launch/rf2o.launch.py
/home/ssafy/robot_ws/src/install/rc_nav2_bringup/share/rc_nav2_bringup/launch/amcl.launch.py
/home/ssafy/robot_ws/src/install/rc_nav2_bringup/share/rc_nav2_bringup/config/cartographer_2d.lua
/home/ssafy/robot_ws/src/install/rc_nav2_bringup/share/rc_nav2_bringup/config/simple_nav_to_pose.xml
/home/ssafy/robot_ws/src/install/rc_nav2_bringup/share/rc_nav2_bringup/config/simple_nav_through_poses.xml
/home/ssafy/robot_ws/src/install/rc_nav2_bringup/share/rc_nav2_bringup/config/nav2_params.yaml
/home/ssafy/robot_ws/src/install/rc_nav2_bringup/lib/python3.10/site-packages/rc_nav2_bringup-0.1.0-py3.10.egg-info/SOURCES.txt
/home/ssafy/robot_ws/src/install/rc_nav2_bringup/lib/python3.10/site-packages/rc_nav2_bringup-0.1.0-py3.10.egg-info/zip-safe
/home/ssafy/robot_ws/src/install/rc_nav2_bringup/lib/python3.10/site-packages/rc_nav2_bringup-0.1.0-py3.10.egg-info/PKG-INFO
/home/ssafy/robot_ws/src/install/rc_nav2_bringup/lib/python3.10/site-packages/rc_nav2_bringup-0.1.0-py3.10.egg-info/entry_points.txt
/home/ssafy/robot_ws/src/install/rc_nav2_bringup/lib/python3.10/site-packages/rc_nav2_bringup-0.1.0-py3.10.egg-info/requires.txt
/home/ssafy/robot_ws/src/install/rc_nav2_bringup/lib/python3.10/site-packages/rc_nav2_bringup-0.1.0-py3.10.egg-info/dependency_links.txt
/home/ssafy/robot_ws/src/install/rc_nav2_bringup/lib/python3.10/site-packages/rc_nav2_bringup-0.1.0-py3.10.egg-info/top_level.txt
/home/ssafy/robot_ws/src/install/rc_nav2_bringup/lib/rc_nav2_bringup/cmd_vel_bridge
