running egg_info
creating ../build/nav2_remote_goal/nav2_remote_goal.egg-info
writing ../build/nav2_remote_goal/nav2_remote_goal.egg-info/PKG-INFO
writing dependency_links to ../build/nav2_remote_goal/nav2_remote_goal.egg-info/dependency_links.txt
writing entry points to ../build/nav2_remote_goal/nav2_remote_goal.egg-info/entry_points.txt
writing requirements to ../build/nav2_remote_goal/nav2_remote_goal.egg-info/requires.txt
writing top-level names to ../build/nav2_remote_goal/nav2_remote_goal.egg-info/top_level.txt
writing manifest file '../build/nav2_remote_goal/nav2_remote_goal.egg-info/SOURCES.txt'
reading manifest file '../build/nav2_remote_goal/nav2_remote_goal.egg-info/SOURCES.txt'
writing manifest file '../build/nav2_remote_goal/nav2_remote_goal.egg-info/SOURCES.txt'
running build
running build_py
creating /home/ssafy/robot_ws/src/build/nav2_remote_goal/build
creating /home/ssafy/robot_ws/src/build/nav2_remote_goal/build/lib
creating /home/ssafy/robot_ws/src/build/nav2_remote_goal/build/lib/nav2_remote_goal
copying nav2_remote_goal/__init__.py -> /home/ssafy/robot_ws/src/build/nav2_remote_goal/build/lib/nav2_remote_goal
copying nav2_remote_goal/remote_goal.py -> /home/ssafy/robot_ws/src/build/nav2_remote_goal/build/lib/nav2_remote_goal
running install
warning: build_py: byte-compiling is disabled, skipping.

running install_lib
creating /home/ssafy/robot_ws/src/install/nav2_remote_goal/lib/python3.10/site-packages/nav2_remote_goal
copying /home/ssafy/robot_ws/src/build/nav2_remote_goal/build/lib/nav2_remote_goal/__init__.py -> /home/ssafy/robot_ws/src/install/nav2_remote_goal/lib/python3.10/site-packages/nav2_remote_goal
copying /home/ssafy/robot_ws/src/build/nav2_remote_goal/build/lib/nav2_remote_goal/remote_goal.py -> /home/ssafy/robot_ws/src/install/nav2_remote_goal/lib/python3.10/site-packages/nav2_remote_goal
running install_data
warning: install_lib: byte-compiling is disabled, skipping.

creating /home/ssafy/robot_ws/src/install/nav2_remote_goal/share/ament_index
creating /home/ssafy/robot_ws/src/install/nav2_remote_goal/share/ament_index/resource_index
creating /home/ssafy/robot_ws/src/install/nav2_remote_goal/share/ament_index/resource_index/packages
copying resource/nav2_remote_goal -> /home/ssafy/robot_ws/src/install/nav2_remote_goal/share/ament_index/resource_index/packages
copying package.xml -> /home/ssafy/robot_ws/src/install/nav2_remote_goal/share/nav2_remote_goal
running install_egg_info
Copying ../build/nav2_remote_goal/nav2_remote_goal.egg-info to /home/ssafy/robot_ws/src/install/nav2_remote_goal/lib/python3.10/site-packages/nav2_remote_goal-0.0.0-py3.10.egg-info
running install_scripts
Installing remote_goal script to /home/ssafy/robot_ws/src/install/nav2_remote_goal/lib/nav2_remote_goal
writing list of installed files to '/home/ssafy/robot_ws/src/build/nav2_remote_goal/install.log'
