[1.791s] Invoking command in '/home/ssafy/robot_ws/src/nav2_remote_goal': PYTHONPATH=/home/ssafy/robot_ws/src/build/nav2_remote_goal/prefix_override:/usr/lib/python3/dist-packages/colcon_core/task/python/colcon_distutils_commands:/home/ssafy/robot_ws/src/install/nav2_remote_goal/lib/python3.10/site-packages:${PYTHONPATH} /usr/bin/python3 -W ignore:setup.py install is deprecated -W ignore:easy_install command is deprecated setup.py egg_info --egg-base ../build/nav2_remote_goal build --build-base /home/ssafy/robot_ws/src/build/nav2_remote_goal/build install --record /home/ssafy/robot_ws/src/build/nav2_remote_goal/install.log --single-version-externally-managed install_data
[2.083s] running egg_info
[2.084s] creating ../build/nav2_remote_goal/nav2_remote_goal.egg-info
[2.084s] writing ../build/nav2_remote_goal/nav2_remote_goal.egg-info/PKG-INFO
[2.084s] writing dependency_links to ../build/nav2_remote_goal/nav2_remote_goal.egg-info/dependency_links.txt
[2.085s] writing entry points to ../build/nav2_remote_goal/nav2_remote_goal.egg-info/entry_points.txt
[2.085s] writing requirements to ../build/nav2_remote_goal/nav2_remote_goal.egg-info/requires.txt
[2.085s] writing top-level names to ../build/nav2_remote_goal/nav2_remote_goal.egg-info/top_level.txt
[2.085s] writing manifest file '../build/nav2_remote_goal/nav2_remote_goal.egg-info/SOURCES.txt'
[2.087s] reading manifest file '../build/nav2_remote_goal/nav2_remote_goal.egg-info/SOURCES.txt'
[2.088s] writing manifest file '../build/nav2_remote_goal/nav2_remote_goal.egg-info/SOURCES.txt'
[2.088s] running build
[2.088s] running build_py
[2.089s] creating /home/ssafy/robot_ws/src/build/nav2_remote_goal/build
[2.089s] creating /home/ssafy/robot_ws/src/build/nav2_remote_goal/build/lib
[2.089s] creating /home/ssafy/robot_ws/src/build/nav2_remote_goal/build/lib/nav2_remote_goal
[2.089s] copying nav2_remote_goal/__init__.py -> /home/ssafy/robot_ws/src/build/nav2_remote_goal/build/lib/nav2_remote_goal
[2.089s] copying nav2_remote_goal/remote_goal.py -> /home/ssafy/robot_ws/src/build/nav2_remote_goal/build/lib/nav2_remote_goal
[2.089s] running install
[2.090s] warning: build_py: byte-compiling is disabled, skipping.
[2.090s] 
[2.090s] running install_lib
[2.091s] creating /home/ssafy/robot_ws/src/install/nav2_remote_goal/lib/python3.10/site-packages/nav2_remote_goal
[2.091s] copying /home/ssafy/robot_ws/src/build/nav2_remote_goal/build/lib/nav2_remote_goal/__init__.py -> /home/ssafy/robot_ws/src/install/nav2_remote_goal/lib/python3.10/site-packages/nav2_remote_goal
[2.091s] copying /home/ssafy/robot_ws/src/build/nav2_remote_goal/build/lib/nav2_remote_goal/remote_goal.py -> /home/ssafy/robot_ws/src/install/nav2_remote_goal/lib/python3.10/site-packages/nav2_remote_goal
[2.091s] running install_data
[2.091s] warning: install_lib: byte-compiling is disabled, skipping.
[2.092s] 
[2.092s] creating /home/ssafy/robot_ws/src/install/nav2_remote_goal/share/ament_index
[2.092s] creating /home/ssafy/robot_ws/src/install/nav2_remote_goal/share/ament_index/resource_index
[2.092s] creating /home/ssafy/robot_ws/src/install/nav2_remote_goal/share/ament_index/resource_index/packages
[2.092s] copying resource/nav2_remote_goal -> /home/ssafy/robot_ws/src/install/nav2_remote_goal/share/ament_index/resource_index/packages
[2.092s] copying package.xml -> /home/ssafy/robot_ws/src/install/nav2_remote_goal/share/nav2_remote_goal
[2.092s] running install_egg_info
[2.095s] Copying ../build/nav2_remote_goal/nav2_remote_goal.egg-info to /home/ssafy/robot_ws/src/install/nav2_remote_goal/lib/python3.10/site-packages/nav2_remote_goal-0.0.0-py3.10.egg-info
[2.095s] running install_scripts
[2.120s] Installing remote_goal script to /home/ssafy/robot_ws/src/install/nav2_remote_goal/lib/nav2_remote_goal
[2.120s] writing list of installed files to '/home/ssafy/robot_ws/src/build/nav2_remote_goal/install.log'
[2.148s] Invoked command in '/home/ssafy/robot_ws/src/nav2_remote_goal' returned '0': PYTHONPATH=/home/ssafy/robot_ws/src/build/nav2_remote_goal/prefix_override:/usr/lib/python3/dist-packages/colcon_core/task/python/colcon_distutils_commands:/home/ssafy/robot_ws/src/install/nav2_remote_goal/lib/python3.10/site-packages:${PYTHONPATH} /usr/bin/python3 -W ignore:setup.py install is deprecated -W ignore:easy_install command is deprecated setup.py egg_info --egg-base ../build/nav2_remote_goal build --build-base /home/ssafy/robot_ws/src/build/nav2_remote_goal/build install --record /home/ssafy/robot_ws/src/build/nav2_remote_goal/install.log --single-version-externally-managed install_data
