[0.768s] Invoking command in '/home/ssafy/robot_ws/src/rc_nav2_bringup': AMENT_PREFIX_PATH=/home/ssafy/robot_ws/src/install/rf2o_laser_odometry:${AMENT_PREFIX_PATH} CMAKE_PREFIX_PATH=/home/ssafy/robot_ws/src/install/rf2o_laser_odometry:${CMAKE_PREFIX_PATH} PYTHONPATH=/home/ssafy/robot_ws/src/build/rc_nav2_bringup/prefix_override:/usr/lib/python3/dist-packages/colcon_core/task/python/colcon_distutils_commands:/home/ssafy/robot_ws/src/install/rc_nav2_bringup/lib/python3.10/site-packages:${PYTHONPATH} /usr/bin/python3 -W ignore:setup.py install is deprecated -W ignore:easy_install command is deprecated setup.py egg_info --egg-base ../build/rc_nav2_bringup build --build-base /home/ssafy/robot_ws/src/build/rc_nav2_bringup/build install --record /home/ssafy/robot_ws/src/build/rc_nav2_bringup/install.log --single-version-externally-managed install_data
[1.066s] running egg_info
[1.067s] creating ../build/rc_nav2_bringup/rc_nav2_bringup.egg-info
[1.067s] writing ../build/rc_nav2_bringup/rc_nav2_bringup.egg-info/PKG-INFO
[1.067s] writing dependency_links to ../build/rc_nav2_bringup/rc_nav2_bringup.egg-info/dependency_links.txt
[1.067s] writing entry points to ../build/rc_nav2_bringup/rc_nav2_bringup.egg-info/entry_points.txt
[1.068s] writing requirements to ../build/rc_nav2_bringup/rc_nav2_bringup.egg-info/requires.txt
[1.068s] writing top-level names to ../build/rc_nav2_bringup/rc_nav2_bringup.egg-info/top_level.txt
[1.068s] writing manifest file '../build/rc_nav2_bringup/rc_nav2_bringup.egg-info/SOURCES.txt'
[1.069s] reading manifest file '../build/rc_nav2_bringup/rc_nav2_bringup.egg-info/SOURCES.txt'
[1.070s] writing manifest file '../build/rc_nav2_bringup/rc_nav2_bringup.egg-info/SOURCES.txt'
[1.070s] running build
[1.070s] running build_py
[1.071s] creating /home/ssafy/robot_ws/src/build/rc_nav2_bringup/build
[1.071s] creating /home/ssafy/robot_ws/src/build/rc_nav2_bringup/build/lib
[1.071s] creating /home/ssafy/robot_ws/src/build/rc_nav2_bringup/build/lib/rc_nav2_bringup
[1.071s] copying rc_nav2_bringup/__init__.py -> /home/ssafy/robot_ws/src/build/rc_nav2_bringup/build/lib/rc_nav2_bringup
[1.071s] copying rc_nav2_bringup/cmd_vel_bridge.py -> /home/ssafy/robot_ws/src/build/rc_nav2_bringup/build/lib/rc_nav2_bringup
[1.071s] running install
[1.071s] warning: build_py: byte-compiling is disabled, skipping.
[1.071s] 
[1.071s] running install_lib
[1.072s] creating /home/ssafy/robot_ws/src/install/rc_nav2_bringup/lib/python3.10/site-packages/rc_nav2_bringup
[1.072s] copying /home/ssafy/robot_ws/src/build/rc_nav2_bringup/build/lib/rc_nav2_bringup/__init__.py -> /home/ssafy/robot_ws/src/install/rc_nav2_bringup/lib/python3.10/site-packages/rc_nav2_bringup
[1.072s] copying /home/ssafy/robot_ws/src/build/rc_nav2_bringup/build/lib/rc_nav2_bringup/cmd_vel_bridge.py -> /home/ssafy/robot_ws/src/install/rc_nav2_bringup/lib/python3.10/site-packages/rc_nav2_bringup
[1.072s] running install_data
[1.073s] creating /home/ssafy/robot_ws/src/install/rc_nav2_bringup/share/ament_index
[1.073s] creating /home/ssafy/robot_ws/src/install/rc_nav2_bringup/share/ament_index/resource_index
[1.073s] creating /home/ssafy/robot_ws/src/install/rc_nav2_bringup/share/ament_index/resource_index/packages
[1.073s] copying resource/rc_nav2_bringup -> /home/ssafy/robot_ws/src/install/rc_nav2_bringup/share/ament_index/resource_index/packages
[1.073s] copying package.xml -> /home/ssafy/robot_ws/src/install/rc_nav2_bringup/share/rc_nav2_bringup
[1.073s] warning: install_lib: byte-compiling is disabled, skipping.
[1.073s] 
[1.073s] creating /home/ssafy/robot_ws/src/install/rc_nav2_bringup/share/rc_nav2_bringup/launch
[1.073s] copying launch/bringup_all.launch.py -> /home/ssafy/robot_ws/src/install/rc_nav2_bringup/share/rc_nav2_bringup/launch
[1.073s] copying launch/navigation.launch.py -> /home/ssafy/robot_ws/src/install/rc_nav2_bringup/share/rc_nav2_bringup/launch
[1.073s] copying launch/bringup_cartographer.launch.py -> /home/ssafy/robot_ws/src/install/rc_nav2_bringup/share/rc_nav2_bringup/launch
[1.073s] copying launch/bringup_slam_only.launch.py -> /home/ssafy/robot_ws/src/install/rc_nav2_bringup/share/rc_nav2_bringup/launch
[1.073s] copying launch/rf2o.launch.py -> /home/ssafy/robot_ws/src/install/rc_nav2_bringup/share/rc_nav2_bringup/launch
[1.073s] copying launch/amcl.launch.py -> /home/ssafy/robot_ws/src/install/rc_nav2_bringup/share/rc_nav2_bringup/launch
[1.073s] creating /home/ssafy/robot_ws/src/install/rc_nav2_bringup/share/rc_nav2_bringup/config
[1.074s] copying config/cartographer_2d.lua -> /home/ssafy/robot_ws/src/install/rc_nav2_bringup/share/rc_nav2_bringup/config
[1.074s] copying config/simple_nav_to_pose.xml -> /home/ssafy/robot_ws/src/install/rc_nav2_bringup/share/rc_nav2_bringup/config
[1.074s] copying config/simple_nav_through_poses.xml -> /home/ssafy/robot_ws/src/install/rc_nav2_bringup/share/rc_nav2_bringup/config
[1.074s] copying config/nav2_params.yaml -> /home/ssafy/robot_ws/src/install/rc_nav2_bringup/share/rc_nav2_bringup/config
[1.074s] running install_egg_info
[1.076s] Copying ../build/rc_nav2_bringup/rc_nav2_bringup.egg-info to /home/ssafy/robot_ws/src/install/rc_nav2_bringup/lib/python3.10/site-packages/rc_nav2_bringup-0.1.0-py3.10.egg-info
[1.076s] running install_scripts
[1.101s] Installing cmd_vel_bridge script to /home/ssafy/robot_ws/src/install/rc_nav2_bringup/lib/rc_nav2_bringup
[1.101s] writing list of installed files to '/home/ssafy/robot_ws/src/build/rc_nav2_bringup/install.log'
[1.129s] Invoked command in '/home/ssafy/robot_ws/src/rc_nav2_bringup' returned '0': AMENT_PREFIX_PATH=/home/ssafy/robot_ws/src/install/rf2o_laser_odometry:${AMENT_PREFIX_PATH} CMAKE_PREFIX_PATH=/home/ssafy/robot_ws/src/install/rf2o_laser_odometry:${CMAKE_PREFIX_PATH} PYTHONPATH=/home/ssafy/robot_ws/src/build/rc_nav2_bringup/prefix_override:/usr/lib/python3/dist-packages/colcon_core/task/python/colcon_distutils_commands:/home/ssafy/robot_ws/src/install/rc_nav2_bringup/lib/python3.10/site-packages:${PYTHONPATH} /usr/bin/python3 -W ignore:setup.py install is deprecated -W ignore:easy_install command is deprecated setup.py egg_info --egg-base ../build/rc_nav2_bringup build --build-base /home/ssafy/robot_ws/src/build/rc_nav2_bringup/build install --record /home/ssafy/robot_ws/src/build/rc_nav2_bringup/install.log --single-version-externally-managed install_data
