running egg_info
writing ../build/nav2_remote_goal/nav2_remote_goal.egg-info/PKG-INFO
writing dependency_links to ../build/nav2_remote_goal/nav2_remote_goal.egg-info/dependency_links.txt
writing entry points to ../build/nav2_remote_goal/nav2_remote_goal.egg-info/entry_points.txt
writing requirements to ../build/nav2_remote_goal/nav2_remote_goal.egg-info/requires.txt
writing top-level names to ../build/nav2_remote_goal/nav2_remote_goal.egg-info/top_level.txt
reading manifest file '../build/nav2_remote_goal/nav2_remote_goal.egg-info/SOURCES.txt'
writing manifest file '../build/nav2_remote_goal/nav2_remote_goal.egg-info/SOURCES.txt'
running build
running build_py
warning: build_py: byte-compiling is disabled, skipping.

running install
running install_lib
running install_data
warning: install_lib: byte-compiling is disabled, skipping.

running install_egg_info
removing '/home/ssafy/robot_ws/src/install/nav2_remote_goal/lib/python3.10/site-packages/nav2_remote_goal-0.0.0-py3.10.egg-info' (and everything under it)
Copying ../build/nav2_remote_goal/nav2_remote_goal.egg-info to /home/ssafy/robot_ws/src/install/nav2_remote_goal/lib/python3.10/site-packages/nav2_remote_goal-0.0.0-py3.10.egg-info
running install_scripts
Installing remote_goal script to /home/ssafy/robot_ws/src/install/nav2_remote_goal/lib/nav2_remote_goal
writing list of installed files to '/home/ssafy/robot_ws/src/build/nav2_remote_goal/install.log'
