[1.834s] Invoking command in '/home/ssafy/robot_ws/src/nav2_remote_goal': PYTHONPATH=/home/ssafy/robot_ws/src/build/nav2_remote_goal/prefix_override:/usr/lib/python3/dist-packages/colcon_core/task/python/colcon_distutils_commands:/home/ssafy/robot_ws/src/install/nav2_remote_goal/lib/python3.10/site-packages:${PYTHONPATH} /usr/bin/python3 -W ignore:setup.py install is deprecated -W ignore:easy_install command is deprecated setup.py egg_info --egg-base ../build/nav2_remote_goal build --build-base /home/ssafy/robot_ws/src/build/nav2_remote_goal/build install --record /home/ssafy/robot_ws/src/build/nav2_remote_goal/install.log --single-version-externally-managed install_data
[2.138s] running egg_info
[2.139s] writing ../build/nav2_remote_goal/nav2_remote_goal.egg-info/PKG-INFO
[2.139s] writing dependency_links to ../build/nav2_remote_goal/nav2_remote_goal.egg-info/dependency_links.txt
[2.140s] writing entry points to ../build/nav2_remote_goal/nav2_remote_goal.egg-info/entry_points.txt
[2.140s] writing requirements to ../build/nav2_remote_goal/nav2_remote_goal.egg-info/requires.txt
[2.140s] writing top-level names to ../build/nav2_remote_goal/nav2_remote_goal.egg-info/top_level.txt
[2.142s] reading manifest file '../build/nav2_remote_goal/nav2_remote_goal.egg-info/SOURCES.txt'
[2.143s] writing manifest file '../build/nav2_remote_goal/nav2_remote_goal.egg-info/SOURCES.txt'
[2.143s] running build
[2.143s] running build_py
[2.143s] warning: build_py: byte-compiling is disabled, skipping.
[2.144s] 
[2.144s] running install
[2.144s] running install_lib
[2.145s] running install_data
[2.145s] warning: install_lib: byte-compiling is disabled, skipping.
[2.145s] 
[2.145s] running install_egg_info
[2.147s] removing '/home/ssafy/robot_ws/src/install/nav2_remote_goal/lib/python3.10/site-packages/nav2_remote_goal-0.0.0-py3.10.egg-info' (and everything under it)
[2.147s] Copying ../build/nav2_remote_goal/nav2_remote_goal.egg-info to /home/ssafy/robot_ws/src/install/nav2_remote_goal/lib/python3.10/site-packages/nav2_remote_goal-0.0.0-py3.10.egg-info
[2.148s] running install_scripts
[2.172s] Installing remote_goal script to /home/ssafy/robot_ws/src/install/nav2_remote_goal/lib/nav2_remote_goal
[2.173s] writing list of installed files to '/home/ssafy/robot_ws/src/build/nav2_remote_goal/install.log'
[2.200s] Invoked command in '/home/ssafy/robot_ws/src/nav2_remote_goal' returned '0': PYTHONPATH=/home/ssafy/robot_ws/src/build/nav2_remote_goal/prefix_override:/usr/lib/python3/dist-packages/colcon_core/task/python/colcon_distutils_commands:/home/ssafy/robot_ws/src/install/nav2_remote_goal/lib/python3.10/site-packages:${PYTHONPATH} /usr/bin/python3 -W ignore:setup.py install is deprecated -W ignore:easy_install command is deprecated setup.py egg_info --egg-base ../build/nav2_remote_goal build --build-base /home/ssafy/robot_ws/src/build/nav2_remote_goal/build install --record /home/ssafy/robot_ws/src/build/nav2_remote_goal/install.log --single-version-externally-managed install_data
